Bond order cutoff:0.3000
Iteration Freq. Molecular formula               Molecular mass
       0   2 x  C                                     12.0000
 Total number of molecules:           2
 Total number of atoms:           2
 Total system mass:   24.000000000000000     
Bond order cutoff:0.3000
Iteration Freq. Molecular formula               Molecular mass
       0   2 x  C                                     12.0000
 Total number of molecules:           2
 Total number of atoms:           2
 Total system mass:   24.000000000000000     
Bond order cutoff:0.3000
Iteration Freq. Molecular formula               Molecular mass
       0   4 x  C                                     12.0000
 Total number of molecules:           4
 Total number of atoms:           4
 Total system mass:   48.000000000000000     
Bond order cutoff:0.3000
Iteration Freq. Molecular formula               Molecular mass
       0   4 x  C                                     12.0000
 Total number of molecules:           4
 Total number of atoms:           4
 Total system mass:   48.000000000000000     
Bond order cutoff:0.3000
Iteration Freq. Molecular formula               Molecular mass
       0   4 x  C                                     12.0000
 Total number of molecules:           4
 Total number of atoms:           4
 Total system mass:   48.000000000000000     
Bond order cutoff:0.3000
Iteration Freq. Molecular formula               Molecular mass
       0   4 x  C                                     12.0000
 Total number of molecules:           4
 Total number of atoms:           4
 Total system mass:   48.000000000000000     
Bond order cutoff:0.3000
Iteration Freq. Molecular formula               Molecular mass
       0   4 x  C                                     12.0000
 Total number of molecules:           4
 Total number of atoms:           4
 Total system mass:   48.000000000000000     
Bond order cutoff:0.3000
Iteration Freq. Molecular formula               Molecular mass
       0   4 x  C                                     12.0000
 Total number of molecules:           4
 Total number of atoms:           4
 Total system mass:   48.000000000000000     
Bond order cutoff:0.3000
Iteration Freq. Molecular formula               Molecular mass
       0   4 x  C                                     12.0000
 Total number of molecules:           4
 Total number of atoms:           4
 Total system mass:   48.000000000000000     
Bond order cutoff:0.3000
Iteration Freq. Molecular formula               Molecular mass
       0   4 x  C                                     12.0000
 Total number of molecules:           4
 Total number of atoms:           4
 Total system mass:   48.000000000000000     
Bond order cutoff:0.3000
Iteration Freq. Molecular formula               Molecular mass
       0   4 x  C                                     12.0000
 Total number of molecules:           4
 Total number of atoms:           4
 Total system mass:   48.000000000000000     
Bond order cutoff:0.3000
Iteration Freq. Molecular formula               Molecular mass
       0   4 x  C                                     12.0000
 Total number of molecules:           4
 Total number of atoms:           4
 Total system mass:   48.000000000000000     
Bond order cutoff:0.3000
Iteration Freq. Molecular formula               Molecular mass
       0   4 x  C                                     12.0000
 Total number of molecules:           4
 Total number of atoms:           4
 Total system mass:   48.000000000000000     
Bond order cutoff:0.3000
Iteration Freq. Molecular formula               Molecular mass
       0   4 x  C                                     12.0000
 Total number of molecules:           4
 Total number of atoms:           4
 Total system mass:   48.000000000000000     
Bond order cutoff:0.3000
Iteration Freq. Molecular formula               Molecular mass
       0   4 x  C                                     12.0000
 Total number of molecules:           4
 Total number of atoms:           4
 Total system mass:   48.000000000000000     
Bond order cutoff:0.3000
Iteration Freq. Molecular formula               Molecular mass
       0   4 x  C                                     12.0000
 Total number of molecules:           4
 Total number of atoms:           4
 Total system mass:   48.000000000000000     
Bond order cutoff:0.3000
Iteration Freq. Molecular formula               Molecular mass
       0   4 x  C                                     12.0000
 Total number of molecules:           4
 Total number of atoms:           4
 Total system mass:   48.000000000000000     
Bond order cutoff:0.3000
Iteration Freq. Molecular formula               Molecular mass
       0   4 x  C                                     12.0000
 Total number of molecules:           4
 Total number of atoms:           4
 Total system mass:   48.000000000000000     
Bond order cutoff:0.3000
Iteration Freq. Molecular formula               Molecular mass
       0   2 x  C2                                    24.0000
 Total number of molecules:           2
 Total number of atoms:           4
 Total system mass:   48.000000000000000     
Bond order cutoff:0.3000
Iteration Freq. Molecular formula               Molecular mass
       0   2 x  C2                                    24.0000
 Total number of molecules:           2
 Total number of atoms:           4
 Total system mass:   48.000000000000000     
Bond order cutoff:0.3000
Iteration Freq. Molecular formula               Molecular mass
       0   2 x  C2                                    24.0000
 Total number of molecules:           2
 Total number of atoms:           4
 Total system mass:   48.000000000000000     
Bond order cutoff:0.3000
Iteration Freq. Molecular formula               Molecular mass
       0   2 x  C2                                    24.0000
 Total number of molecules:           2
 Total number of atoms:           4
 Total system mass:   48.000000000000000     
Bond order cutoff:0.3000
Iteration Freq. Molecular formula               Molecular mass
       0   2 x  C2                                    24.0000
 Total number of molecules:           2
 Total number of atoms:           4
 Total system mass:   48.000000000000000     
Bond order cutoff:0.3000
Iteration Freq. Molecular formula               Molecular mass
       0   2 x  C2                                    24.0000
 Total number of molecules:           2
 Total number of atoms:           4
 Total system mass:   48.000000000000000     
Bond order cutoff:0.3000
Iteration Freq. Molecular formula               Molecular mass
       0   2 x  C2                                    24.0000
 Total number of molecules:           2
 Total number of atoms:           4
 Total system mass:   48.000000000000000     
Bond order cutoff:0.3000
Iteration Freq. Molecular formula               Molecular mass
       0   2 x  C2                                    24.0000
 Total number of molecules:           2
 Total number of atoms:           4
 Total system mass:   48.000000000000000     
Bond order cutoff:0.3000
Iteration Freq. Molecular formula               Molecular mass
       0   2 x  C2                                    24.0000
 Total number of molecules:           2
 Total number of atoms:           4
 Total system mass:   48.000000000000000     
Bond order cutoff:0.3000
Iteration Freq. Molecular formula               Molecular mass
       0   2 x  C2                                    24.0000
 Total number of molecules:           2
 Total number of atoms:           4
 Total system mass:   48.000000000000000     
Bond order cutoff:0.3000
Iteration Freq. Molecular formula               Molecular mass
       0   2 x  C2                                    24.0000
 Total number of molecules:           2
 Total number of atoms:           4
 Total system mass:   48.000000000000000     
Bond order cutoff:0.3000
Iteration Freq. Molecular formula               Molecular mass
       0   2 x  C2                                    24.0000
 Total number of molecules:           2
 Total number of atoms:           4
 Total system mass:   48.000000000000000     
Bond order cutoff:0.3000
Iteration Freq. Molecular formula               Molecular mass
       0   2 x  C2                                    24.0000
 Total number of molecules:           2
 Total number of atoms:           4
 Total system mass:   48.000000000000000     
Bond order cutoff:0.3000
Iteration Freq. Molecular formula               Molecular mass
       0   2 x  C2                                    24.0000
 Total number of molecules:           2
 Total number of atoms:           4
 Total system mass:   48.000000000000000     
