Wed Oct 10 09:41:22 PDT 2001
Wed Oct 10 10:11:11 PDT 2001
Wed Oct 10 10:12:19 PDT 2001
Wed Oct 10 10:14:23 PDT 2001
Wed Oct 10 10:36:40 PDT 2001
Wed Oct 10 10:42:55 PDT 2001
Wed Oct 10 10:43:38 PDT 2001
Wed Oct 10 10:43:59 PDT 2001
Wed Oct 10 10:44:29 PDT 2001
Wed Oct 10 10:45:53 PDT 2001
Wed Oct 10 10:46:52 PDT 2001
Wed Oct 10 10:47:33 PDT 2001
Wed Oct 10 10:48:39 PDT 2001
Wed Oct 10 10:56:07 PDT 2001
Wed Oct 10 10:56:36 PDT 2001
Wed Oct 10 10:59:07 PDT 2001
Wed Oct 10 10:59:46 PDT 2001
Wed Oct 10 11:00:50 PDT 2001
Wed Oct 10 11:04:39 PDT 2001
Wed Oct 10 11:05:36 PDT 2001
Wed Oct 10 11:18:11 PDT 2001
Wed Oct 10 11:21:20 PDT 2001
Wed Oct 10 11:23:47 PDT 2001
Wed Oct 10 11:30:21 PDT 2001
Wed Oct 10 11:45:57 PDT 2001
Wed Oct 10 11:48:08 PDT 2001
Wed Oct 10 11:49:28 PDT 2001
Wed Oct 10 11:50:56 PDT 2001
Wed Oct 10 11:52:22 PDT 2001
Wed Oct 10 11:53:29 PDT 2001
Wed Oct 10 11:55:51 PDT 2001
Wed Oct 10 11:58:43 PDT 2001
Wed Oct 10 12:00:21 PDT 2001
Wed Oct 10 12:01:31 PDT 2001
Wed Oct 10 12:03:36 PDT 2001
Wed Oct 10 12:06:49 PDT 2001
Wed Oct 10 13:42:52 PDT 2001
Wed Oct 10 13:45:43 PDT 2001
Wed Oct 10 13:47:58 PDT 2001
Wed Oct 10 13:51:24 PDT 2001
Wed Oct 10 22:00:37 BST 2001
Wed Oct 10 22:01:29 BST 2001
Wed Oct 10 22:06:32 BST 2001
Wed Oct 10 22:08:18 BST 2001
Wed Oct 10 22:09:54 BST 2001
Wed Oct 10 22:33:29 BST 2001
Wed Oct 10 22:43:03 BST 2001
Mon Oct 15 18:40:25 BST 2001
Mon Oct 15 23:33:46 BST 2001
Mon Oct 15 23:34:29 BST 2001
Mon Oct 15 23:38:49 BST 2001
Mon Oct 15 23:39:28 BST 2001
Mon Oct 15 23:40:06 BST 2001
Mon Oct 15 23:41:05 BST 2001
Mon Oct 15 23:41:52 BST 2001
Mon Oct 15 23:42:25 BST 2001
Mon Oct 15 23:42:43 BST 2001
Mon Oct 15 23:42:58 BST 2001
Mon Oct 15 23:43:22 BST 2001
Mon Oct 15 23:43:47 BST 2001
Mon Oct 15 23:44:28 BST 2001
Mon Oct 15 23:48:44 BST 2001
Mon Oct 15 23:56:13 BST 2001
Tue Oct 16 00:08:05 BST 2001
Tue Oct 16 23:18:43 BST 2001
Tue Oct 16 23:25:49 BST 2001
Tue Oct 16 23:26:07 BST 2001
Tue Oct 16 23:28:05 BST 2001
Tue Oct 16 23:30:12 BST 2001
Tue Oct 16 23:49:27 BST 2001
Tue Oct 16 23:50:29 BST 2001
Tue Oct 16 23:52:42 BST 2001
Wed Oct 17 17:30:35 BST 2001
Wed Oct 17 17:36:05 BST 2001
Wed Oct 17 17:37:25 BST 2001
Wed Oct 17 17:44:37 BST 2001
Wed Oct 17 17:48:45 BST 2001
Wed Oct 17 17:49:07 BST 2001
Wed Oct 17 17:57:26 BST 2001
Wed Oct 17 17:58:13 BST 2001
Wed Oct 17 18:44:59 BST 2001
Wed Oct 17 22:44:55 BST 2001
Thu Oct 18 19:51:40 BST 2001
Thu Oct 18 21:36:44 BST 2001
Thu Oct 18 21:38:28 BST 2001
Thu Oct 18 21:46:17 BST 2001
Thu Oct 18 21:47:25 BST 2001
Thu Oct 18 21:48:22 BST 2001
Thu Oct 18 21:48:55 BST 2001
Thu Oct 18 22:07:00 BST 2001
Thu Oct 18 22:07:21 BST 2001
Thu Oct 18 22:08:35 BST 2001
Thu Oct 18 22:09:37 BST 2001
Thu Oct 18 22:11:02 BST 2001
Thu Oct 18 22:17:34 BST 2001
Thu Oct 18 22:46:20 BST 2001
Thu Oct 18 23:01:25 BST 2001
Thu Oct 18 23:14:41 BST 2001
Thu Oct 18 23:19:17 BST 2001
Thu Oct 18 23:20:35 BST 2001
Fri Oct 19 03:38:46 BST 2001
Fri Oct 19 03:42:19 BST 2001
Fri Oct 19 20:29:00 BST 2001
Fri Oct 19 20:30:53 BST 2001
Fri Oct 19 22:38:34 BST 2001
Sat Oct 20 03:52:57 BST 2001
Sun Oct 21 20:44:50 BST 2001
Sun Oct 21 21:15:29 BST 2001
Sun Oct 21 21:23:54 BST 2001
Sun Oct 21 21:33:54 BST 2001
Sun Oct 21 21:35:29 BST 2001
Sun Oct 21 21:50:55 BST 2001
Sun Oct 21 22:11:43 BST 2001
Sun Oct 21 22:13:04 BST 2001
Sun Oct 21 22:19:54 BST 2001
Sun Oct 21 22:27:43 BST 2001
Sun Oct 21 22:37:15 BST 2001
Sun Oct 21 22:39:18 BST 2001
Sun Oct 21 23:19:10 BST 2001
Mon Oct 22 21:35:49 BST 2001
Mon Oct 22 21:38:46 BST 2001
Mon Oct 22 21:43:11 BST 2001
Mon Oct 22 21:44:25 BST 2001
Mon Oct 22 21:45:39 BST 2001
Tue Oct 23 04:02:53 BST 2001
Tue Oct 23 04:04:46 BST 2001
Tue Oct 23 18:11:45 BST 2001
Tue Oct 23 19:29:09 BST 2001
Wed Oct 24 16:37:54 BST 2001
Wed Oct 24 19:12:49 BST 2001
Wed Oct 24 19:19:32 BST 2001
Wed Oct 24 19:27:45 BST 2001
Wed Oct 24 19:34:39 BST 2001
Wed Oct 24 19:53:35 BST 2001
Wed Oct 24 22:00:39 BST 2001
Wed Oct 24 22:11:46 BST 2001
Wed Oct 24 22:13:04 BST 2001
Wed Oct 24 22:22:16 BST 2001
Wed Oct 24 22:24:50 BST 2001
Wed Oct 24 22:29:33 BST 2001
Wed Oct 24 22:31:48 BST 2001
Wed Oct 24 22:34:30 BST 2001
Wed Oct 24 22:39:40 BST 2001
Wed Oct 24 22:41:23 BST 2001
Wed Oct 24 22:42:33 BST 2001
Wed Oct 24 22:45:49 BST 2001
Wed Oct 24 22:51:15 BST 2001
Wed Oct 24 23:03:54 BST 2001
Wed Oct 24 23:06:14 BST 2001
Wed Oct 24 23:07:53 BST 2001
Wed Oct 24 23:11:59 BST 2001
Wed Oct 24 23:32:41 BST 2001
Wed Oct 24 23:53:40 BST 2001
Thu Oct 25 00:00:33 BST 2001
Thu Oct 25 00:51:09 BST 2001
Thu Oct 25 00:59:20 BST 2001
Thu Oct 25 19:08:41 BST 2001
Thu Oct 25 19:49:22 BST 2001
Fri Oct 26 03:32:25 BST 2001
Fri Oct 26 03:34:56 BST 2001
Fri Oct 26 03:40:02 BST 2001
Fri Oct 26 03:50:11 BST 2001
Fri Oct 26 03:55:55 BST 2001
Fri Oct 26 04:09:34 BST 2001
Fri Oct 26 04:11:21 BST 2001
Fri Oct 26 17:21:47 BST 2001
Sat Oct 27 01:18:13 BST 2001
Sat Oct 27 01:20:14 BST 2001
Sun Oct 28 23:38:16 GMT 2001
Mon Oct 29 00:35:19 GMT 2001
Mon Oct 29 00:43:31 GMT 2001
Mon Oct 29 00:45:46 GMT 2001
Mon Oct 29 00:47:40 GMT 2001
Mon Oct 29 18:15:55 GMT 2001
Tue Oct 30 00:37:39 GMT 2001
Tue Oct 30 00:48:09 GMT 2001
Tue Oct 30 01:37:00 GMT 2001
Tue Oct 30 04:19:42 GMT 2001
Tue Oct 30 17:29:57 GMT 2001
Wed Oct 31 01:54:36 GMT 2001
Wed Oct 31 01:55:46 GMT 2001
Wed Oct 31 22:17:43 GMT 2001
Thu Nov  1 03:23:05 GMT 2001
Thu Nov  1 05:32:03 GMT 2001
Thu Nov  1 21:49:15 GMT 2001
Thu Nov  1 21:56:26 GMT 2001
Thu Nov  1 22:05:27 GMT 2001
Thu Nov  1 22:06:34 GMT 2001
Thu Nov  1 22:10:14 GMT 2001
Thu Nov  1 22:10:51 GMT 2001
Thu Nov  1 22:13:30 GMT 2001
Fri Nov  2 19:49:47 GMT 2001
Tue Nov  6 01:16:12 GMT 2001
Tue Nov  6 01:30:48 GMT 2001
Tue Nov  6 01:32:18 GMT 2001
Tue Nov  6 04:45:01 GMT 2001
Tue Nov  6 04:47:20 GMT 2001
Tue Nov  6 18:05:51 GMT 2001
Tue Nov  6 18:16:11 GMT 2001
Tue Nov  6 18:57:52 GMT 2001
Tue Nov  6 19:28:27 GMT 2001
Tue Nov  6 19:30:46 GMT 2001
Tue Nov  6 19:31:44 GMT 2001
Tue Nov  6 19:32:26 GMT 2001
Tue Nov  6 19:56:13 GMT 2001
Tue Nov  6 22:32:03 GMT 2001
Tue Nov  6 22:36:42 GMT 2001
Tue Nov  6 23:03:41 GMT 2001
Tue Nov  6 23:44:58 GMT 2001
Wed Nov  7 00:04:22 GMT 2001
Wed Nov  7 00:05:34 GMT 2001
Wed Nov  7 00:08:04 GMT 2001
Wed Nov  7 00:08:33 GMT 2001
Wed Nov  7 00:10:33 GMT 2001
Wed Nov  7 00:13:21 GMT 2001
Wed Nov  7 00:34:02 GMT 2001
Wed Nov  7 00:40:08 GMT 2001
Wed Nov  7 00:41:28 GMT 2001
Wed Nov  7 00:52:21 GMT 2001
Wed Nov  7 00:53:46 GMT 2001
Wed Nov  7 00:58:33 GMT 2001
Wed Nov  7 01:02:00 GMT 2001
Wed Nov  7 01:03:20 GMT 2001
Wed Nov  7 01:09:04 GMT 2001
Wed Nov  7 01:11:42 GMT 2001
Wed Nov  7 01:21:54 GMT 2001
Wed Nov  7 01:22:22 GMT 2001
Wed Nov  7 20:22:57 GMT 2001
Wed Nov  7 20:25:47 GMT 2001
Wed Nov  7 20:55:35 GMT 2001
Thu Nov  8 03:03:47 GMT 2001
Thu Nov  8 03:11:10 GMT 2001
Thu Nov  8 03:16:56 GMT 2001
Thu Nov  8 03:28:38 GMT 2001
Thu Nov  8 03:30:42 GMT 2001
Thu Nov  8 03:35:13 GMT 2001
Thu Nov  8 04:10:48 GMT 2001
Thu Nov  8 04:25:09 GMT 2001
Thu Nov  8 04:30:04 GMT 2001
Thu Nov  8 21:41:26 GMT 2001
Thu Nov  8 22:03:55 GMT 2001
Thu Nov  8 22:31:20 GMT 2001
Thu Nov  8 22:53:03 GMT 2001
Thu Nov  8 23:14:12 GMT 2001
Thu Nov  8 23:23:10 GMT 2001
Thu Nov  8 23:24:39 GMT 2001
Fri Nov  9 00:07:28 GMT 2001
Fri Nov  9 00:12:07 GMT 2001
Fri Nov  9 00:50:52 GMT 2001
Fri Nov  9 00:53:35 GMT 2001
Fri Nov  9 01:11:55 GMT 2001
Fri Nov  9 18:35:59 GMT 2001
Fri Nov  9 19:12:55 GMT 2001
Fri Nov  9 19:55:17 GMT 2001
Fri Nov  9 20:08:19 GMT 2001
Fri Nov  9 20:11:02 GMT 2001
Fri Nov  9 20:13:32 GMT 2001
Sat Nov 10 01:24:52 GMT 2001
Sat Nov 10 01:25:05 GMT 2001
Sat Nov 10 01:26:13 GMT 2001
Sat Nov 10 06:53:27 GMT 2001
Sat Nov 10 19:56:32 GMT 2001
Sat Nov 10 19:58:51 GMT 2001
Sat Nov 10 20:11:19 GMT 2001
Sat Nov 10 20:17:56 GMT 2001
Sat Nov 10 20:22:54 GMT 2001
Sat Nov 10 20:25:56 GMT 2001
Sat Nov 10 20:29:22 GMT 2001
Sat Nov 10 20:42:27 GMT 2001
Sat Nov 10 20:43:39 GMT 2001
Sat Nov 10 20:45:02 GMT 2001
Sat Nov 10 20:54:33 GMT 2001
Sat Nov 10 20:58:24 GMT 2001
Sat Nov 10 21:05:17 GMT 2001
Sat Nov 10 21:08:12 GMT 2001
Sat Nov 10 21:08:50 GMT 2001
Sat Nov 10 21:15:44 GMT 2001
Sat Nov 10 21:58:27 GMT 2001
Sat Nov 10 21:59:18 GMT 2001
Sat Nov 10 22:02:49 GMT 2001
Sat Nov 10 22:03:52 GMT 2001
Sat Nov 10 22:07:02 GMT 2001
Sat Nov 10 22:11:03 GMT 2001
Sat Nov 10 22:12:08 GMT 2001
Sat Nov 10 22:13:18 GMT 2001
Sat Nov 10 22:18:54 GMT 2001
Sat Nov 10 22:20:25 GMT 2001
Sat Nov 10 22:21:57 GMT 2001
Sun Nov 11 01:07:30 GMT 2001
Sun Nov 11 01:08:43 GMT 2001
Sun Nov 11 01:10:25 GMT 2001
Sun Nov 11 01:12:05 GMT 2001
Sun Nov 11 01:14:31 GMT 2001
Sun Nov 11 01:22:45 GMT 2001
Sun Nov 11 01:23:13 GMT 2001
Sun Nov 11 01:32:18 GMT 2001
Sun Nov 11 01:42:05 GMT 2001
Sun Nov 11 01:42:55 GMT 2001
Sun Nov 11 01:43:54 GMT 2001
Sun Nov 11 01:44:05 GMT 2001
Sun Nov 11 01:45:30 GMT 2001
Sun Nov 11 01:46:29 GMT 2001
Sun Nov 11 01:54:39 GMT 2001
Sun Nov 11 01:56:44 GMT 2001
Sun Nov 11 02:28:34 GMT 2001
Sun Nov 11 02:59:44 GMT 2001
Sun Nov 11 05:19:06 GMT 2001
Sun Nov 11 05:22:32 GMT 2001
Sun Nov 11 05:24:22 GMT 2001
Sun Nov 11 05:28:15 GMT 2001
Sun Nov 11 05:36:06 GMT 2001
Sun Nov 11 05:45:11 GMT 2001
Sun Nov 11 05:48:13 GMT 2001
Sun Nov 11 09:07:28 GMT 2001
Sun Nov 11 09:44:12 GMT 2001
Sun Nov 11 09:50:03 GMT 2001
Sun Nov 11 09:59:29 GMT 2001
Sun Nov 11 10:04:29 GMT 2001
Sun Nov 11 10:05:11 GMT 2001
Sun Nov 11 10:29:28 GMT 2001
Sun Nov 11 19:26:58 GMT 2001
Sun Nov 11 19:27:41 GMT 2001
Sun Nov 11 20:12:26 GMT 2001
Sun Nov 11 20:13:10 GMT 2001
Sun Nov 11 20:18:55 GMT 2001
Sun Nov 11 20:20:59 GMT 2001
Sun Nov 11 20:22:24 GMT 2001
Sun Nov 11 20:27:26 GMT 2001
Mon Nov 12 00:05:02 GMT 2001
Mon Nov 12 00:10:15 GMT 2001
Mon Nov 12 00:12:43 GMT 2001
Mon Nov 12 00:16:16 GMT 2001
Tue Nov 13 23:32:38 GMT 2001
Tue Nov 13 23:40:52 GMT 2001
Tue Nov 13 23:43:30 GMT 2001
Wed Nov 14 03:42:47 GMT 2001
Wed Nov 14 03:44:09 GMT 2001
Wed Nov 14 03:47:47 GMT 2001
Wed Nov 14 03:48:38 GMT 2001
Wed Nov 14 03:49:37 GMT 2001
Wed Nov 14 03:57:20 GMT 2001
Wed Nov 14 03:59:07 GMT 2001
Wed Nov 14 03:59:36 GMT 2001
Wed Nov 14 04:00:00 GMT 2001
Wed Nov 14 04:03:02 GMT 2001
Wed Nov 14 04:05:31 GMT 2001
Wed Nov 14 04:05:55 GMT 2001
Wed Nov 14 06:37:39 GMT 2001
Wed Nov 14 06:55:54 GMT 2001
Wed Nov 14 06:58:45 GMT 2001
Wed Nov 14 07:03:56 GMT 2001
Wed Nov 14 07:05:15 GMT 2001
Wed Nov 14 07:05:54 GMT 2001
Wed Nov 14 07:07:15 GMT 2001
Wed Nov 14 07:23:04 GMT 2001
Wed Nov 14 07:25:59 GMT 2001
Wed Nov 14 19:19:04 GMT 2001
Wed Nov 14 19:32:52 GMT 2001
Wed Nov 14 19:34:48 GMT 2001
Wed Nov 14 19:42:38 GMT 2001
Wed Nov 14 20:03:52 GMT 2001
Wed Nov 14 20:04:52 GMT 2001
Wed Nov 14 20:43:57 GMT 2001
Wed Nov 14 20:46:25 GMT 2001
Wed Nov 14 23:58:09 GMT 2001
Thu Nov 15 01:23:35 GMT 2001
Thu Nov 15 04:43:36 GMT 2001
Thu Nov 15 04:46:24 GMT 2001
Thu Nov 15 04:49:20 GMT 2001
Thu Nov 15 05:01:17 GMT 2001
Thu Nov 15 05:02:34 GMT 2001
Thu Nov 15 05:04:53 GMT 2001
Thu Nov 15 05:06:04 GMT 2001
Thu Nov 15 05:09:23 GMT 2001
Thu Nov 15 05:21:49 GMT 2001
Thu Nov 15 05:22:39 GMT 2001
Thu Nov 15 05:30:11 GMT 2001
Thu Nov 15 05:33:14 GMT 2001
Thu Nov 15 05:34:43 GMT 2001
Thu Nov 15 05:38:16 GMT 2001
Thu Nov 15 05:49:18 GMT 2001
Thu Nov 15 05:50:43 GMT 2001
Thu Nov 15 06:00:24 GMT 2001
Thu Nov 15 06:03:54 GMT 2001
Thu Nov 15 06:07:40 GMT 2001
Thu Nov 15 06:13:45 GMT 2001
Thu Nov 15 06:22:47 GMT 2001
Thu Nov 15 06:38:10 GMT 2001
Thu Nov 15 06:40:54 GMT 2001
Thu Nov 15 06:41:45 GMT 2001
Thu Nov 15 17:34:00 GMT 2001
Thu Nov 15 17:38:34 GMT 2001
Thu Nov 15 17:44:00 GMT 2001
Thu Nov 15 17:44:45 GMT 2001
Thu Nov 15 17:44:57 GMT 2001
Thu Nov 15 17:52:28 GMT 2001
Thu Nov 15 19:17:45 GMT 2001
Thu Nov 15 19:25:03 GMT 2001
Thu Nov 15 19:31:17 GMT 2001
Thu Nov 15 19:36:23 GMT 2001
Thu Nov 15 19:41:08 GMT 2001
Thu Nov 15 19:51:54 GMT 2001
Thu Nov 15 19:55:39 GMT 2001
Thu Nov 15 20:00:01 GMT 2001
Thu Nov 15 20:03:45 GMT 2001
Thu Nov 15 20:06:40 GMT 2001
Thu Nov 15 20:07:34 GMT 2001
Thu Nov 15 20:20:57 GMT 2001
Thu Nov 15 20:20:57 GMT 2001
Thu Nov 15 23:29:05 GMT 2001
Thu Nov 15 23:30:43 GMT 2001
Thu Nov 15 23:33:50 GMT 2001
Thu Nov 15 23:47:42 GMT 2001
Thu Nov 15 23:49:34 GMT 2001
Fri Nov 16 00:01:23 GMT 2001
Fri Nov 16 00:56:13 GMT 2001
Fri Nov 16 00:59:14 GMT 2001
Fri Nov 16 01:09:57 GMT 2001
Fri Nov 16 01:42:35 GMT 2001
Fri Nov 16 01:42:57 GMT 2001
Fri Nov 16 01:45:24 GMT 2001
Fri Nov 16 01:47:15 GMT 2001
Fri Nov 16 01:53:37 GMT 2001
Fri Nov 16 01:55:21 GMT 2001
Fri Nov 16 02:26:32 GMT 2001
Fri Nov 16 02:28:00 GMT 2001
Fri Nov 16 04:25:51 GMT 2001
Fri Nov 16 04:29:57 GMT 2001
Fri Nov 16 04:34:09 GMT 2001
Fri Nov 16 04:36:45 GMT 2001
Fri Nov 16 04:40:25 GMT 2001
Fri Nov 16 04:41:17 GMT 2001
Fri Nov 16 04:42:24 GMT 2001
Fri Nov 16 04:43:12 GMT 2001
Fri Nov 16 20:02:50 GMT 2001
Fri Nov 16 20:03:02 GMT 2001
Fri Nov 16 20:03:13 GMT 2001
Fri Nov 16 20:04:01 GMT 2001
Fri Nov 16 20:04:30 GMT 2001
Fri Nov 16 20:05:26 GMT 2001
Fri Nov 16 20:05:45 GMT 2001
Fri Nov 16 20:15:51 GMT 2001
Fri Nov 16 20:17:30 GMT 2001
Fri Nov 16 20:18:55 GMT 2001
Fri Nov 16 20:35:55 GMT 2001
Fri Nov 16 20:36:45 GMT 2001
Fri Nov 16 20:37:43 GMT 2001
Fri Nov 16 20:38:17 GMT 2001
Fri Nov 16 20:39:06 GMT 2001
Fri Nov 16 20:39:25 GMT 2001
Fri Nov 16 20:40:02 GMT 2001
Fri Nov 16 20:41:18 GMT 2001
Thu Dec  6 12:22:56 GMT 2001
Thu Dec  6 12:24:42 GMT 2001
Thu Dec  6 12:26:48 GMT 2001
Thu Dec  6 12:32:21 GMT 2001
Thu Dec  6 12:33:31 GMT 2001
Thu Dec  6 12:34:59 GMT 2001
Thu Dec  6 12:36:06 GMT 2001
Thu Dec  6 13:16:42 GMT 2001
Thu Dec  6 13:28:20 GMT 2001
Thu Dec  6 13:32:30 GMT 2001
Thu Dec  6 13:33:48 GMT 2001
Thu Dec  6 15:10:16 GMT 2001
Thu Dec  6 15:12:13 GMT 2001
Thu Dec  6 15:13:52 GMT 2001
Thu Dec  6 15:15:08 GMT 2001
Thu Dec  6 15:15:46 GMT 2001
Thu Dec  6 15:16:39 GMT 2001
Thu Dec  6 16:38:58 GMT 2001
Thu Dec  6 16:39:35 GMT 2001
Thu Dec  6 16:48:39 GMT 2001
Thu Dec  6 16:50:13 GMT 2001
Thu Dec  6 16:51:31 GMT 2001
Thu Dec  6 17:09:12 GMT 2001
Thu Dec  6 20:12:35 GMT 2001
Thu Dec  6 23:47:00 GMT 2001
Thu Dec  6 23:47:39 GMT 2001
Thu Dec  6 23:47:58 GMT 2001
Thu Dec  6 23:50:56 GMT 2001
Fri Dec  7 00:13:20 GMT 2001
Fri Dec  7 11:45:36 GMT 2001
Fri Dec  7 14:52:43 GMT 2001
Fri Dec  7 14:53:55 GMT 2001
Fri Dec  7 15:13:21 GMT 2001
Fri Dec  7 15:31:50 GMT 2001
Fri Dec  7 15:33:37 GMT 2001
Mon Dec 10 11:48:24 GMT 2001
Mon Dec 10 11:50:28 GMT 2001
Mon Dec 10 11:52:41 GMT 2001
Mon Dec 10 11:53:32 GMT 2001
Mon Dec 10 11:54:17 GMT 2001
Mon Dec 10 12:02:12 GMT 2001
Mon Dec 10 12:04:03 GMT 2001
Mon Dec 10 12:10:07 GMT 2001
Mon Dec 10 12:38:42 GMT 2001
Mon Dec 10 12:41:49 GMT 2001
Mon Dec 10 12:45:41 GMT 2001
Mon Dec 10 12:46:17 GMT 2001
Mon Dec 10 12:46:39 GMT 2001
Mon Dec 10 12:47:55 GMT 2001
Mon Dec 10 12:49:03 GMT 2001
Mon Dec 10 12:49:49 GMT 2001
Mon Dec 10 12:51:06 GMT 2001
Mon Dec 10 12:54:35 GMT 2001
Mon Dec 10 12:55:23 GMT 2001
Mon Dec 10 12:57:43 GMT 2001
Mon Dec 10 13:02:58 GMT 2001
Mon Dec 10 13:04:06 GMT 2001
Mon Dec 10 13:10:51 GMT 2001
Mon Dec 10 13:12:55 GMT 2001
Mon Dec 10 13:18:07 GMT 2001
Mon Dec 10 14:44:25 GMT 2001
Mon Dec 10 14:48:20 GMT 2001
Mon Dec 10 14:57:33 GMT 2001
Mon Dec 10 15:42:42 GMT 2001
Mon Dec 10 15:42:58 GMT 2001
Mon Dec 10 15:46:15 GMT 2001
Mon Dec 10 15:49:07 GMT 2001
Mon Dec 10 15:53:05 GMT 2001
Wed Dec 12 13:49:47 GMT 2001
Wed Dec 12 13:50:43 GMT 2001
Wed Dec 12 13:57:09 GMT 2001
Wed Dec 12 13:59:22 GMT 2001
Wed Dec 12 14:02:03 GMT 2001
Wed Dec 12 14:12:45 GMT 2001
Wed Dec 12 14:18:49 GMT 2001
Wed Dec 12 14:22:09 GMT 2001
Wed Dec 12 14:27:27 GMT 2001
Wed Dec 12 14:31:26 GMT 2001
Wed Dec 12 14:33:01 GMT 2001
Wed Dec 12 14:33:40 GMT 2001
Wed Dec 12 14:45:52 GMT 2001
Wed Dec 12 14:47:52 GMT 2001
Wed Dec 12 15:15:42 GMT 2001
Wed Dec 12 15:31:25 GMT 2001
Thu Dec 13 11:21:25 GMT 2001
Thu Dec 13 11:23:08 GMT 2001
Thu Dec 13 11:26:50 GMT 2001
Thu Dec 13 11:29:14 GMT 2001
Thu Dec 13 11:39:18 GMT 2001
Thu Dec 13 11:40:31 GMT 2001
Thu Dec 13 11:45:46 GMT 2001
Thu Dec 13 11:46:59 GMT 2001
Thu Dec 13 11:47:58 GMT 2001
Thu Dec 13 11:50:22 GMT 2001
Thu Dec 13 11:51:37 GMT 2001
Thu Dec 13 11:56:53 GMT 2001
Thu Dec 13 12:07:04 GMT 2001
Thu Dec 13 12:11:46 GMT 2001
Thu Dec 13 12:13:47 GMT 2001
Thu Dec 13 13:26:19 GMT 2001
Thu Dec 13 13:28:21 GMT 2001
Thu Dec 13 13:33:29 GMT 2001
Thu Dec 13 13:34:53 GMT 2001
Thu Dec 13 13:36:15 GMT 2001
Thu Dec 13 13:44:25 GMT 2001
Thu Dec 13 13:51:07 GMT 2001
Thu Dec 13 13:56:48 GMT 2001
Thu Dec 13 14:08:14 GMT 2001
Thu Dec 13 14:11:02 GMT 2001
Thu Dec 13 14:17:35 GMT 2001
Thu Dec 13 14:18:02 GMT 2001
Thu Dec 13 14:28:38 GMT 2001
Thu Dec 13 14:30:56 GMT 2001
Thu Dec 13 14:36:27 GMT 2001
Thu Dec 13 14:50:42 GMT 2001
Thu Dec 13 14:51:35 GMT 2001
Thu Dec 13 14:54:35 GMT 2001
Thu Dec 13 14:56:33 GMT 2001
Thu Dec 13 15:00:53 GMT 2001
Thu Dec 13 15:02:50 GMT 2001
Thu Dec 13 15:03:12 GMT 2001
Thu Dec 13 15:03:41 GMT 2001
Thu Dec 13 15:36:53 GMT 2001
Thu Dec 13 17:01:04 GMT 2001
Thu Dec 13 17:14:01 GMT 2001
Thu Dec 13 17:15:34 GMT 2001
Thu Dec 13 17:20:33 GMT 2001
Thu Dec 13 17:24:10 GMT 2001
Thu Dec 13 17:30:08 GMT 2001
Thu Dec 13 17:38:38 GMT 2001
Thu Dec 13 17:40:18 GMT 2001
Thu Dec 13 17:43:06 GMT 2001
Thu Dec 13 17:48:31 GMT 2001
Thu Dec 13 17:55:09 GMT 2001
Thu Dec 13 18:00:51 GMT 2001
Thu Dec 13 18:02:13 GMT 2001
Thu Dec 13 18:03:21 GMT 2001
Thu Dec 13 18:07:02 GMT 2001
Fri Dec 14 09:38:19 GMT 2001
Fri Dec 14 09:40:13 GMT 2001
Fri Dec 14 09:41:13 GMT 2001
Fri Dec 14 09:50:41 GMT 2001
Fri Dec 14 09:51:36 GMT 2001
Fri Dec 14 10:44:12 GMT 2001
Mon Dec 17 17:02:28 GMT 2001
Mon Dec 17 17:46:17 GMT 2001
Mon Dec 17 17:51:21 GMT 2001
Tue Dec 18 14:18:24 GMT 2001
Tue Dec 18 14:22:16 GMT 2001
Tue Dec 18 14:22:58 GMT 2001
Tue Dec 18 14:27:02 GMT 2001
Tue Dec 18 14:28:02 GMT 2001
Tue Dec 18 14:29:00 GMT 2001
Tue Dec 18 14:36:46 GMT 2001
Tue Dec 18 14:39:48 GMT 2001
Tue Dec 18 14:40:39 GMT 2001
Tue Dec 18 14:43:37 GMT 2001
Tue Dec 18 14:46:43 GMT 2001
Wed Dec 19 09:19:06 GMT 2001
Wed Dec 19 09:20:46 GMT 2001
Wed Dec 19 09:21:53 GMT 2001
Wed Dec 19 09:24:17 GMT 2001
Wed Dec 19 15:16:07 GMT 2001
Wed Dec 19 16:39:37 GMT 2001
Mon Jan 14 09:07:21 GMT 2002
Mon Jan 14 09:14:19 GMT 2002
Mon Jan 14 09:16:05 GMT 2002
Mon Jan 14 09:20:39 GMT 2002
Mon Jan 14 09:31:34 GMT 2002
Mon Jan 14 12:26:22 GMT 2002
Mon Jan 14 12:39:10 GMT 2002
Mon Jan 14 12:41:11 GMT 2002
Mon Jan 14 12:42:36 GMT 2002
Mon Jan 14 12:45:40 GMT 2002
Mon Jan 14 12:45:57 GMT 2002
Mon Jan 14 12:47:29 GMT 2002
Mon Jan 14 12:48:40 GMT 2002
Mon Jan 14 12:51:15 GMT 2002
Mon Jan 14 12:53:49 GMT 2002
Mon Jan 14 12:54:58 GMT 2002
Mon Jan 14 12:57:03 GMT 2002
Mon Jan 14 13:30:27 GMT 2002
Mon Jan 14 13:31:14 GMT 2002
Mon Jan 14 14:21:27 GMT 2002
Mon Jan 14 14:23:05 GMT 2002
Mon Jan 14 14:25:07 GMT 2002
Mon Jan 14 14:26:43 GMT 2002
Mon Jan 14 14:28:40 GMT 2002
Mon Jan 14 14:29:29 GMT 2002
Mon Jan 14 14:30:58 GMT 2002
Mon Jan 14 14:38:40 GMT 2002
Mon Jan 14 14:47:55 GMT 2002
Mon Jan 14 14:53:05 GMT 2002
Tue Jan 22 16:33:45 GMT 2002
Tue Jan 22 16:37:10 GMT 2002
Tue Jan 22 16:42:25 GMT 2002
Tue Jan 22 16:46:04 GMT 2002
Tue Jan 22 16:46:49 GMT 2002
Tue Jan 22 16:47:50 GMT 2002
Tue Jan 22 17:14:17 GMT 2002
Tue Jan 22 17:15:27 GMT 2002
Tue Jan 22 17:16:43 GMT 2002
Tue Jan 22 17:18:23 GMT 2002
Tue Jan 22 17:19:08 GMT 2002
Tue Jan 22 17:23:23 GMT 2002
Wed Feb  6 20:42:10 GMT 2002
Mon Feb 11 11:34:27 GMT 2002
Mon Feb 11 12:01:19 GMT 2002
Mon Feb 11 12:10:41 GMT 2002
Mon Feb 11 12:39:42 GMT 2002
Mon Feb 11 15:10:58 GMT 2002
Mon Feb 11 15:11:21 GMT 2002
Mon Feb 11 15:13:37 GMT 2002
Mon Feb 11 15:18:29 GMT 2002
Mon Feb 11 15:19:30 GMT 2002
Mon Feb 11 15:24:43 GMT 2002
Mon Feb 11 15:27:03 GMT 2002
Mon Feb 11 15:32:14 GMT 2002
Mon Feb 11 16:33:28 GMT 2002
Wed Feb 20 13:54:56 GMT 2002
Fri Mar  1 21:14:11 GMT 2002
Fri Mar  1 21:14:34 GMT 2002
Fri Mar  1 21:16:30 GMT 2002
Fri Mar  1 21:25:37 GMT 2002
Wed Mar  6 22:19:15 GMT 2002
Wed Mar  6 22:43:08 GMT 2002
Fri Mar  8 01:43:26 GMT 2002
Thu Mar 28 21:17:27 GMT 2002
Fri Mar 29 06:42:04 GMT 2002
Fri Mar 29 07:26:06 GMT 2002
Wed Apr  3 21:30:37 BST 2002
Fri Apr  5 04:36:12 BST 2002
Fri Apr  5 04:38:21 BST 2002
Fri Apr  5 04:42:37 BST 2002
Fri Apr  5 04:48:38 BST 2002
Fri Apr  5 04:56:31 BST 2002
Fri Apr  5 05:35:36 BST 2002
Wed Apr 10 10:32:39 BST 2002
Wed Apr 10 11:15:09 BST 2002
Thu Apr 11 16:36:54 BST 2002
Thu Apr 11 16:46:46 BST 2002
Thu Apr 11 16:52:50 BST 2002
Thu Apr 11 16:54:58 BST 2002
Thu Apr 11 17:32:28 BST 2002
Thu Apr 11 17:51:28 BST 2002
Thu Apr 11 17:52:50 BST 2002
Thu Apr 11 18:04:27 BST 2002
Thu Apr 11 18:09:42 BST 2002
Thu Apr 11 18:36:47 BST 2002
Fri Apr 12 15:00:35 BST 2002
Fri Apr 12 15:23:27 BST 2002
Fri Apr 12 15:33:12 BST 2002
Fri Apr 12 15:34:47 BST 2002
Fri Apr 12 16:09:58 BST 2002
Sun Apr 14 15:06:36 BST 2002
Mon Apr 15 13:49:05 BST 2002
Mon Apr 15 13:52:17 BST 2002
Mon Apr 15 13:55:19 BST 2002
Mon Apr 15 13:56:31 BST 2002
Mon Apr 15 13:57:58 BST 2002
Mon Apr 15 14:05:48 BST 2002
Mon Apr 15 14:12:15 BST 2002
Mon Apr 15 14:13:40 BST 2002
Mon Apr 15 14:16:14 BST 2002
Mon Apr 15 14:17:13 BST 2002
Mon Apr 15 14:21:02 BST 2002
Mon Apr 15 14:26:23 BST 2002
Mon Apr 15 14:30:01 BST 2002
Mon Apr 15 14:33:59 BST 2002
Mon Apr 15 14:38:48 BST 2002
Mon Apr 15 15:08:16 BST 2002
Mon Apr 15 16:01:17 BST 2002
Mon Apr 15 16:06:07 BST 2002
Mon Apr 15 16:35:43 BST 2002
Tue Apr 16 13:35:43 BST 2002
Tue Apr 16 13:39:09 BST 2002
Tue Apr 16 13:39:43 BST 2002
Tue Apr 16 13:41:59 BST 2002
Tue Apr 16 14:05:31 BST 2002
Tue Apr 16 14:07:02 BST 2002
Tue Apr 16 14:11:19 BST 2002
Tue Apr 16 14:12:44 BST 2002
Tue Apr 16 14:13:49 BST 2002
Tue Apr 16 14:14:22 BST 2002
Tue Apr 16 14:14:58 BST 2002
Tue Apr 16 14:20:44 BST 2002
Tue Apr 16 14:30:06 BST 2002
Tue Apr 16 14:33:32 BST 2002
Tue Apr 16 14:42:03 BST 2002
Tue Apr 16 14:44:30 BST 2002
Tue Apr 16 14:53:39 BST 2002
Tue Apr 16 14:55:19 BST 2002
Tue Apr 16 14:58:22 BST 2002
Tue Apr 16 15:00:39 BST 2002
Tue Apr 16 15:01:52 BST 2002
Tue Apr 16 15:02:38 BST 2002
Tue Apr 16 15:07:50 BST 2002
Tue Apr 16 15:09:17 BST 2002
Tue Apr 16 15:10:07 BST 2002
Tue Apr 16 15:11:19 BST 2002
Tue Apr 16 15:17:19 BST 2002
Tue Apr 16 15:22:08 BST 2002
Tue Apr 16 15:26:38 BST 2002
Tue Apr 16 15:27:11 BST 2002
Tue Apr 16 15:32:31 BST 2002
Tue Apr 16 16:27:23 BST 2002
Tue Apr 16 16:30:09 BST 2002
Tue Apr 16 16:32:15 BST 2002
Tue Apr 16 16:33:56 BST 2002
Tue Apr 16 16:34:41 BST 2002
Tue Apr 16 16:37:35 BST 2002
Tue Apr 16 16:39:23 BST 2002
Tue Apr 16 16:40:04 BST 2002
Tue Apr 16 16:40:29 BST 2002
Tue Apr 16 16:47:25 BST 2002
Tue Apr 16 16:49:58 BST 2002
Tue Apr 16 16:52:47 BST 2002
Tue Apr 16 16:54:29 BST 2002
Tue Apr 16 16:59:25 BST 2002
Tue Apr 16 17:01:09 BST 2002
Wed Apr 17 10:17:07 BST 2002
Wed Apr 17 10:17:49 BST 2002
Wed Apr 17 10:35:16 BST 2002
Wed Apr 17 11:05:28 BST 2002
Wed Apr 17 11:07:48 BST 2002
Wed Apr 17 11:11:42 BST 2002
Wed Apr 17 11:12:50 BST 2002
Wed Apr 17 11:25:19 BST 2002
Wed Apr 17 11:37:00 BST 2002
Wed Apr 17 11:42:41 BST 2002
Wed Apr 17 11:45:37 BST 2002
Wed Apr 17 11:48:51 BST 2002
Wed Apr 17 11:57:51 BST 2002
Wed Apr 17 13:47:09 BST 2002
Wed Apr 17 13:48:22 BST 2002
Wed Apr 17 13:49:48 BST 2002
Wed Apr 17 13:54:11 BST 2002
Wed Apr 17 14:51:20 BST 2002
Wed Apr 17 14:52:49 BST 2002
Wed Apr 17 14:57:55 BST 2002
Wed Apr 17 15:00:37 BST 2002
Wed Apr 17 17:02:07 BST 2002
Fri Apr 19 10:10:58 BST 2002
Fri Apr 19 10:12:27 BST 2002
Fri Apr 19 13:36:12 BST 2002
Fri Apr 19 13:41:07 BST 2002
Fri Apr 19 13:43:59 BST 2002
Fri Apr 19 13:45:38 BST 2002
Fri Apr 19 15:28:30 BST 2002
Mon Apr 22 15:13:49 BST 2002
Mon Apr 22 15:15:34 BST 2002
Wed Apr 24 14:34:03 BST 2002
Wed Apr 24 14:39:05 BST 2002
Wed Apr 24 14:40:37 BST 2002
Wed Apr 24 14:48:18 BST 2002
Wed Apr 24 14:52:49 BST 2002
Wed Apr 24 14:55:17 BST 2002
Wed Apr 24 14:58:50 BST 2002
Wed Apr 24 15:02:02 BST 2002
Wed Apr 24 15:03:16 BST 2002
Wed Apr 24 15:06:39 BST 2002
Wed Apr 24 15:18:55 BST 2002
Wed Apr 24 15:21:22 BST 2002
Wed Apr 24 15:25:21 BST 2002
Wed Apr 24 15:29:43 BST 2002
Wed Apr 24 15:35:29 BST 2002
Wed Apr 24 16:23:06 BST 2002
Thu Apr 25 14:14:06 BST 2002
Thu Apr 25 14:16:14 BST 2002
Thu Apr 25 14:26:54 BST 2002
Thu Apr 25 14:35:14 BST 2002
Thu Apr 25 14:39:40 BST 2002
Thu Apr 25 15:25:17 BST 2002
Thu Apr 25 15:30:18 BST 2002
Thu Apr 25 15:32:08 BST 2002
Thu Apr 25 15:33:10 BST 2002
Fri Apr 26 10:16:33 BST 2002
Fri Apr 26 10:27:27 BST 2002
Fri Apr 26 10:27:45 BST 2002
Fri Apr 26 11:01:48 BST 2002
Fri Apr 26 11:04:02 BST 2002
Fri Apr 26 11:06:23 BST 2002
Fri Apr 26 11:08:15 BST 2002
Fri Apr 26 11:12:50 BST 2002
Fri Apr 26 11:14:43 BST 2002
Fri Apr 26 11:25:40 BST 2002
Fri Apr 26 11:28:12 BST 2002
Fri Apr 26 11:31:06 BST 2002
Fri Apr 26 11:33:03 BST 2002
Fri Apr 26 11:34:27 BST 2002
Fri Apr 26 11:36:05 BST 2002
Fri Apr 26 11:40:11 BST 2002
Fri Apr 26 11:44:23 BST 2002
Fri Apr 26 11:45:47 BST 2002
Fri Apr 26 11:50:05 BST 2002
Fri Apr 26 11:51:26 BST 2002
Fri Apr 26 12:00:17 BST 2002
Fri Apr 26 12:10:35 BST 2002
Fri Apr 26 12:11:28 BST 2002
Fri Apr 26 12:12:12 BST 2002
Fri Apr 26 12:17:17 BST 2002
Fri Apr 26 12:17:54 BST 2002
Fri Apr 26 12:18:52 BST 2002
Fri Apr 26 12:24:23 BST 2002
Fri Apr 26 12:28:39 BST 2002
Fri Apr 26 12:30:33 BST 2002
Fri Apr 26 12:33:01 BST 2002
Fri Apr 26 12:39:12 BST 2002
Fri Apr 26 12:44:51 BST 2002
Fri Apr 26 12:45:03 BST 2002
Fri Apr 26 12:46:18 BST 2002
Fri Apr 26 12:46:42 BST 2002
Fri Apr 26 12:48:24 BST 2002
Fri Apr 26 12:49:15 BST 2002
Fri Apr 26 13:00:19 BST 2002
Fri Apr 26 13:05:18 BST 2002
Fri Apr 26 13:05:45 BST 2002
Fri Apr 26 13:09:51 BST 2002
Fri Apr 26 13:11:54 BST 2002
Fri Apr 26 13:12:14 BST 2002
Fri Apr 26 13:17:20 BST 2002
Fri Apr 26 13:18:01 BST 2002
Fri Apr 26 13:18:58 BST 2002
Fri Apr 26 13:21:15 BST 2002
Fri Apr 26 13:21:41 BST 2002
Fri Apr 26 13:23:53 BST 2002
Fri Apr 26 13:29:21 BST 2002
Fri Apr 26 13:39:56 BST 2002
Fri Apr 26 13:42:14 BST 2002
Fri Apr 26 14:30:28 BST 2002
Fri Apr 26 14:34:20 BST 2002
Fri Apr 26 15:04:15 BST 2002
Fri Apr 26 15:06:37 BST 2002
Fri Apr 26 15:10:16 BST 2002
Fri Apr 26 15:11:31 BST 2002
Fri Apr 26 15:12:43 BST 2002
Fri Apr 26 15:42:58 BST 2002
Fri Apr 26 16:07:25 BST 2002
Fri Apr 26 16:07:54 BST 2002
Fri Apr 26 16:08:22 BST 2002
Fri Apr 26 16:11:19 BST 2002
Fri Apr 26 16:12:18 BST 2002
Fri Apr 26 16:14:19 BST 2002
Fri Apr 26 16:15:10 BST 2002
Fri Apr 26 16:19:26 BST 2002
Fri Apr 26 16:20:13 BST 2002
Fri Apr 26 16:21:39 BST 2002
Fri Apr 26 16:25:59 BST 2002
Fri Apr 26 16:32:38 BST 2002
Fri Apr 26 16:36:10 BST 2002
Fri Apr 26 16:39:16 BST 2002
Fri Apr 26 16:40:44 BST 2002
Fri Apr 26 16:41:19 BST 2002
Fri Apr 26 16:44:21 BST 2002
Fri Apr 26 16:45:38 BST 2002
Fri Apr 26 16:46:43 BST 2002
Fri Apr 26 16:48:36 BST 2002
Fri Apr 26 16:50:06 BST 2002
Fri Apr 26 16:50:40 BST 2002
Fri Apr 26 16:56:00 BST 2002
Fri Apr 26 17:01:54 BST 2002
Fri Apr 26 17:10:29 BST 2002
Fri Apr 26 17:10:46 BST 2002
Fri Apr 26 17:15:58 BST 2002
Fri Apr 26 17:18:06 BST 2002
Fri Apr 26 17:19:08 BST 2002
Fri Apr 26 17:21:08 BST 2002
Fri Apr 26 17:23:06 BST 2002
Sat Apr 27 13:51:13 BST 2002
Sat Apr 27 13:52:59 BST 2002
Sat Apr 27 13:57:33 BST 2002
Sat Apr 27 14:03:58 BST 2002
Sat Apr 27 14:05:34 BST 2002
Sat Apr 27 14:29:52 BST 2002
Sat Apr 27 14:31:33 BST 2002
Sat Apr 27 15:04:01 BST 2002
Sat Apr 27 15:04:32 BST 2002
Sat Apr 27 15:04:52 BST 2002
Sat Apr 27 15:06:59 BST 2002
Sat Apr 27 15:08:51 BST 2002
Sat Apr 27 15:10:45 BST 2002
Sat Apr 27 15:14:53 BST 2002
Sat Apr 27 15:15:40 BST 2002
Sat Apr 27 15:18:44 BST 2002
Sat Apr 27 15:21:40 BST 2002
Sat Apr 27 15:25:22 BST 2002
Sat Apr 27 15:26:28 BST 2002
Sat Apr 27 15:28:21 BST 2002
Sat Apr 27 15:29:49 BST 2002
Sat Apr 27 15:31:23 BST 2002
Sat Apr 27 15:32:09 BST 2002
Sat Apr 27 15:34:17 BST 2002
Sat Apr 27 15:37:34 BST 2002
Sat Apr 27 15:39:16 BST 2002
Sat Apr 27 15:41:56 BST 2002
Sat Apr 27 15:46:55 BST 2002
Sat Apr 27 15:47:55 BST 2002
Sat Apr 27 15:49:20 BST 2002
Sat Apr 27 15:51:34 BST 2002
Sat Apr 27 15:53:10 BST 2002
Sat Apr 27 15:55:23 BST 2002
Sat Apr 27 15:57:31 BST 2002
Sat Apr 27 16:03:20 BST 2002
Sat Apr 27 16:04:02 BST 2002
Sat Apr 27 16:05:19 BST 2002
Sat Apr 27 16:05:26 BST 2002
Sat Apr 27 16:06:40 BST 2002
Sat Apr 27 16:08:07 BST 2002
Sat Apr 27 16:08:14 BST 2002
Sat Apr 27 16:10:50 BST 2002
Sat Apr 27 16:12:18 BST 2002
Sat Apr 27 16:14:00 BST 2002
Sat Apr 27 17:32:00 BST 2002
Sat Apr 27 17:37:09 BST 2002
Sat Apr 27 17:40:45 BST 2002
Sat Apr 27 17:43:00 BST 2002
Sat Apr 27 17:44:27 BST 2002
Sat Apr 27 18:03:36 BST 2002
Sat Apr 27 18:04:03 BST 2002
Sat Apr 27 18:04:50 BST 2002
Sat Apr 27 18:05:35 BST 2002
Sat Apr 27 18:06:08 BST 2002
Sat Apr 27 18:07:16 BST 2002
Sat Apr 27 18:13:13 BST 2002
Sat Apr 27 18:18:00 BST 2002
Sat Apr 27 18:19:06 BST 2002
Sat Apr 27 18:21:06 BST 2002
Sat Apr 27 18:22:13 BST 2002
Sat Apr 27 18:22:47 BST 2002
Sat Apr 27 18:23:22 BST 2002
Sat Apr 27 18:25:48 BST 2002
Sat Apr 27 18:27:59 BST 2002
Sat Apr 27 18:28:10 BST 2002
Sat Apr 27 18:28:46 BST 2002
Sat Apr 27 18:32:20 BST 2002
Sat Apr 27 18:44:22 BST 2002
Sat Apr 27 18:49:07 BST 2002
Sat Apr 27 19:02:14 BST 2002
Sat Apr 27 19:21:03 BST 2002
Sat Apr 27 19:22:29 BST 2002
Sat Apr 27 19:24:50 BST 2002
Sun Apr 28 12:25:50 BST 2002
Sun Apr 28 12:44:46 BST 2002
Sun Apr 28 12:45:51 BST 2002
Mon May  6 15:11:41 BST 2002
Mon May  6 15:15:04 BST 2002
Mon May  6 15:16:22 BST 2002
Mon May  6 15:27:32 BST 2002
Mon May  6 15:30:03 BST 2002
Mon May  6 15:32:47 BST 2002
Mon May  6 15:34:13 BST 2002
Mon May  6 16:08:07 BST 2002
Mon May  6 16:09:44 BST 2002
Mon May  6 16:13:51 BST 2002
Mon May  6 16:14:08 BST 2002
Mon May  6 16:16:08 BST 2002
Mon May  6 16:25:18 BST 2002
Mon May  6 16:25:25 BST 2002
Mon May  6 16:40:55 BST 2002
Mon May  6 16:55:21 BST 2002
Mon May  6 16:55:41 BST 2002
Mon May  6 17:00:55 BST 2002
Mon May  6 17:17:41 BST 2002
Mon May  6 17:24:43 BST 2002
Mon May  6 17:32:44 BST 2002
Mon May  6 17:38:26 BST 2002
Mon May  6 17:43:49 BST 2002
Mon May  6 18:08:41 BST 2002
Mon May  6 18:10:48 BST 2002
Mon May  6 18:12:50 BST 2002
Mon May  6 18:17:34 BST 2002
Mon May  6 18:18:26 BST 2002
Mon May  6 18:20:09 BST 2002
Mon May  6 18:22:18 BST 2002
Tue May  7 15:13:34 BST 2002
Tue May  7 15:17:03 BST 2002
Tue May  7 15:19:22 BST 2002
Tue May  7 15:22:31 BST 2002
Tue May  7 15:24:39 BST 2002
Tue May  7 15:26:39 BST 2002
Tue May  7 15:36:40 BST 2002
Tue May  7 15:57:32 BST 2002
Tue May  7 16:03:55 BST 2002
Tue May  7 16:05:49 BST 2002
Tue May  7 16:14:56 BST 2002
Wed May  8 13:44:21 BST 2002
Wed May  8 14:21:51 BST 2002
Wed May  8 14:32:01 BST 2002
Wed May  8 16:20:38 BST 2002
Wed May  8 16:23:30 BST 2002
Wed May  8 16:28:29 BST 2002
Wed May  8 16:30:23 BST 2002
Wed May  8 16:35:57 BST 2002
Wed May  8 16:37:58 BST 2002
Wed May  8 16:46:43 BST 2002
Wed May  8 16:56:58 BST 2002
Wed May  8 17:01:03 BST 2002
Wed May  8 17:01:45 BST 2002
Wed May  8 17:02:43 BST 2002
Wed May  8 17:05:52 BST 2002
Wed May  8 17:15:37 BST 2002
Fri May 10 09:36:27 BST 2002
Fri May 10 09:46:02 BST 2002
Fri May 10 09:47:27 BST 2002
Fri May 10 09:48:48 BST 2002
Fri May 10 09:50:59 BST 2002
Fri May 10 09:52:38 BST 2002
Fri May 10 09:55:29 BST 2002
Fri May 10 11:16:50 BST 2002
Fri May 10 11:18:15 BST 2002
Fri May 10 11:21:25 BST 2002
Fri May 10 11:23:36 BST 2002
Fri May 10 11:24:27 BST 2002
Fri May 10 11:30:37 BST 2002
Fri May 10 11:40:57 BST 2002
Fri May 10 11:43:02 BST 2002
Fri May 10 11:43:47 BST 2002
Fri May 10 11:45:38 BST 2002
Fri May 10 11:51:01 BST 2002
Fri May 10 11:55:15 BST 2002
Fri May 10 12:00:55 BST 2002
Fri May 10 12:16:43 BST 2002
Fri May 10 12:30:14 BST 2002
Fri May 10 13:44:23 BST 2002
Fri May 10 13:47:38 BST 2002
Fri May 10 13:49:06 BST 2002
Fri May 10 14:20:58 BST 2002
Fri May 10 14:21:24 BST 2002
Fri May 10 14:21:55 BST 2002
Fri May 10 14:28:16 BST 2002
Fri May 10 14:38:42 BST 2002
Fri May 10 14:41:32 BST 2002
Fri May 10 14:43:25 BST 2002
Fri May 10 14:44:39 BST 2002
Sun May 12 13:56:20 BST 2002
Tue May 14 11:20:23 BST 2002
Tue May 14 11:22:55 BST 2002
Tue May 14 11:25:09 BST 2002
Tue May 14 11:43:50 BST 2002
Tue May 14 13:47:24 BST 2002
Tue May 14 13:49:14 BST 2002
Tue May 14 13:50:51 BST 2002
Tue May 14 13:56:11 BST 2002
Tue May 14 13:57:04 BST 2002
Tue May 14 13:58:05 BST 2002
Tue May 14 13:58:57 BST 2002
Tue May 14 13:59:36 BST 2002
Tue May 14 15:41:41 BST 2002
Tue May 14 17:35:01 BST 2002
Mon May 20 13:27:10 BST 2002
Tue May 21 13:53:08 BST 2002
Tue May 21 17:00:54 BST 2002
Wed May 22 11:26:19 BST 2002
Wed May 22 11:30:30 BST 2002
Wed May 22 11:32:08 BST 2002
Wed May 22 11:34:16 BST 2002
Wed May 22 11:36:14 BST 2002
Wed May 22 12:17:00 BST 2002
Wed May 22 12:17:25 BST 2002
Wed May 22 12:23:34 BST 2002
Wed May 22 12:26:08 BST 2002
Wed May 22 12:27:53 BST 2002
Wed May 22 12:31:06 BST 2002
Wed May 22 12:33:51 BST 2002
Wed May 22 12:35:33 BST 2002
Wed May 22 12:46:59 BST 2002
Wed May 22 13:41:45 BST 2002
Wed May 22 13:43:08 BST 2002
Wed May 22 13:44:12 BST 2002
Thu May 23 09:35:51 BST 2002
Mon May 27 11:57:31 BST 2002
Wed May 29 12:08:28 BST 2002
Wed May 29 12:09:41 BST 2002
Wed May 29 12:10:55 BST 2002
Wed May 29 17:01:22 BST 2002
Fri May 31 10:14:54 BST 2002
Mon Jun  3 12:37:50 BST 2002
Mon Jun  3 15:28:48 BST 2002
Wed Jun  5 11:48:59 BST 2002
Wed Jun  5 16:58:23 BST 2002
Wed Jun  5 17:01:26 BST 2002
Wed Jun  5 17:07:06 BST 2002
Wed Jun  5 17:14:45 BST 2002
Wed Jun  5 17:15:57 BST 2002
Wed Jun  5 17:17:32 BST 2002
Thu Jun  6 10:07:31 BST 2002
Thu Jun  6 12:41:57 BST 2002
Thu Jun  6 12:42:27 BST 2002
Thu Jun  6 16:39:18 BST 2002
Fri Jun  7 09:50:03 BST 2002
Fri Jun  7 16:29:18 BST 2002
Mon Jun 10 12:14:02 BST 2002
Mon Jun 10 13:10:49 BST 2002
Mon Jun 10 13:52:04 BST 2002
Mon Jun 10 16:56:47 BST 2002
Mon Jun 10 16:59:55 BST 2002
Mon Jun 10 17:25:49 BST 2002
Thu Jun 13 12:52:15 BST 2002
Fri Jun 14 11:11:31 BST 2002
Thu Jun 20 09:32:39 BST 2002
Sun Jun 23 15:15:33 BST 2002
Mon Jul 15 14:18:42 BST 2002
Tue Jul 16 09:19:10 BST 2002
Tue Jul 16 19:59:38 BST 2002
Thu Jul 25 16:12:37 BST 2002
Thu Jul 25 16:38:41 BST 2002
Thu Jul 25 16:40:00 BST 2002
Thu Jul 25 16:43:00 BST 2002
Thu Jul 25 16:52:09 BST 2002
Thu Jul 25 16:54:16 BST 2002
Thu Jul 25 16:56:30 BST 2002
Thu Jul 25 16:57:52 BST 2002
Thu Jul 25 17:00:46 BST 2002
Thu Jul 25 17:01:15 BST 2002
Thu Jul 25 17:03:01 BST 2002
Thu Jul 25 17:04:22 BST 2002
Thu Jul 25 17:20:33 BST 2002
Thu Jul 25 17:21:49 BST 2002
Thu Jul 25 17:24:59 BST 2002
Thu Jul 25 17:27:00 BST 2002
Thu Jul 25 17:29:01 BST 2002
Thu Jul 25 17:30:28 BST 2002
Thu Jul 25 17:32:06 BST 2002
Thu Jul 25 17:33:14 BST 2002
Thu Jul 25 17:33:17 BST 2002
Thu Jul 25 17:34:29 BST 2002
Fri Jul 26 16:19:37 BST 2002
Fri Jul 26 16:21:21 BST 2002
Fri Jul 26 16:26:45 BST 2002
Fri Jul 26 16:32:52 BST 2002
Fri Jul 26 16:37:29 BST 2002
Fri Jul 26 16:39:46 BST 2002
Fri Jul 26 16:42:10 BST 2002
Fri Jul 26 16:42:20 BST 2002
Fri Jul 26 16:43:17 BST 2002
Fri Jul 26 16:46:06 BST 2002
Fri Jul 26 16:47:39 BST 2002
Fri Jul 26 16:49:08 BST 2002
Fri Jul 26 16:51:16 BST 2002
Fri Jul 26 16:53:15 BST 2002
Fri Jul 26 16:54:15 BST 2002
Fri Jul 26 16:55:56 BST 2002
Fri Jul 26 17:05:13 BST 2002
Fri Jul 26 17:05:52 BST 2002
Fri Jul 26 17:08:00 BST 2002
Fri Jul 26 17:12:02 BST 2002
Sun Jul 28 11:32:23 BST 2002
Sun Jul 28 11:41:40 BST 2002
Sun Jul 28 11:42:22 BST 2002
Sun Jul 28 11:47:15 BST 2002
Sun Jul 28 11:49:46 BST 2002
Sun Jul 28 11:50:23 BST 2002
Sun Jul 28 11:55:59 BST 2002
Sun Jul 28 11:56:32 BST 2002
Sun Jul 28 11:57:32 BST 2002
Sun Jul 28 12:02:48 BST 2002
Sun Jul 28 12:07:15 BST 2002
Sun Jul 28 12:09:48 BST 2002
Sun Jul 28 12:11:01 BST 2002
Sun Jul 28 12:24:21 BST 2002
Sun Jul 28 13:35:36 BST 2002
Sun Jul 28 13:57:35 BST 2002
Sun Jul 28 13:58:11 BST 2002
Thu Aug  1 16:47:18 BST 2002
Thu Aug  1 16:51:27 BST 2002
Thu Aug  1 16:53:44 BST 2002
Sat Aug  3 12:15:33 BST 2002
Sat Aug  3 12:22:57 BST 2002
Sat Aug  3 13:46:20 BST 2002
Sat Aug  3 16:34:39 BST 2002
Sun Aug  4 11:23:58 BST 2002
Tue Aug  6 11:28:00 BST 2002
Tue Aug  6 11:36:48 BST 2002
Tue Aug  6 11:39:42 BST 2002
Tue Aug  6 11:41:56 BST 2002
Tue Aug  6 11:44:41 BST 2002
Tue Aug  6 11:47:12 BST 2002
Tue Aug  6 11:54:09 BST 2002
Tue Aug  6 11:55:16 BST 2002
Tue Aug  6 12:00:07 BST 2002
Tue Aug  6 12:05:02 BST 2002
Tue Aug  6 12:07:39 BST 2002
Tue Aug  6 12:23:33 BST 2002
Tue Aug  6 12:27:29 BST 2002
Tue Aug  6 12:31:23 BST 2002
Tue Aug  6 12:34:07 BST 2002
Tue Aug  6 12:38:32 BST 2002
Tue Aug  6 12:42:26 BST 2002
Tue Aug  6 12:46:00 BST 2002
Tue Aug  6 12:46:45 BST 2002
Tue Aug  6 13:12:27 BST 2002
Tue Aug  6 13:28:16 BST 2002
Tue Aug  6 13:29:51 BST 2002
Tue Aug  6 13:30:10 BST 2002
Tue Aug  6 13:32:25 BST 2002
Tue Aug  6 13:37:50 BST 2002
Tue Aug  6 13:47:02 BST 2002
Tue Aug  6 13:48:48 BST 2002
Tue Aug  6 13:55:40 BST 2002
Tue Aug  6 13:57:52 BST 2002
Tue Aug  6 14:37:51 BST 2002
Tue Aug  6 14:44:10 BST 2002
Tue Aug  6 14:55:29 BST 2002
Tue Aug  6 15:02:15 BST 2002
Tue Aug  6 15:37:42 BST 2002
Tue Aug  6 16:35:39 BST 2002
Tue Aug  6 18:33:14 BST 2002
Tue Aug  6 18:34:49 BST 2002
Tue Aug  6 18:42:28 BST 2002
Tue Aug  6 18:45:44 BST 2002
Tue Aug  6 18:54:11 BST 2002
Tue Aug  6 19:04:48 BST 2002
Tue Aug  6 19:06:20 BST 2002
Wed Aug  7 11:32:30 BST 2002
Wed Aug  7 12:00:22 BST 2002
Wed Aug  7 12:09:10 BST 2002
Fri Sep  6 15:01:41 BST 2002
Sun Oct  6 14:36:41 PDT 2002
Wed Oct  9 15:58:22 PDT 2002
Wed Oct 23 10:47:54 PDT 2002
Wed Oct 23 11:01:01 PDT 2002
Wed Oct 23 11:07:23 PDT 2002
Wed Oct 23 11:11:01 PDT 2002
Wed Oct 23 11:15:22 PDT 2002
Wed Oct 23 14:17:21 PDT 2002
Thu Oct 24 09:18:43 PDT 2002
Thu Oct 24 15:04:03 PDT 2002
Thu Oct 24 15:07:26 PDT 2002
Thu Oct 24 15:17:06 PDT 2002
Thu Oct 24 19:33:43 PDT 2002
Tue Nov  5 10:27:43 PST 2002
Tue Nov  5 10:29:30 PST 2002
Tue Nov  5 10:33:32 PST 2002
Tue Nov  5 10:36:42 PST 2002
Tue Nov  5 10:51:44 PST 2002
Tue Nov  5 18:57:49 PST 2002
Tue Nov  5 22:08:02 PST 2002
Tue Nov  5 22:09:59 PST 2002
Wed Nov  6 15:33:29 PST 2002
Wed Nov  6 16:17:04 PST 2002
Wed Nov  6 16:19:06 PST 2002
Wed Nov  6 17:00:50 PST 2002
Wed Nov  6 19:45:58 PST 2002
Wed Nov  6 19:46:37 PST 2002
Wed Nov  6 20:28:09 PST 2002
Fri Nov  8 13:55:44 PST 2002
Fri Nov  8 14:11:50 PST 2002
Fri Nov  8 14:21:34 PST 2002
Fri Nov  8 14:34:44 PST 2002
Fri Nov  8 15:09:27 PST 2002
Fri Nov  8 15:15:54 PST 2002
Sat Nov  9 10:41:24 PST 2002
Mon Nov 11 09:28:47 PST 2002
Mon Nov 11 10:20:31 PST 2002
Mon Nov 11 12:33:12 PST 2002
Mon Nov 11 22:34:30 PST 2002
Tue Nov 12 09:33:42 PST 2002
Tue Nov 12 09:34:55 PST 2002
Tue Nov 12 09:36:21 PST 2002
Tue Nov 12 17:49:37 PST 2002
Tue Nov 12 17:59:47 PST 2002
Tue Nov 12 18:00:50 PST 2002
Tue Nov 12 18:24:41 PST 2002
Wed Nov 13 17:37:30 PST 2002
Fri Nov 15 13:50:35 PST 2002
Fri Nov 15 14:02:07 PST 2002
Fri Nov 15 14:03:21 PST 2002
Fri Nov 15 14:20:09 PST 2002
Fri Nov 15 14:26:16 PST 2002
Fri Nov 15 14:27:59 PST 2002
Fri Nov 15 14:28:56 PST 2002
Fri Nov 15 14:31:34 PST 2002
Fri Nov 15 14:34:08 PST 2002
Fri Nov 15 15:41:42 PST 2002
Fri Nov 15 15:53:18 PST 2002
Fri Nov 15 15:54:51 PST 2002
Fri Nov 15 19:07:07 PST 2002
Fri Nov 15 19:08:09 PST 2002
Sun Nov 17 11:08:43 PST 2002
Sun Nov 17 11:10:29 PST 2002
Mon Nov 18 18:09:59 PST 2002
Tue Nov 19 11:43:44 PST 2002
Tue Nov 19 19:40:21 PST 2002
Wed Nov 20 08:31:31 PST 2002
Wed Nov 20 08:33:33 PST 2002
Wed Nov 20 08:40:32 PST 2002
Wed Nov 20 08:42:23 PST 2002
Wed Nov 20 08:42:57 PST 2002
Wed Nov 20 08:43:53 PST 2002
Wed Nov 20 09:14:46 PST 2002
Wed Nov 20 09:16:01 PST 2002
Wed Nov 20 09:21:42 PST 2002
Wed Nov 20 09:24:07 PST 2002
Wed Nov 20 09:39:50 PST 2002
Wed Nov 20 16:05:46 PST 2002
Wed Nov 20 17:31:58 PST 2002
Wed Nov 20 17:32:54 PST 2002
Wed Nov 20 17:36:32 PST 2002
Wed Nov 20 19:15:57 PST 2002
Wed Nov 20 19:18:25 PST 2002
Thu Nov 21 10:09:31 PST 2002
Thu Nov 21 10:11:18 PST 2002
Thu Nov 21 10:12:31 PST 2002
Thu Nov 21 10:18:36 PST 2002
Thu Nov 21 10:29:15 PST 2002
Thu Nov 21 10:31:23 PST 2002
Thu Nov 21 10:32:32 PST 2002
Thu Nov 21 10:46:20 PST 2002
Thu Nov 21 10:51:01 PST 2002
Thu Nov 21 10:53:13 PST 2002
Thu Nov 21 10:58:13 PST 2002
Fri Nov 22 15:12:41 PST 2002
Fri Nov 22 15:37:57 PST 2002
Fri Nov 22 19:13:55 PST 2002
Sun Nov 24 14:38:38 PST 2002
Sun Nov 24 14:40:38 PST 2002
Mon Nov 25 13:03:43 PST 2002
Mon Nov 25 13:54:08 PST 2002
Mon Nov 25 13:58:50 PST 2002
Mon Nov 25 14:05:17 PST 2002
Mon Nov 25 14:10:31 PST 2002
Mon Nov 25 15:08:52 PST 2002
Mon Nov 25 15:13:26 PST 2002
Tue Nov 26 12:42:57 PST 2002
Tue Nov 26 12:46:39 PST 2002
Tue Nov 26 12:53:14 PST 2002
Tue Nov 26 12:56:29 PST 2002
Tue Nov 26 13:21:12 PST 2002
Tue Nov 26 13:36:30 PST 2002
Wed Nov 27 11:22:47 PST 2002
Wed Nov 27 16:50:19 PST 2002
Wed Nov 27 17:23:36 PST 2002
Wed Nov 27 17:53:26 PST 2002
Sun Dec  1 12:30:33 PST 2002
Mon Dec  2 16:47:25 PST 2002
Mon Dec  2 16:59:33 PST 2002
Mon Dec  2 17:02:53 PST 2002
Mon Dec  2 17:07:19 PST 2002
Mon Dec  2 17:08:14 PST 2002
Mon Dec  2 17:11:27 PST 2002
Mon Dec  2 17:29:57 PST 2002
Mon Dec  2 17:31:35 PST 2002
Mon Dec  2 17:32:23 PST 2002
Mon Dec  2 17:33:46 PST 2002
Mon Dec  2 17:36:07 PST 2002
Mon Dec  2 17:53:00 PST 2002
Mon Dec  2 17:57:57 PST 2002
Mon Dec  2 18:02:22 PST 2002
Mon Dec  2 18:05:50 PST 2002
Mon Dec  2 18:10:33 PST 2002
Mon Dec  2 18:15:50 PST 2002
Mon Dec  2 18:22:17 PST 2002
Mon Dec  2 18:53:08 PST 2002
Mon Dec  2 19:05:51 PST 2002
Mon Dec  2 19:15:23 PST 2002
Mon Dec  2 19:18:15 PST 2002
Mon Dec  2 19:23:06 PST 2002
Mon Dec  2 19:25:39 PST 2002
Mon Dec  2 19:32:13 PST 2002
Mon Dec  2 19:33:16 PST 2002
Mon Dec  2 19:33:59 PST 2002
Tue Dec  3 14:42:04 PST 2002
Tue Dec  3 14:50:50 PST 2002
Tue Dec  3 14:54:31 PST 2002
Tue Dec  3 14:55:19 PST 2002
Tue Dec  3 16:09:38 PST 2002
Tue Dec  3 16:12:23 PST 2002
Tue Dec  3 16:14:36 PST 2002
Tue Dec  3 16:16:35 PST 2002
Tue Dec  3 16:17:48 PST 2002
Tue Dec  3 16:21:11 PST 2002
Tue Dec  3 16:23:16 PST 2002
Tue Dec  3 16:28:23 PST 2002
Tue Dec  3 16:31:05 PST 2002
Tue Dec  3 16:57:09 PST 2002
Tue Dec  3 16:58:12 PST 2002
Tue Dec  3 17:00:48 PST 2002
Tue Dec  3 17:13:59 PST 2002
Tue Dec  3 17:18:02 PST 2002
Tue Dec  3 17:37:06 PST 2002
Tue Dec  3 17:43:18 PST 2002
Tue Dec  3 17:47:08 PST 2002
Tue Dec  3 17:48:49 PST 2002
Tue Dec  3 17:50:05 PST 2002
Tue Dec  3 17:51:06 PST 2002
Tue Dec  3 17:53:41 PST 2002
Tue Dec  3 17:55:30 PST 2002
Tue Dec  3 17:58:55 PST 2002
Tue Dec  3 18:06:12 PST 2002
Tue Dec  3 18:25:12 PST 2002
Tue Dec  3 18:29:24 PST 2002
Tue Dec  3 18:33:32 PST 2002
Tue Dec  3 18:35:37 PST 2002
Tue Dec  3 18:39:52 PST 2002
Tue Dec  3 18:41:00 PST 2002
Tue Dec  3 18:52:49 PST 2002
Tue Dec  3 18:55:15 PST 2002
Tue Dec  3 19:07:00 PST 2002
Tue Dec  3 19:10:39 PST 2002
Tue Dec  3 19:14:23 PST 2002
Tue Dec  3 19:20:16 PST 2002
Tue Dec  3 19:24:03 PST 2002
Tue Dec  3 19:26:58 PST 2002
Tue Dec  3 19:29:39 PST 2002
Tue Dec  3 19:34:20 PST 2002
Wed Dec  4 09:33:09 PST 2002
Wed Dec  4 09:42:52 PST 2002
Wed Dec  4 09:52:46 PST 2002
Wed Dec  4 09:57:34 PST 2002
Wed Dec  4 10:01:56 PST 2002
Wed Dec  4 10:03:02 PST 2002
Wed Dec  4 10:04:36 PST 2002
Wed Dec  4 10:05:57 PST 2002
Wed Dec  4 10:08:09 PST 2002
Wed Dec  4 10:13:30 PST 2002
Wed Dec  4 12:08:00 PST 2002
Wed Dec  4 12:10:39 PST 2002
Wed Dec  4 12:28:17 PST 2002
Wed Dec  4 12:34:14 PST 2002
Wed Dec  4 12:35:29 PST 2002
Wed Dec  4 12:37:35 PST 2002
Wed Dec  4 12:38:42 PST 2002
Wed Dec  4 12:39:41 PST 2002
Wed Dec  4 12:42:16 PST 2002
Wed Dec  4 12:50:25 PST 2002
Wed Dec  4 12:54:35 PST 2002
Wed Dec  4 12:57:05 PST 2002
Wed Dec  4 12:58:15 PST 2002
Wed Dec  4 12:59:04 PST 2002
Wed Dec  4 13:01:22 PST 2002
Wed Dec  4 13:07:53 PST 2002
Wed Dec  4 13:11:14 PST 2002
Wed Dec  4 13:12:07 PST 2002
Wed Dec  4 13:18:17 PST 2002
Wed Dec  4 13:43:24 PST 2002
Wed Dec  4 13:44:19 PST 2002
Wed Dec  4 13:51:16 PST 2002
Wed Dec  4 13:57:41 PST 2002
Wed Dec  4 14:41:50 PST 2002
Wed Dec  4 14:42:22 PST 2002
Wed Dec  4 15:13:16 PST 2002
Wed Dec  4 15:24:47 PST 2002
Wed Dec  4 16:22:14 PST 2002
Wed Dec  4 16:31:43 PST 2002
Wed Dec  4 16:34:26 PST 2002
Wed Dec  4 16:35:35 PST 2002
Wed Dec  4 16:44:58 PST 2002
Wed Dec  4 16:48:05 PST 2002
Wed Dec  4 17:12:17 PST 2002
Wed Dec  4 17:29:11 PST 2002
Wed Dec  4 21:30:58 PST 2002
Thu Dec  5 18:12:37 PST 2002
Thu Dec  5 18:14:58 PST 2002
Thu Dec  5 18:20:19 PST 2002
Thu Dec  5 18:21:11 PST 2002
Thu Dec  5 18:22:06 PST 2002
Thu Dec  5 18:26:36 PST 2002
Thu Dec  5 18:27:38 PST 2002
Thu Dec  5 18:34:55 PST 2002
Sat Dec  7 08:31:56 PST 2002
Sat Dec  7 09:52:10 PST 2002
Sat Dec  7 09:56:43 PST 2002
Sat Dec  7 11:29:49 PST 2002
Sat Dec  7 11:38:27 PST 2002
Sat Dec  7 11:39:58 PST 2002
Sat Dec  7 11:44:59 PST 2002
Sat Dec  7 11:47:29 PST 2002
Sat Dec  7 11:51:50 PST 2002
Mon Dec 16 09:39:35 PST 2002
Mon Dec 16 09:51:01 PST 2002
Mon Dec 16 09:56:41 PST 2002
Mon Dec 16 11:42:15 PST 2002
Mon Dec 16 11:44:53 PST 2002
Mon Dec 16 12:54:44 PST 2002
Mon Dec 16 13:21:19 PST 2002
Mon Dec 16 13:23:28 PST 2002
Mon Dec 16 20:56:20 PST 2002
Mon Dec 16 22:09:31 PST 2002
Wed Dec 18 13:02:00 PST 2002
Thu Dec 19 13:05:54 PST 2002
Thu Dec 19 13:12:51 PST 2002
Thu Dec 19 13:18:52 PST 2002
Thu Dec 19 13:22:01 PST 2002
Thu Dec 19 13:23:52 PST 2002
Thu Dec 19 13:25:15 PST 2002
Thu Dec 19 15:02:30 PST 2002
Thu Dec 19 15:04:20 PST 2002
Thu Dec 19 18:10:15 PST 2002
Sat Jan  4 23:01:04 PST 2003
Sat Jan  4 23:09:58 PST 2003
Sat Jan  4 23:15:30 PST 2003
Sat Jan  4 23:16:38 PST 2003
Sat Jan  4 23:19:30 PST 2003
Sat Jan  4 23:34:10 PST 2003
Mon Jan  6 17:02:15 PST 2003
Tue Jan  7 13:47:44 PST 2003
Wed Jan  8 16:48:41 PST 2003
Thu Jan 16 11:58:10 PST 2003
Thu Jan 16 11:59:47 PST 2003
Thu Jan 16 12:00:42 PST 2003
Thu Jan 16 12:07:39 PST 2003
Thu Jan 16 12:10:50 PST 2003
Thu Jan 16 12:13:47 PST 2003
Thu Jan 16 12:18:21 PST 2003
Thu Jan 16 12:20:06 PST 2003
Thu Jan 16 12:21:57 PST 2003
Thu Jan 16 12:23:20 PST 2003
Thu Jan 16 12:26:31 PST 2003
Thu Jan 16 12:52:14 PST 2003
Thu Jan 16 14:19:20 PST 2003
Thu Jan 16 14:22:27 PST 2003
Thu Jan 16 14:26:04 PST 2003
Thu Jan 16 14:28:43 PST 2003
Thu Jan 16 14:32:04 PST 2003
Thu Jan 16 14:32:57 PST 2003
Thu Jan 16 14:34:08 PST 2003
Thu Jan 16 14:35:10 PST 2003
Thu Jan 16 14:40:31 PST 2003
Thu Jan 16 14:45:21 PST 2003
Thu Jan 16 14:47:10 PST 2003
Thu Jan 16 15:04:58 PST 2003
Thu Jan 16 15:08:02 PST 2003
Thu Jan 16 15:10:30 PST 2003
Thu Jan 16 15:20:26 PST 2003
Thu Jan 16 15:21:20 PST 2003
Thu Jan 16 15:24:32 PST 2003
Thu Jan 16 15:29:10 PST 2003
Thu Jan 16 15:31:30 PST 2003
Thu Jan 16 15:34:37 PST 2003
Thu Jan 16 16:42:41 PST 2003
Thu Jan 16 16:45:55 PST 2003
Thu Jan 16 16:47:25 PST 2003
Thu Jan 16 16:51:52 PST 2003
Thu Jan 16 16:52:39 PST 2003
Thu Jan 16 16:53:47 PST 2003
Thu Jan 16 16:57:44 PST 2003
Thu Jan 16 17:01:33 PST 2003
Thu Jan 16 17:04:32 PST 2003
Thu Jan 16 17:05:45 PST 2003
Thu Jan 16 17:07:09 PST 2003
Thu Jan 16 17:08:28 PST 2003
Thu Jan 16 17:10:28 PST 2003
Thu Jan 16 17:11:57 PST 2003
Thu Jan 16 17:27:53 PST 2003
Thu Jan 16 17:29:57 PST 2003
Thu Jan 16 17:31:22 PST 2003
Thu Jan 16 17:33:45 PST 2003
Thu Jan 16 17:38:07 PST 2003
Thu Jan 16 17:40:46 PST 2003
Thu Jan 16 17:43:11 PST 2003
Thu Jan 16 17:43:45 PST 2003
Thu Jan 16 17:47:27 PST 2003
Thu Jan 16 17:49:41 PST 2003
Thu Jan 16 17:52:28 PST 2003
Thu Jan 16 17:54:44 PST 2003
Thu Jan 16 17:56:19 PST 2003
Thu Jan 16 18:05:05 PST 2003
Thu Jan 16 18:06:32 PST 2003
Thu Jan 16 18:17:41 PST 2003
Thu Jan 16 18:27:43 PST 2003
Thu Jan 16 18:39:53 PST 2003
Thu Jan 16 18:42:11 PST 2003
Thu Jan 16 18:43:23 PST 2003
Thu Jan 16 18:45:33 PST 2003
Thu Jan 16 18:52:21 PST 2003
Thu Jan 16 18:54:30 PST 2003
Thu Jan 16 18:57:11 PST 2003
Thu Jan 16 18:58:52 PST 2003
Thu Jan 16 19:03:34 PST 2003
Thu Jan 16 19:07:04 PST 2003
Thu Jan 16 19:09:05 PST 2003
Thu Jan 16 19:10:53 PST 2003
Thu Jan 16 19:17:59 PST 2003
Thu Jan 16 19:21:20 PST 2003
Thu Jan 16 19:22:50 PST 2003
Thu Jan 16 19:24:00 PST 2003
Mon Jan 20 10:11:46 PST 2003
Mon Jan 20 10:14:05 PST 2003
Mon Jan 20 10:16:45 PST 2003
Mon Jan 20 10:19:36 PST 2003
Mon Jan 20 10:21:05 PST 2003
Mon Jan 20 10:22:23 PST 2003
Mon Jan 20 10:23:46 PST 2003
Mon Jan 20 10:25:23 PST 2003
Mon Jan 20 15:37:56 PST 2003
Mon Jan 20 15:41:14 PST 2003
Mon Jan 20 15:43:19 PST 2003
Mon Jan 20 16:53:33 PST 2003
Mon Jan 20 17:03:07 PST 2003
Mon Jan 20 17:04:57 PST 2003
Mon Jan 20 17:06:26 PST 2003
Mon Jan 20 17:11:28 PST 2003
Mon Jan 20 17:12:39 PST 2003
Mon Jan 20 17:16:27 PST 2003
Mon Jan 20 17:18:20 PST 2003
Mon Jan 20 17:20:35 PST 2003
Mon Jan 20 17:21:08 PST 2003
Mon Jan 20 17:25:49 PST 2003
Mon Jan 20 17:27:36 PST 2003
Mon Jan 20 17:33:27 PST 2003
Mon Jan 20 17:34:23 PST 2003
Mon Jan 20 17:38:43 PST 2003
Mon Jan 20 17:40:09 PST 2003
Thu Jan 23 17:17:24 PST 2003
Thu Jan 23 17:20:10 PST 2003
Fri Jan 24 09:21:38 PST 2003
Fri Jan 24 12:45:36 PST 2003
Fri Jan 24 12:46:37 PST 2003
Fri Jan 24 12:47:43 PST 2003
Fri Jan 24 12:49:14 PST 2003
Fri Jan 24 12:50:05 PST 2003
Fri Jan 24 14:00:25 PST 2003
Fri Jan 24 15:06:13 PST 2003
Sat Jan 25 11:46:56 PST 2003
Fri Jan 31 09:22:26 PST 2003
Fri Jan 31 14:34:45 PST 2003
Sun Feb  2 22:24:23 PST 2003
Mon Feb  3 13:39:11 PST 2003
Mon Feb  3 14:01:27 PST 2003
Mon Feb  3 16:50:20 PST 2003
Wed Feb  5 14:37:32 PST 2003
Wed Feb  5 17:56:00 PST 2003
Wed Feb  5 19:05:56 PST 2003
Sun Feb  9 18:48:42 PST 2003
Sun Feb  9 18:50:33 PST 2003
Thu Feb 13 13:32:16 PST 2003
Thu Feb 13 13:36:20 PST 2003
Thu Feb 13 13:39:50 PST 2003
Thu Feb 13 13:43:42 PST 2003
Thu Feb 13 13:45:06 PST 2003
Thu Feb 13 13:52:11 PST 2003
Thu Feb 13 13:53:57 PST 2003
Thu Feb 13 13:58:34 PST 2003
Thu Feb 13 14:01:57 PST 2003
Thu Feb 13 14:04:16 PST 2003
Thu Feb 13 14:05:13 PST 2003
Thu Feb 13 14:08:17 PST 2003
Mon Feb 17 21:09:21 PST 2003
Mon Feb 17 21:20:11 PST 2003
Mon Feb 17 21:22:37 PST 2003
Mon Feb 17 21:25:16 PST 2003
Mon Feb 17 21:37:54 PST 2003
Mon Feb 17 21:58:36 PST 2003
Mon Feb 17 22:02:48 PST 2003
Mon Feb 17 22:05:02 PST 2003
Mon Feb 17 22:07:30 PST 2003
Tue Feb 18 13:49:58 PST 2003
Tue Feb 18 13:52:26 PST 2003
Tue Feb 18 13:56:55 PST 2003
Tue Feb 18 14:00:47 PST 2003
Tue Feb 18 14:10:33 PST 2003
Tue Feb 18 14:33:59 PST 2003
Tue Feb 18 14:35:35 PST 2003
Tue Feb 18 14:40:25 PST 2003
Tue Feb 18 14:45:17 PST 2003
Tue Feb 18 15:25:11 PST 2003
Tue Feb 18 15:43:41 PST 2003
Tue Feb 18 15:46:56 PST 2003
Tue Feb 18 15:48:48 PST 2003
Tue Feb 18 15:49:41 PST 2003
Tue Feb 18 15:50:13 PST 2003
Tue Feb 18 15:54:21 PST 2003
Tue Feb 18 16:05:08 PST 2003
Thu Feb 20 17:16:16 PST 2003
Thu Feb 20 17:18:27 PST 2003
Thu Feb 20 17:22:11 PST 2003
Thu Feb 20 17:24:34 PST 2003
Thu Feb 20 17:34:39 PST 2003
Thu Feb 20 17:37:33 PST 2003
Thu Feb 20 17:42:11 PST 2003
Mon Feb 24 14:00:04 PST 2003
Mon Feb 24 14:04:27 PST 2003
Mon Feb 24 14:08:55 PST 2003
Mon Feb 24 14:11:44 PST 2003
Mon Feb 24 14:16:02 PST 2003
Mon Feb 24 14:19:50 PST 2003
Mon Feb 24 14:21:39 PST 2003
Mon Feb 24 14:23:19 PST 2003
Mon Feb 24 14:26:05 PST 2003
Mon Feb 24 14:29:02 PST 2003
Mon Feb 24 14:36:39 PST 2003
Mon Feb 24 14:39:23 PST 2003
Mon Feb 24 14:49:15 PST 2003
Mon Feb 24 17:04:23 PST 2003
Mon Feb 24 17:48:02 PST 2003
Mon Feb 24 17:50:26 PST 2003
Tue Feb 25 16:42:25 PST 2003
Tue Feb 25 16:44:52 PST 2003
Tue Feb 25 16:47:16 PST 2003
Tue Feb 25 16:48:53 PST 2003
Tue Feb 25 16:52:57 PST 2003
Tue Feb 25 17:03:47 PST 2003
Tue Feb 25 17:04:18 PST 2003
Tue Feb 25 17:06:28 PST 2003
Tue Feb 25 17:10:25 PST 2003
Tue Feb 25 17:13:02 PST 2003
Tue Feb 25 17:41:49 PST 2003
Tue Feb 25 17:44:12 PST 2003
Tue Feb 25 17:45:20 PST 2003
Tue Feb 25 17:51:15 PST 2003
Tue Feb 25 18:03:51 PST 2003
Tue Feb 25 18:19:04 PST 2003
Tue Feb 25 18:20:02 PST 2003
Tue Feb 25 18:21:16 PST 2003
Tue Feb 25 18:41:02 PST 2003
Tue Feb 25 18:42:28 PST 2003
Tue Feb 25 19:00:06 PST 2003
Tue Feb 25 19:04:27 PST 2003
Tue Feb 25 19:06:43 PST 2003
Tue Feb 25 19:08:30 PST 2003
Tue Feb 25 19:15:21 PST 2003
Tue Feb 25 19:16:36 PST 2003
Tue Feb 25 19:19:46 PST 2003
Tue Feb 25 19:23:36 PST 2003
Tue Feb 25 19:30:29 PST 2003
Tue Feb 25 19:38:22 PST 2003
Tue Feb 25 21:56:24 PST 2003
Tue Feb 25 21:58:33 PST 2003
Tue Feb 25 22:01:54 PST 2003
Tue Feb 25 22:03:53 PST 2003
Tue Feb 25 22:05:20 PST 2003
Tue Feb 25 22:14:39 PST 2003
Tue Feb 25 22:16:11 PST 2003
Tue Feb 25 22:16:44 PST 2003
Tue Feb 25 22:17:35 PST 2003
Thu Feb 27 10:59:08 PST 2003
Thu Feb 27 11:11:44 PST 2003
Thu Feb 27 11:13:49 PST 2003
Thu Feb 27 11:16:25 PST 2003
Thu Feb 27 11:19:43 PST 2003
Thu Feb 27 11:21:38 PST 2003
Thu Feb 27 11:23:06 PST 2003
Thu Feb 27 11:28:58 PST 2003
Thu Feb 27 11:31:58 PST 2003
Thu Feb 27 11:33:05 PST 2003
Fri Feb 28 10:22:09 PST 2003
Fri Feb 28 13:17:42 PST 2003
Fri Feb 28 13:39:15 PST 2003
Fri Feb 28 14:56:09 PST 2003
Tue Mar  4 16:29:00 PST 2003
Fri Mar  7 13:44:59 PST 2003
Wed Mar 12 10:14:30 PST 2003
Wed Mar 12 11:05:12 PST 2003
Fri Mar 14 15:01:07 PST 2003
Fri Mar 14 15:06:50 PST 2003
Mon Mar 17 15:09:18 PST 2003
Mon Mar 17 15:37:48 PST 2003
Mon Mar 17 15:39:32 PST 2003
Mon Mar 17 15:52:56 PST 2003
Mon Mar 17 16:01:01 PST 2003
Mon Mar 17 16:03:32 PST 2003
Mon Mar 17 16:06:16 PST 2003
Mon Mar 17 16:13:22 PST 2003
Mon Mar 17 16:14:40 PST 2003
Mon Mar 17 16:21:24 PST 2003
Mon Mar 17 16:25:08 PST 2003
Mon Mar 17 16:41:07 PST 2003
Mon Mar 17 16:43:21 PST 2003
Mon Mar 17 16:51:00 PST 2003
Mon Mar 17 16:52:40 PST 2003
Mon Mar 17 16:56:02 PST 2003
Mon Mar 17 16:57:43 PST 2003
Mon Mar 17 23:27:31 PST 2003
Sat Mar 22 19:57:06 PST 2003
Sat Mar 22 19:59:39 PST 2003
Sat Mar 22 20:01:38 PST 2003
Mon Mar 24 17:28:43 PST 2003
Mon Mar 24 17:30:44 PST 2003
Mon Mar 24 17:31:46 PST 2003
Mon Mar 24 18:07:08 PST 2003
Thu Mar 27 11:34:00 PST 2003
Mon Apr  7 09:42:45 PDT 2003
Tue Apr  8 12:21:01 PDT 2003
Tue Apr  8 12:24:32 PDT 2003
Tue Apr  8 12:28:11 PDT 2003
Tue Apr  8 12:29:32 PDT 2003
Tue Apr  8 17:03:58 PDT 2003
Thu Apr 10 15:53:37 PDT 2003
Tue Apr 22 15:29:02 PDT 2003
Tue Apr 22 15:31:05 PDT 2003
Thu Apr 24 13:02:59 PDT 2003
Thu Apr 24 13:47:07 PDT 2003
Mon Apr 28 15:39:29 PDT 2003
Wed Apr 30 12:30:32 PDT 2003
Wed Apr 30 14:12:09 PDT 2003
Wed Apr 30 17:56:40 PDT 2003
Wed Apr 30 17:59:16 PDT 2003
Wed Apr 30 18:02:08 PDT 2003
Wed Apr 30 18:14:02 PDT 2003
Wed Apr 30 18:14:57 PDT 2003
Wed Apr 30 18:36:40 PDT 2003
Wed May 28 11:19:35 PDT 2003
Mon Jun  2 17:46:48 PDT 2003
Mon Jun  2 18:12:01 PDT 2003
Tue Jun  3 14:57:01 PDT 2003
Tue Jun 10 11:03:40 PDT 2003
Tue Jul  1 15:02:16 PDT 2003
Tue Jul  1 15:05:24 PDT 2003
Wed Jul  2 14:46:53 PDT 2003
Wed Jul  2 14:57:38 PDT 2003
Wed Jul  2 15:05:57 PDT 2003
Wed Jul  2 15:06:51 PDT 2003
Wed Jul  2 15:29:03 PDT 2003
Wed Jul  2 15:31:45 PDT 2003
Wed Jul  2 15:32:42 PDT 2003
Wed Jul  2 15:34:18 PDT 2003
Wed Jul  2 15:35:39 PDT 2003
Wed Jul  2 15:37:05 PDT 2003
Wed Jul  2 15:39:11 PDT 2003
Wed Jul  2 16:20:20 PDT 2003
Wed Jul  2 16:21:27 PDT 2003
Wed Jul  2 16:23:28 PDT 2003
Wed Jul  2 16:25:53 PDT 2003
Wed Jul  2 16:27:27 PDT 2003
Wed Jul  2 16:28:21 PDT 2003
Wed Jul  2 19:00:34 PDT 2003
Wed Jul  2 19:02:16 PDT 2003
Wed Jul  2 20:13:55 PDT 2003
Tue Jul  8 11:19:49 PDT 2003
Wed Jul  9 14:16:30 PDT 2003
Fri Jul 11 11:06:25 PDT 2003
Fri Jul 11 11:10:24 PDT 2003
Mon Jul 14 11:33:37 PDT 2003
Mon Jul 14 13:43:53 PDT 2003
Mon Jul 14 13:47:04 PDT 2003
Mon Jul 14 13:48:04 PDT 2003
Wed Jul 16 16:25:18 PDT 2003
Sun Jul 27 14:02:07 PDT 2003
Sun Jul 27 14:04:37 PDT 2003
Sun Jul 27 14:06:25 PDT 2003
Sun Jul 27 14:09:35 PDT 2003
Sun Jul 27 14:11:21 PDT 2003
Sun Jul 27 14:17:09 PDT 2003
Sun Jul 27 14:20:19 PDT 2003
Sun Jul 27 14:24:47 PDT 2003
Sun Jul 27 14:26:28 PDT 2003
Sun Jul 27 14:28:15 PDT 2003
Sun Jul 27 15:01:01 PDT 2003
Mon Jul 28 15:23:47 PDT 2003
Mon Aug  4 02:10:15 PDT 2003
Mon Aug  4 02:17:59 PDT 2003
Mon Aug  4 02:21:34 PDT 2003
Mon Aug  4 02:26:33 PDT 2003
Mon Aug  4 02:29:21 PDT 2003
Mon Aug  4 02:32:45 PDT 2003
Mon Aug  4 02:41:30 PDT 2003
Mon Aug  4 02:46:48 PDT 2003
Mon Aug  4 02:48:40 PDT 2003
Mon Aug  4 02:50:32 PDT 2003
Mon Aug  4 02:53:22 PDT 2003
Mon Aug  4 02:53:56 PDT 2003
Mon Aug  4 02:56:20 PDT 2003
Mon Aug  4 02:59:19 PDT 2003
Mon Aug  4 03:00:49 PDT 2003
Mon Aug  4 03:01:31 PDT 2003
Mon Aug  4 03:02:40 PDT 2003
Mon Aug  4 03:06:39 PDT 2003
Mon Aug  4 03:09:34 PDT 2003
Mon Aug  4 03:17:03 PDT 2003
Mon Aug  4 03:19:40 PDT 2003
Mon Aug  4 03:21:22 PDT 2003
Mon Aug  4 03:23:42 PDT 2003
Mon Aug  4 03:24:58 PDT 2003
Mon Aug  4 03:27:58 PDT 2003
Mon Aug  4 03:29:50 PDT 2003
Mon Aug  4 03:33:55 PDT 2003
Mon Aug  4 03:39:32 PDT 2003
Mon Aug  4 03:40:52 PDT 2003
Mon Aug  4 03:41:56 PDT 2003
Mon Aug  4 03:46:17 PDT 2003
Mon Aug  4 03:49:10 PDT 2003
Mon Aug  4 03:52:19 PDT 2003
Wed Aug 20 05:13:31 PDT 2003
Mon Aug 25 04:44:42 PDT 2003
Tue Sep  2 15:01:58 PDT 2003
Tue Sep  2 15:03:25 PDT 2003
Tue Sep  2 18:38:15 PDT 2003
Tue Sep  2 19:40:49 PDT 2003
Tue Sep  2 19:43:09 PDT 2003
Tue Sep  2 19:46:03 PDT 2003
Tue Sep  2 19:47:32 PDT 2003
Tue Sep  2 19:52:19 PDT 2003
Tue Sep  2 20:01:44 PDT 2003
Tue Sep  2 20:04:54 PDT 2003
Tue Sep  2 23:22:49 PDT 2003
Tue Sep  2 23:24:50 PDT 2003
Tue Sep  2 23:26:24 PDT 2003
Wed Sep  3 00:17:20 PDT 2003
Wed Sep  3 00:18:26 PDT 2003
Wed Sep  3 00:40:09 PDT 2003
Wed Sep  3 00:40:45 PDT 2003
Wed Sep  3 00:58:32 PDT 2003
Wed Sep  3 01:01:40 PDT 2003
Wed Sep  3 09:16:19 PDT 2003
Wed Sep  3 09:24:01 PDT 2003
Mon Sep  8 13:33:28 PDT 2003
Mon Sep  8 13:35:03 PDT 2003
Mon Sep  8 13:39:04 PDT 2003
Mon Sep  8 13:43:49 PDT 2003
Mon Sep  8 22:09:29 PDT 2003
Mon Sep  8 22:12:16 PDT 2003
Mon Sep  8 22:21:47 PDT 2003
Wed Sep 10 12:09:06 PDT 2003
Wed Sep 10 12:27:53 PDT 2003
Wed Sep 10 12:30:17 PDT 2003
Wed Sep 10 12:32:40 PDT 2003
Wed Sep 10 21:25:25 PDT 2003
Wed Sep 10 21:30:16 PDT 2003
Wed Sep 10 21:33:16 PDT 2003
Thu Sep 11 10:44:35 PDT 2003
Mon Sep 15 18:47:29 PDT 2003
Thu Sep 25 09:51:11 PDT 2003
Thu Sep 25 09:52:27 PDT 2003
Thu Sep 25 11:03:41 PDT 2003
Thu Sep 25 11:29:12 PDT 2003
Thu Sep 25 11:36:35 PDT 2003
Thu Sep 25 11:39:52 PDT 2003
Thu Sep 25 11:48:30 PDT 2003
Thu Sep 25 11:50:50 PDT 2003
Thu Sep 25 11:55:22 PDT 2003
Thu Sep 25 11:57:15 PDT 2003
Fri Sep 26 12:54:33 PDT 2003
Fri Sep 26 13:00:37 PDT 2003
Fri Sep 26 13:02:18 PDT 2003
Fri Sep 26 13:03:38 PDT 2003
Fri Sep 26 13:08:36 PDT 2003
Fri Sep 26 13:27:53 PDT 2003
Fri Sep 26 13:30:25 PDT 2003
Fri Sep 26 13:33:50 PDT 2003
Fri Sep 26 13:36:06 PDT 2003
Fri Sep 26 13:37:28 PDT 2003
Fri Sep 26 13:40:03 PDT 2003
Fri Sep 26 13:53:23 PDT 2003
Fri Sep 26 13:56:15 PDT 2003
Fri Sep 26 13:58:50 PDT 2003
Fri Sep 26 14:01:44 PDT 2003
Fri Sep 26 15:07:26 PDT 2003
Fri Sep 26 15:09:22 PDT 2003
Fri Sep 26 15:13:22 PDT 2003
Fri Sep 26 15:27:18 PDT 2003
Fri Sep 26 15:28:10 PDT 2003
Fri Sep 26 15:45:48 PDT 2003
Mon Sep 29 17:03:27 PDT 2003
Tue Sep 30 14:10:32 PDT 2003
Tue Sep 30 14:14:24 PDT 2003
Thu Oct  2 11:29:50 PDT 2003
Thu Oct  2 11:33:17 PDT 2003
Thu Oct  2 11:37:00 PDT 2003
Thu Oct  2 11:47:36 PDT 2003
Thu Oct  2 11:49:30 PDT 2003
Mon Oct  6 14:37:55 PDT 2003
Mon Oct  6 14:40:17 PDT 2003
Mon Oct  6 14:41:26 PDT 2003
Mon Oct  6 14:42:39 PDT 2003
Mon Oct  6 14:46:17 PDT 2003
Mon Oct  6 14:47:07 PDT 2003
Mon Oct  6 14:50:07 PDT 2003
Mon Oct  6 14:51:01 PDT 2003
Mon Oct  6 14:53:40 PDT 2003
Mon Oct  6 14:58:06 PDT 2003
Mon Oct  6 15:00:48 PDT 2003
Mon Oct  6 15:25:19 PDT 2003
Mon Oct  6 15:35:19 PDT 2003
Mon Oct  6 17:29:20 PDT 2003
Mon Oct  6 17:31:20 PDT 2003
Mon Oct  6 17:32:14 PDT 2003
Wed Oct  8 14:37:24 PDT 2003
Wed Oct  8 14:42:19 PDT 2003
Wed Oct  8 15:20:52 PDT 2003
Wed Oct  8 15:27:56 PDT 2003
Wed Oct  8 15:31:03 PDT 2003
Wed Oct  8 15:44:28 PDT 2003
Wed Oct  8 17:15:27 PDT 2003
Wed Oct  8 17:17:51 PDT 2003
Wed Oct  8 17:22:30 PDT 2003
Wed Oct  8 17:25:01 PDT 2003
Wed Oct  8 17:35:33 PDT 2003
Wed Oct  8 17:39:57 PDT 2003
Wed Oct  8 17:46:59 PDT 2003
Wed Oct  8 18:14:42 PDT 2003
Mon Oct 13 15:04:30 PDT 2003
Mon Oct 13 15:05:46 PDT 2003
Sun Oct 26 11:37:05 PST 2003
Sun Oct 26 14:23:59 PST 2003
Sun Oct 26 15:01:42 PST 2003
Sun Oct 26 15:31:19 PST 2003
Sun Oct 26 15:35:04 PST 2003
Sun Oct 26 15:42:43 PST 2003
Sun Oct 26 15:46:32 PST 2003
Mon Oct 27 08:54:26 PST 2003
Mon Oct 27 09:01:20 PST 2003
Mon Oct 27 09:16:43 PST 2003
Mon Oct 27 09:19:00 PST 2003
Mon Oct 27 09:20:43 PST 2003
Mon Oct 27 09:22:15 PST 2003
Mon Oct 27 13:24:40 PST 2003
Mon Oct 27 14:28:11 PST 2003
Mon Oct 27 16:15:50 PST 2003
Mon Oct 27 18:19:03 PST 2003
Tue Oct 28 09:55:41 PST 2003
Tue Oct 28 10:07:37 PST 2003
Tue Oct 28 10:10:43 PST 2003
Tue Oct 28 10:13:54 PST 2003
Tue Oct 28 10:17:03 PST 2003
Tue Oct 28 10:19:59 PST 2003
Tue Oct 28 10:24:04 PST 2003
Tue Oct 28 10:26:55 PST 2003
Tue Oct 28 10:30:20 PST 2003
Tue Oct 28 10:35:25 PST 2003
Tue Oct 28 10:40:33 PST 2003
Tue Oct 28 11:25:29 PST 2003
Tue Oct 28 15:02:54 PST 2003
Fri Oct 31 09:29:36 PST 2003
Fri Oct 31 09:30:15 PST 2003
Fri Oct 31 09:33:11 PST 2003
Fri Oct 31 09:36:09 PST 2003
Fri Oct 31 09:42:04 PST 2003
Fri Oct 31 09:49:51 PST 2003
Fri Oct 31 09:52:29 PST 2003
Fri Oct 31 10:20:46 PST 2003
Fri Oct 31 10:26:55 PST 2003
Fri Oct 31 10:28:54 PST 2003
Fri Oct 31 10:31:36 PST 2003
Fri Oct 31 10:33:18 PST 2003
Fri Oct 31 10:49:55 PST 2003
Fri Oct 31 10:52:48 PST 2003
Fri Oct 31 10:56:51 PST 2003
Fri Oct 31 12:37:25 PST 2003
Fri Oct 31 13:43:07 PST 2003
Fri Oct 31 13:48:45 PST 2003
Fri Oct 31 14:06:56 PST 2003
Sat Nov  1 12:44:55 PST 2003
Mon Nov  3 09:33:06 PST 2003
Wed Nov  5 23:30:12 PST 2003
Wed Nov  5 23:33:08 PST 2003
Thu Nov  6 09:47:20 PST 2003
Fri Nov  7 16:16:16 PST 2003
Sun Nov  9 15:02:41 PST 2003
Sun Nov  9 15:08:51 PST 2003
Sun Nov  9 15:13:37 PST 2003
Sun Nov  9 15:18:39 PST 2003
Sun Nov  9 15:20:50 PST 2003
Sun Nov  9 15:22:03 PST 2003
Sun Nov  9 15:22:50 PST 2003
Sun Nov  9 15:23:57 PST 2003
Sun Nov  9 15:34:58 PST 2003
Sun Nov  9 16:10:13 PST 2003
Sun Nov  9 16:26:02 PST 2003
Sun Nov  9 16:28:07 PST 2003
Sun Nov  9 16:33:42 PST 2003
Sun Nov  9 16:44:02 PST 2003
Sun Nov  9 16:45:51 PST 2003
Sun Nov  9 16:47:35 PST 2003
Sun Nov  9 16:49:53 PST 2003
Sun Nov  9 16:56:05 PST 2003
Sun Nov  9 16:57:05 PST 2003
Sun Nov  9 17:00:07 PST 2003
Sun Nov  9 17:02:09 PST 2003
Sun Nov  9 17:07:28 PST 2003
Sun Nov  9 17:10:28 PST 2003
Sun Nov  9 17:12:29 PST 2003
Sun Nov  9 17:24:30 PST 2003
Sun Nov  9 17:53:10 PST 2003
Sun Nov  9 19:02:18 PST 2003
Mon Nov 10 10:18:33 PST 2003
Mon Nov 10 17:49:42 PST 2003
Mon Nov 10 17:54:45 PST 2003
Mon Nov 10 17:56:53 PST 2003
Mon Nov 10 17:58:08 PST 2003
Mon Nov 10 17:59:48 PST 2003
Mon Nov 10 18:09:27 PST 2003
Mon Nov 10 18:20:06 PST 2003
Mon Nov 10 18:25:27 PST 2003
Mon Nov 10 18:28:17 PST 2003
Mon Nov 10 18:33:42 PST 2003
Mon Nov 10 18:35:31 PST 2003
Mon Nov 10 18:49:21 PST 2003
Mon Nov 10 19:38:44 PST 2003
Mon Nov 10 19:45:06 PST 2003
Mon Nov 10 19:46:39 PST 2003
Tue Nov 11 00:47:49 PST 2003
Tue Nov 11 00:52:52 PST 2003
Tue Nov 11 00:55:39 PST 2003
Tue Nov 11 00:56:58 PST 2003
Tue Nov 11 01:01:29 PST 2003
Tue Nov 11 01:05:31 PST 2003
Tue Nov 11 01:15:30 PST 2003
Tue Nov 11 14:03:31 PST 2003
Wed Nov 19 12:36:34 PST 2003
Wed Nov 19 14:29:29 PST 2003
Wed Nov 19 14:31:02 PST 2003
Wed Nov 19 14:49:04 PST 2003
Mon Nov 24 17:13:46 PST 2003
Mon Nov 24 17:16:42 PST 2003
Mon Nov 24 17:18:54 PST 2003
Mon Nov 24 17:20:14 PST 2003
Mon Nov 24 17:21:24 PST 2003
Mon Nov 24 17:23:44 PST 2003
Mon Nov 24 17:29:11 PST 2003
Mon Nov 24 17:31:24 PST 2003
Mon Nov 24 17:34:59 PST 2003
Mon Nov 24 17:36:56 PST 2003
Mon Nov 24 17:44:11 PST 2003
Mon Nov 24 17:48:11 PST 2003
Mon Nov 24 19:16:50 PST 2003
Mon Nov 24 19:20:27 PST 2003
Mon Nov 24 19:27:32 PST 2003
Mon Nov 24 19:28:54 PST 2003
Mon Nov 24 19:43:55 PST 2003
Tue Nov 25 08:39:03 PST 2003
Tue Nov 25 08:50:26 PST 2003
Tue Nov 25 09:04:55 PST 2003
Tue Nov 25 09:08:11 PST 2003
Tue Nov 25 09:12:01 PST 2003
Tue Nov 25 09:17:03 PST 2003
Tue Nov 25 09:39:22 PST 2003
Tue Nov 25 09:41:27 PST 2003
Tue Nov 25 09:47:27 PST 2003
Tue Nov 25 09:51:51 PST 2003
Tue Nov 25 10:19:01 PST 2003
Tue Nov 25 10:40:18 PST 2003
Tue Nov 25 10:47:42 PST 2003
Tue Nov 25 10:52:58 PST 2003
Tue Nov 25 10:56:55 PST 2003
Tue Nov 25 11:01:57 PST 2003
Tue Nov 25 11:26:21 PST 2003
Tue Nov 25 11:39:32 PST 2003
Tue Nov 25 11:52:59 PST 2003
Tue Nov 25 12:01:59 PST 2003
Tue Nov 25 12:05:28 PST 2003
Tue Nov 25 12:12:27 PST 2003
Tue Nov 25 12:17:21 PST 2003
Tue Nov 25 14:11:38 PST 2003
Tue Nov 25 14:16:10 PST 2003
Tue Nov 25 14:22:45 PST 2003
Tue Nov 25 14:29:10 PST 2003
Tue Nov 25 14:33:21 PST 2003
Tue Nov 25 14:35:04 PST 2003
Wed Nov 26 16:25:58 PST 2003
Wed Nov 26 16:29:23 PST 2003
Wed Nov 26 16:31:31 PST 2003
Wed Nov 26 16:38:33 PST 2003
Wed Nov 26 16:42:56 PST 2003
Wed Nov 26 16:55:22 PST 2003
Wed Nov 26 16:58:58 PST 2003
Wed Nov 26 17:01:45 PST 2003
Fri Nov 28 12:22:05 PST 2003
Fri Nov 28 12:36:10 PST 2003
Fri Nov 28 12:37:56 PST 2003
Fri Nov 28 12:42:00 PST 2003
Fri Nov 28 12:55:10 PST 2003
Fri Nov 28 12:58:37 PST 2003
Fri Nov 28 13:00:05 PST 2003
Fri Nov 28 13:01:26 PST 2003
Fri Nov 28 13:25:33 PST 2003
Fri Nov 28 13:27:54 PST 2003
Fri Nov 28 13:30:38 PST 2003
Fri Nov 28 13:32:53 PST 2003
Fri Nov 28 13:34:15 PST 2003
Fri Nov 28 13:40:06 PST 2003
Fri Nov 28 13:58:48 PST 2003
Fri Nov 28 14:05:46 PST 2003
Fri Nov 28 14:08:50 PST 2003
Fri Nov 28 14:11:14 PST 2003
Fri Nov 28 14:12:25 PST 2003
Fri Nov 28 14:14:43 PST 2003
Fri Nov 28 14:16:07 PST 2003
Fri Nov 28 14:17:43 PST 2003
Fri Nov 28 14:20:30 PST 2003
Fri Nov 28 14:22:11 PST 2003
Fri Nov 28 14:23:24 PST 2003
Fri Nov 28 14:25:58 PST 2003
Fri Nov 28 15:37:05 PST 2003
Fri Nov 28 15:39:14 PST 2003
Fri Nov 28 15:40:06 PST 2003
Fri Nov 28 15:41:57 PST 2003
Fri Nov 28 15:42:44 PST 2003
Fri Nov 28 15:57:34 PST 2003
Fri Nov 28 16:06:00 PST 2003
Fri Nov 28 16:06:54 PST 2003
Fri Nov 28 16:08:38 PST 2003
Fri Nov 28 16:10:26 PST 2003
Fri Nov 28 16:10:45 PST 2003
Fri Nov 28 16:11:45 PST 2003
Fri Nov 28 16:13:00 PST 2003
Fri Nov 28 16:14:37 PST 2003
Fri Nov 28 16:15:58 PST 2003
Fri Nov 28 16:17:45 PST 2003
Fri Nov 28 16:22:55 PST 2003
Fri Nov 28 16:33:46 PST 2003
Fri Nov 28 16:34:58 PST 2003
Fri Nov 28 16:35:32 PST 2003
Fri Nov 28 16:36:09 PST 2003
Fri Nov 28 16:37:01 PST 2003
Fri Nov 28 16:38:59 PST 2003
Fri Nov 28 16:39:42 PST 2003
Fri Nov 28 16:40:49 PST 2003
Fri Nov 28 16:41:29 PST 2003
Fri Nov 28 16:42:02 PST 2003
Fri Nov 28 16:47:04 PST 2003
Fri Nov 28 16:50:41 PST 2003
Fri Nov 28 16:51:29 PST 2003
Fri Nov 28 16:53:12 PST 2003
Fri Nov 28 16:57:06 PST 2003
Fri Nov 28 16:58:29 PST 2003
Fri Nov 28 17:00:35 PST 2003
Fri Nov 28 17:11:03 PST 2003
Fri Nov 28 17:14:21 PST 2003
Fri Nov 28 17:17:07 PST 2003
Fri Nov 28 17:20:29 PST 2003
Fri Nov 28 17:23:15 PST 2003
Fri Nov 28 17:25:19 PST 2003
Fri Nov 28 17:28:06 PST 2003
Fri Nov 28 17:29:55 PST 2003
Mon Dec  1 21:16:36 PST 2003
Mon Dec  1 21:21:12 PST 2003
Mon Dec  1 21:26:58 PST 2003
Mon Dec  1 21:30:56 PST 2003
Tue Dec  2 10:25:13 PST 2003
Tue Dec  2 10:30:05 PST 2003
Tue Dec  2 10:31:51 PST 2003
Tue Dec  2 10:34:01 PST 2003
Tue Dec  2 10:36:59 PST 2003
Tue Dec  2 10:39:26 PST 2003
Tue Dec  2 10:55:43 PST 2003
Tue Dec  2 11:06:33 PST 2003
Wed Dec  3 08:59:59 PST 2003
Wed Dec  3 14:19:10 PST 2003
Wed Dec  3 14:29:29 PST 2003
Wed Dec  3 14:32:09 PST 2003
Wed Dec  3 14:34:46 PST 2003
Wed Dec  3 14:38:04 PST 2003
Wed Dec  3 14:57:57 PST 2003
Wed Dec  3 15:35:42 PST 2003
Wed Dec  3 16:28:30 PST 2003
Fri Dec  5 14:37:18 PST 2003
Fri Dec  5 14:45:05 PST 2003
Fri Dec  5 14:51:13 PST 2003
Fri Dec  5 14:53:05 PST 2003
Fri Dec  5 14:59:09 PST 2003
Fri Dec  5 15:00:29 PST 2003
Fri Dec  5 15:04:54 PST 2003
Fri Dec  5 15:10:14 PST 2003
Fri Dec  5 15:14:38 PST 2003
Fri Dec  5 15:18:26 PST 2003
Fri Dec  5 15:20:15 PST 2003
Fri Dec  5 15:21:28 PST 2003
Fri Dec  5 15:23:13 PST 2003
Fri Dec  5 15:29:54 PST 2003
Fri Dec  5 15:38:42 PST 2003
Fri Dec  5 15:40:34 PST 2003
Fri Dec  5 15:43:27 PST 2003
Mon Dec  8 10:58:27 PST 2003
Mon Dec  8 10:59:37 PST 2003
Mon Dec  8 11:00:06 PST 2003
Mon Dec  8 11:13:37 PST 2003
Mon Dec  8 11:15:27 PST 2003
Mon Dec  8 11:17:06 PST 2003
Mon Dec  8 11:19:18 PST 2003
Mon Dec  8 11:22:09 PST 2003
Wed Dec 10 11:46:05 PST 2003
Wed Dec 10 11:49:10 PST 2003
Thu Dec 11 13:36:00 PST 2003
Sat Dec 13 15:07:41 PST 2003
Sat Dec 13 15:19:43 PST 2003
Tue Dec 16 14:21:33 PST 2003
Tue Dec 16 14:25:35 PST 2003
Wed Dec 17 16:46:28 PST 2003
Wed Dec 17 17:09:16 PST 2003
Wed Dec 17 17:32:49 PST 2003
Wed Dec 17 18:15:05 PST 2003
Wed Dec 17 18:19:40 PST 2003
Wed Dec 17 18:45:29 PST 2003
Wed Dec 17 18:47:38 PST 2003
Wed Dec 17 18:55:16 PST 2003
Wed Dec 17 19:02:55 PST 2003
Fri Dec 19 11:53:02 PST 2003
Tue Jan  6 17:29:42 PST 2004
Tue Jan  6 17:34:05 PST 2004
Wed Jan  7 18:59:27 PST 2004
Thu Jan  8 14:17:16 PST 2004
Thu Jan  8 15:29:51 PST 2004
Fri Jan  9 08:31:10 PST 2004
Fri Jan  9 09:06:26 PST 2004
Fri Jan  9 09:13:37 PST 2004
Fri Jan  9 09:33:21 PST 2004
Fri Jan  9 09:36:24 PST 2004
Fri Jan  9 09:37:58 PST 2004
Fri Jan  9 09:43:17 PST 2004
Fri Jan  9 09:53:01 PST 2004
Fri Jan  9 15:37:33 PST 2004
Fri Jan  9 15:41:06 PST 2004
Fri Jan 16 16:55:24 PST 2004
Fri Jan 16 16:59:20 PST 2004
Wed Jan 21 09:59:28 PST 2004
Fri Jan 30 11:09:04 PST 2004
Fri Jan 30 11:15:58 PST 2004
Fri Jan 30 12:04:41 PST 2004
Wed Feb 18 13:37:11 PST 2004
Wed Feb 18 14:46:03 PST 2004
Wed Feb 18 15:27:48 PST 2004
Wed Feb 18 15:32:07 PST 2004
Wed Feb 18 15:33:24 PST 2004
Fri Feb 20 10:16:40 PST 2004
Fri Feb 20 11:48:43 PST 2004
Fri Feb 20 17:24:08 PST 2004
Mon Feb 23 09:20:16 PST 2004
Mon Feb 23 11:39:24 PST 2004
Fri Feb 27 10:10:30 PST 2004
Fri Mar  5 12:49:38 PST 2004
Fri Mar  5 13:21:46 PST 2004
Fri Mar  5 17:17:32 PST 2004
Mon Mar 15 14:55:10 PST 2004
Mon Mar 15 14:56:36 PST 2004
Mon Mar 15 15:26:09 PST 2004
Thu Mar 25 16:32:03 PST 2004
Fri Mar 26 12:57:09 PST 2004
Wed Apr  7 09:33:19 PDT 2004
Wed Apr  7 09:37:54 PDT 2004
Wed Apr  7 09:40:36 PDT 2004
Wed Apr  7 09:47:24 PDT 2004
Wed Apr  7 22:12:21 PDT 2004
Wed Apr  7 22:19:14 PDT 2004
Wed Apr  7 22:28:00 PDT 2004
Fri Apr  9 12:33:02 PDT 2004
Sun Apr 11 12:48:04 PDT 2004
Sun Apr 11 12:53:05 PDT 2004
Sun Apr 11 12:55:25 PDT 2004
Sun Apr 11 12:57:24 PDT 2004
Sun Apr 11 14:41:56 PDT 2004
Sun Apr 11 14:44:53 PDT 2004
Sun Apr 11 14:53:56 PDT 2004
Wed Apr 14 22:28:13 PDT 2004
Wed Apr 14 22:38:22 PDT 2004
Wed Apr 14 22:47:32 PDT 2004
Wed Apr 14 22:49:45 PDT 2004
Wed Apr 14 22:50:26 PDT 2004
Wed Apr 14 22:51:31 PDT 2004
Wed Apr 14 22:54:58 PDT 2004
Wed Apr 14 22:57:18 PDT 2004
Wed Apr 14 23:00:03 PDT 2004
Wed Apr 14 23:01:41 PDT 2004
Wed Apr 14 23:05:20 PDT 2004
Wed Apr 14 23:07:54 PDT 2004
Wed Apr 14 23:11:51 PDT 2004
Thu Apr 15 10:43:32 PDT 2004
Thu Apr 15 10:48:28 PDT 2004
Thu Apr 15 10:50:27 PDT 2004
Thu Apr 15 10:52:09 PDT 2004
Thu Apr 15 10:57:22 PDT 2004
Thu Apr 15 12:35:22 PDT 2004
Thu Apr 15 14:00:27 PDT 2004
Thu Apr 15 14:06:52 PDT 2004
Thu Apr 15 14:14:29 PDT 2004
Thu Apr 15 14:18:54 PDT 2004
Thu Apr 15 14:35:03 PDT 2004
Thu Apr 15 14:38:23 PDT 2004
Thu Apr 15 14:48:54 PDT 2004
Thu Apr 15 14:52:01 PDT 2004
Thu Apr 15 15:09:06 PDT 2004
Thu Apr 15 15:10:21 PDT 2004
Fri Apr 16 15:09:38 PDT 2004
Tue Apr 20 09:35:46 PDT 2004
Tue Apr 20 10:00:50 PDT 2004
Wed Apr 28 11:49:45 PDT 2004
Thu Apr 29 15:46:32 PDT 2004
Thu Apr 29 15:48:40 PDT 2004
Thu Apr 29 15:54:15 PDT 2004
Tue May  4 22:17:57 PDT 2004
Tue May  4 22:20:35 PDT 2004
Wed May  5 16:58:12 PDT 2004
Mon May 17 16:52:17 PDT 2004
Mon May 17 16:55:47 PDT 2004
Mon May 17 16:59:33 PDT 2004
Mon May 17 17:03:36 PDT 2004
Mon May 17 17:17:52 PDT 2004
Mon Jun  7 09:12:12 PDT 2004
Mon Jun  7 09:14:33 PDT 2004
Mon Jun  7 09:21:42 PDT 2004
Mon Jun  7 09:23:46 PDT 2004
Mon Jun  7 09:26:18 PDT 2004
Mon Jun  7 09:40:38 PDT 2004
Wed Jun 16 17:30:07 PDT 2004
Thu Jun 17 15:37:19 PDT 2004
Wed Jul  7 11:24:13 PDT 2004
Wed Jul  7 11:25:36 PDT 2004
Wed Jul  7 12:09:11 PDT 2004
Wed Jul  7 13:50:48 PDT 2004
Wed Jul  7 13:57:56 PDT 2004
Sat Jul 17 12:43:19 PDT 2004
Sat Jul 17 12:44:27 PDT 2004
Sat Jul 17 12:48:02 PDT 2004
Tue Jul 20 11:42:58 PDT 2004
Tue Jul 20 11:51:03 PDT 2004
Tue Jul 20 11:54:44 PDT 2004
Tue Jul 20 11:59:08 PDT 2004
Tue Jul 20 12:00:48 PDT 2004
Tue Jul 20 12:02:38 PDT 2004
Tue Jul 20 12:03:03 PDT 2004
Tue Jul 20 12:05:17 PDT 2004
Tue Jul 20 12:06:08 PDT 2004
Tue Jul 20 12:06:35 PDT 2004
Tue Jul 20 12:07:32 PDT 2004
Tue Jul 20 15:54:00 PDT 2004
Tue Jul 20 16:00:18 PDT 2004
Tue Jul 20 17:09:10 PDT 2004
Tue Jul 20 17:15:08 PDT 2004
Tue Jul 20 17:20:20 PDT 2004
Tue Jul 20 17:24:38 PDT 2004
Tue Jul 20 17:26:37 PDT 2004
Tue Jul 20 17:34:14 PDT 2004
Tue Jul 20 17:36:21 PDT 2004
Tue Jul 20 17:57:07 PDT 2004
Fri Jul 30 13:24:31 PDT 2004
Fri Jul 30 14:39:15 PDT 2004
Fri Jul 30 14:40:45 PDT 2004
Mon Aug  2 09:55:55 PDT 2004
Thu Aug  5 12:44:21 PDT 2004
Thu Aug  5 13:15:18 PDT 2004
Wed Aug 11 17:07:20 PDT 2004
Wed Aug 11 17:08:48 PDT 2004
Wed Aug 18 10:52:48 PDT 2004
Wed Aug 18 12:37:40 PDT 2004
Wed Aug 18 12:37:54 PDT 2004
Wed Aug 18 12:42:06 PDT 2004
Wed Aug 18 12:50:10 PDT 2004
Wed Aug 18 12:51:24 PDT 2004
Wed Aug 18 12:54:17 PDT 2004
Wed Aug 18 12:56:54 PDT 2004
Wed Aug 18 12:57:53 PDT 2004
Wed Aug 18 16:07:27 PDT 2004
Wed Aug 18 16:10:58 PDT 2004
Wed Aug 18 16:13:24 PDT 2004
Thu Aug 19 12:23:07 PDT 2004
Thu Aug 19 12:25:13 PDT 2004
Thu Aug 19 12:27:25 PDT 2004
Thu Aug 19 12:29:48 PDT 2004
Thu Aug 19 12:30:45 PDT 2004
Thu Aug 19 12:34:51 PDT 2004
Thu Aug 19 12:37:52 PDT 2004
Thu Aug 19 12:40:23 PDT 2004
Thu Aug 19 12:41:50 PDT 2004
Sun Aug 22 11:31:13 PDT 2004
Sun Aug 22 11:33:06 PDT 2004
Fri Sep  3 17:43:21 PDT 2004
Fri Sep  3 17:50:44 PDT 2004
Fri Sep  3 17:53:22 PDT 2004
Mon Sep 27 14:02:00 PDT 2004
Tue Sep 28 11:39:49 PDT 2004
Sun Oct  3 11:22:08 PDT 2004
Thu Oct  7 10:37:02 PDT 2004
Mon Oct 25 16:00:06 PDT 2004
Mon Oct 25 16:08:23 PDT 2004
Fri Nov 19 15:19:26 PST 2004
Mon Nov 22 13:07:09 PST 2004
Fri Dec  3 14:08:22 PST 2004
Fri Dec  3 14:16:55 PST 2004
Thu Jan 13 13:23:28 PST 2005
Thu Jan 13 13:25:26 PST 2005
Thu Jan 13 13:30:28 PST 2005
Thu Jan 13 13:31:58 PST 2005
Thu Jan 13 13:34:45 PST 2005
Thu Jan 13 13:35:43 PST 2005
Thu Jan 13 13:37:24 PST 2005
Mon Jan 17 12:29:35 PST 2005
Mon Jan 17 12:31:50 PST 2005
Mon Feb 14 09:43:44 PST 2005
Mon Feb 14 09:45:44 PST 2005
Mon Feb 14 11:55:39 PST 2005
Sun Feb 20 15:08:11 PST 2005
Mon Feb 21 17:19:03 PST 2005
Mon Feb 21 17:25:43 PST 2005
Mon Feb 21 17:29:06 PST 2005
Tue Feb 22 13:52:36 PST 2005
Wed Feb 23 21:09:20 PST 2005
Wed Feb 23 21:32:48 PST 2005
Wed Feb 23 21:34:08 PST 2005
Wed Feb 23 21:34:57 PST 2005
Wed Feb 23 21:44:31 PST 2005
Thu Feb 24 10:20:11 PST 2005
Fri Feb 25 11:25:29 PST 2005
Fri Feb 25 11:29:43 PST 2005
Mon Feb 28 15:58:32 PST 2005
Mon Feb 28 16:39:33 PST 2005
Thu Mar 10 10:33:06 PST 2005
Thu Mar 10 10:39:08 PST 2005
Thu Mar 10 10:42:25 PST 2005
Thu Mar 10 10:45:57 PST 2005
Thu Mar 10 10:47:38 PST 2005
Fri Mar 11 14:14:04 PST 2005
Fri Mar 11 14:25:59 PST 2005
Fri Mar 11 14:27:41 PST 2005
Fri Mar 11 14:28:56 PST 2005
Fri Mar 11 14:30:32 PST 2005
Fri Mar 11 14:35:00 PST 2005
Fri Mar 11 14:43:59 PST 2005
Sat Mar 12 12:09:29 PST 2005
Sat Mar 12 12:19:38 PST 2005
Sat Mar 12 12:44:27 PST 2005
Sat Mar 12 12:55:51 PST 2005
Sat Mar 12 13:03:29 PST 2005
Sat Mar 12 14:03:24 PST 2005
Sat Mar 12 15:01:50 PST 2005
Sat Mar 12 15:05:21 PST 2005
Sat Mar 12 15:29:25 PST 2005
Sat Mar 12 15:37:36 PST 2005
Sat Mar 12 15:40:00 PST 2005
Sat Mar 12 15:41:09 PST 2005
Sat Mar 12 15:43:29 PST 2005
Tue Mar 29 13:32:13 PST 2005
Fri Apr  1 12:07:37 PST 2005
Thu Apr 14 00:06:44 PDT 2005
Thu Apr 21 16:36:50 PDT 2005
Tue Apr 26 15:50:27 PDT 2005
Tue Apr 26 16:33:41 PDT 2005
Thu Apr 28 15:21:48 PDT 2005
Thu Apr 28 15:22:55 PDT 2005
Fri Apr 29 17:59:52 PDT 2005
Tue May 10 09:16:05 PDT 2005
Thu May 12 19:45:56 PDT 2005
Sat May 14 12:51:58 PDT 2005
Sat May 14 12:55:11 PDT 2005
Fri May 20 15:50:06 PDT 2005
Fri May 20 15:53:08 PDT 2005
Fri May 20 15:58:46 PDT 2005
Wed Jun  1 17:12:35 PDT 2005
Tue Jun  7 15:09:17 PDT 2005
Tue Jun  7 15:13:29 PDT 2005
Sat Jun 11 15:44:45 PDT 2005
Sat Jun 11 15:45:58 PDT 2005
Sat Jun 11 15:46:53 PDT 2005
Sat Jun 11 15:55:42 PDT 2005
Sat Jun 11 15:56:57 PDT 2005
Sat Jun 11 15:59:08 PDT 2005
Sat Jun 11 16:03:08 PDT 2005
Sat Jun 11 16:27:58 PDT 2005
Sat Jun 11 16:31:06 PDT 2005
Sat Jun 11 16:40:49 PDT 2005
Sat Jun 11 16:42:29 PDT 2005
Sat Jun 11 16:47:48 PDT 2005
Sat Jun 11 16:56:21 PDT 2005
Sat Jun 11 17:11:39 PDT 2005
Sat Jun 11 17:25:19 PDT 2005
Sat Jun 11 17:27:04 PDT 2005
Sat Jun 11 17:45:44 PDT 2005
Sun Jun 12 12:00:57 PDT 2005
Sun Jun 12 12:11:48 PDT 2005
Sun Jun 12 12:30:59 PDT 2005
Sun Jun 12 12:34:19 PDT 2005
Mon Jun 13 13:28:12 PDT 2005
Mon Jun 13 13:40:59 PDT 2005
Mon Jun 13 13:43:02 PDT 2005
Mon Jun 13 13:46:06 PDT 2005
Mon Jun 13 13:54:10 PDT 2005
Mon Jun 13 13:55:59 PDT 2005
Mon Jun 13 13:57:41 PDT 2005
Mon Jun 13 14:54:59 PDT 2005
Mon Jun 13 14:56:06 PDT 2005
Mon Jun 13 15:04:37 PDT 2005
Tue Jun 14 09:38:55 PDT 2005
Tue Jun 14 09:42:05 PDT 2005
Tue Jun 14 15:14:10 PDT 2005
Fri Jul  1 14:48:01 PDT 2005
Fri Jul  1 15:36:24 PDT 2005
Sat Jul  2 14:49:37 PDT 2005
Sat Jul  2 15:58:09 PDT 2005
Sat Jul  2 16:01:42 PDT 2005
Sat Jul  2 19:12:18 PDT 2005
Sat Jul  2 19:32:23 PDT 2005
Sat Jul  2 19:47:31 PDT 2005
Sat Jul  2 20:13:25 PDT 2005
Sat Jul  2 20:17:09 PDT 2005
Sat Jul  2 20:21:02 PDT 2005
Sat Jul  2 20:24:19 PDT 2005
Sat Jul  2 20:27:50 PDT 2005
Sat Jul  2 20:32:31 PDT 2005
Sat Jul  2 20:34:21 PDT 2005
Sat Jul  2 20:40:22 PDT 2005
Sat Jul  2 21:02:04 PDT 2005
Sat Jul  2 21:06:32 PDT 2005
Sat Jul  2 21:10:37 PDT 2005
Sat Jul  2 21:19:21 PDT 2005
Sat Jul  2 21:21:56 PDT 2005
Sat Jul  2 21:23:15 PDT 2005
Sat Jul  2 21:25:20 PDT 2005
Sat Jul  2 21:36:47 PDT 2005
Sat Jul  2 21:38:32 PDT 2005
Sat Jul  2 21:46:14 PDT 2005
Sat Jul  2 21:49:09 PDT 2005
Sat Jul  2 21:51:54 PDT 2005
Sat Jul  2 21:55:04 PDT 2005
Sat Jul  2 21:56:45 PDT 2005
Sat Jul  2 21:57:49 PDT 2005
Sat Jul  2 21:59:14 PDT 2005
Sat Jul  2 22:00:16 PDT 2005
Sat Jul  2 22:03:05 PDT 2005
Sat Jul  2 22:12:53 PDT 2005
Sat Jul  2 22:14:49 PDT 2005
Sat Jul  2 22:18:19 PDT 2005
Sat Jul  2 22:19:56 PDT 2005
Sat Jul  2 22:22:16 PDT 2005
Sat Jul  2 22:23:34 PDT 2005
Sat Jul  2 22:30:04 PDT 2005
Sat Jul  2 22:35:06 PDT 2005
Sat Jul  2 22:48:57 PDT 2005
Sat Jul  2 22:52:55 PDT 2005
Sat Jul  2 22:54:31 PDT 2005
Sat Jul  2 22:57:08 PDT 2005
Sat Jul  2 22:58:27 PDT 2005
Sat Jul  2 23:16:25 PDT 2005
Sat Jul  2 23:19:47 PDT 2005
Sat Jul  2 23:21:47 PDT 2005
Sun Jul  3 13:07:53 PDT 2005
Sun Jul  3 14:14:49 PDT 2005
Sun Jul  3 14:19:27 PDT 2005
Sun Jul  3 14:21:13 PDT 2005
Sun Jul  3 14:29:03 PDT 2005
Sun Jul  3 14:35:42 PDT 2005
Sun Jul  3 14:45:00 PDT 2005
Mon Jul  4 14:04:58 PDT 2005
Mon Jul  4 14:07:18 PDT 2005
Mon Jul  4 14:17:33 PDT 2005
Mon Jul  4 14:34:07 PDT 2005
Mon Jul  4 14:36:40 PDT 2005
Mon Jul  4 14:53:25 PDT 2005
Mon Jul  4 14:58:46 PDT 2005
Mon Jul  4 15:03:51 PDT 2005
Mon Jul  4 15:06:20 PDT 2005
Mon Jul  4 15:11:27 PDT 2005
Mon Jul  4 15:16:19 PDT 2005
Mon Jul  4 15:21:21 PDT 2005
Mon Jul  4 15:24:12 PDT 2005
Mon Jul  4 15:26:54 PDT 2005
Mon Jul  4 15:34:19 PDT 2005
Mon Jul  4 15:36:18 PDT 2005
Mon Jul  4 15:37:27 PDT 2005
Mon Jul  4 15:39:28 PDT 2005
Mon Jul  4 15:41:56 PDT 2005
Fri Jul  8 11:08:50 PDT 2005
Fri Jul  8 17:29:21 PDT 2005
Fri Jul  8 17:32:59 PDT 2005
Fri Jul  8 17:40:01 PDT 2005
Fri Jul  8 17:42:35 PDT 2005
Fri Jul  8 17:45:25 PDT 2005
Fri Jul  8 17:46:56 PDT 2005
Sun Jul 10 22:28:46 PDT 2005
Thu Aug 11 09:36:10 PDT 2005
Thu Aug 11 09:44:15 PDT 2005
Mon Aug 22 21:25:35 PDT 2005
Mon Aug 22 21:30:39 PDT 2005
Mon Aug 22 21:35:23 PDT 2005
Mon Aug 22 21:40:41 PDT 2005
Mon Aug 22 22:08:13 PDT 2005
Mon Aug 22 22:21:28 PDT 2005
Mon Aug 22 22:38:09 PDT 2005
Mon Aug 22 22:40:36 PDT 2005
Mon Aug 22 22:41:45 PDT 2005
Mon Aug 22 22:49:09 PDT 2005
Mon Aug 22 22:49:41 PDT 2005
Mon Aug 22 22:50:20 PDT 2005
Mon Aug 22 22:50:46 PDT 2005
Fri Aug 26 10:55:12 PDT 2005
Thu Sep  8 15:32:39 PDT 2005
Thu Sep  8 15:35:03 PDT 2005
Thu Sep  8 15:59:16 PDT 2005
Thu Sep  8 16:43:40 PDT 2005
Thu Sep  8 17:38:27 PDT 2005
Sun Sep 11 19:38:28 PDT 2005
Sun Sep 11 19:42:01 PDT 2005
Sun Sep 11 19:44:59 PDT 2005
Sun Sep 11 19:51:14 PDT 2005
Mon Sep 19 09:51:07 PDT 2005
Mon Sep 19 10:08:00 PDT 2005
Mon Sep 19 10:24:03 PDT 2005
Wed Nov 23 14:42:09 PST 2005
Wed Nov 23 14:50:28 PST 2005
Wed Nov 23 14:52:31 PST 2005
Wed Nov 23 14:55:10 PST 2005
Wed Nov 23 14:56:44 PST 2005
Wed Nov 23 14:57:50 PST 2005
Mon Nov 28 19:22:28 PST 2005
Mon Nov 28 19:23:10 PST 2005
Thu Dec  1 11:45:08 PST 2005
Thu Dec  1 11:49:54 PST 2005
Thu Dec  1 11:51:33 PST 2005
Thu Dec  1 12:12:26 PST 2005
Thu Dec  1 12:15:16 PST 2005
Thu Dec  1 12:17:38 PST 2005
Thu Dec  1 12:20:41 PST 2005
Thu Dec  1 21:51:31 PST 2005
Wed Dec 14 17:14:45 PST 2005
Wed Dec 14 17:16:21 PST 2005
Wed Dec 14 17:17:58 PST 2005
Wed Dec 14 17:20:45 PST 2005
Wed Dec 14 17:24:12 PST 2005
Wed Dec 14 17:25:09 PST 2005
Wed Dec 14 17:27:09 PST 2005
Wed Dec 14 17:27:44 PST 2005
Wed Dec 14 17:28:54 PST 2005
Wed Dec 14 17:29:33 PST 2005
Wed Dec 14 17:35:25 PST 2005
Wed Dec 14 17:46:33 PST 2005
Sun Jan 15 18:56:49 PST 2006
Tue Jan 17 10:29:47 PST 2006
Tue Jan 17 10:31:21 PST 2006
Wed Feb  1 16:47:24 PST 2006
Wed Feb  1 17:33:38 PST 2006
Wed Feb  1 19:14:08 PST 2006
Thu Feb  2 14:01:56 PST 2006
Thu Feb  2 14:04:01 PST 2006
Thu Feb  2 14:08:37 PST 2006
Thu Feb  2 14:09:58 PST 2006
Thu Feb  2 14:51:42 PST 2006
Sun Feb  5 14:04:31 PST 2006
Mon Feb  6 10:22:30 PST 2006
Fri Feb 17 16:29:56 PST 2006
Fri Feb 17 16:39:52 PST 2006
Thu Feb 23 17:46:49 PST 2006
Thu Feb 23 20:05:18 PST 2006
Thu Feb 23 20:08:42 PST 2006
Thu Feb 23 20:18:14 PST 2006
Thu Feb 23 20:20:35 PST 2006
Thu Feb 23 20:26:08 PST 2006
Thu Feb 23 20:27:45 PST 2006
Thu Feb 23 20:30:33 PST 2006
Thu Feb 23 20:33:34 PST 2006
Thu Feb 23 20:37:04 PST 2006
Thu Feb 23 20:42:44 PST 2006
Sat Feb 25 14:18:23 PST 2006
Wed Mar  8 10:18:17 PST 2006
Tue Mar 28 16:37:01 PST 2006
Thu Mar 30 10:54:08 PST 2006
Thu Mar 30 10:56:18 PST 2006
Thu Mar 30 10:58:58 PST 2006
Thu Mar 30 11:02:03 PST 2006
Thu Mar 30 11:03:50 PST 2006
Thu Mar 30 11:07:05 PST 2006
Fri Apr 14 14:50:33 PDT 2006
Tue May  2 10:00:31 PDT 2006
Thu May 25 11:30:59 PDT 2006
Thu May 25 11:33:14 PDT 2006
Thu May 25 11:36:55 PDT 2006
Thu May 25 11:40:25 PDT 2006
Thu May 25 11:42:09 PDT 2006
Thu May 25 11:44:22 PDT 2006
Thu May 25 11:45:32 PDT 2006
Thu May 25 11:53:31 PDT 2006
Tue Jun  6 09:49:09 PDT 2006
Tue Jun  6 10:00:02 PDT 2006
Tue Jun  6 10:06:57 PDT 2006
Tue Jun  6 10:14:48 PDT 2006
Sat Jun 10 16:35:51 PDT 2006
Fri Jul 14 13:12:53 PDT 2006
Fri Jul 14 13:18:28 PDT 2006
Fri Jul 14 13:20:39 PDT 2006
Fri Jul 14 13:24:45 PDT 2006
Fri Jul 14 13:29:15 PDT 2006
Fri Jul 14 13:30:22 PDT 2006
Sat Jul 15 12:19:50 PDT 2006
Sat Jul 15 12:23:07 PDT 2006
Sun Jul 16 14:04:34 PDT 2006
Sun Jul 16 14:13:52 PDT 2006
Sat Jul 29 09:53:36 PDT 2006
Sat Jul 29 09:55:43 PDT 2006
Mon Jul 31 08:32:48 PDT 2006
Wed Aug  2 09:01:12 PDT 2006
Wed Aug 16 16:07:18 PDT 2006
Mon Oct  2 16:35:59 PDT 2006
Wed Oct  4 14:24:24 PDT 2006
Wed Oct  4 14:26:31 PDT 2006
Wed Oct  4 14:29:54 PDT 2006
Wed Oct  4 14:31:37 PDT 2006
Wed Oct  4 14:33:35 PDT 2006
Wed Oct  4 14:35:56 PDT 2006
Wed Oct  4 14:38:39 PDT 2006
Wed Oct  4 14:41:13 PDT 2006
Wed Oct  4 14:44:16 PDT 2006
Wed Oct  4 14:46:25 PDT 2006
Mon Oct  9 11:24:56 PDT 2006
Sat Oct 14 12:33:21 PDT 2006
Sat Oct 14 12:44:59 PDT 2006
Sat Oct 14 12:55:05 PDT 2006
Sat Oct 14 12:57:41 PDT 2006
Mon Nov  6 13:35:03 PST 2006
Mon Nov  6 13:36:57 PST 2006
Mon Nov  6 13:38:58 PST 2006
Mon Nov  6 13:41:25 PST 2006
Mon Nov  6 13:49:05 PST 2006
Mon Nov  6 13:51:01 PST 2006
Mon Nov  6 13:53:24 PST 2006
Mon Nov  6 13:59:56 PST 2006
Mon Nov  6 14:15:23 PST 2006
Tue Dec 12 14:45:17 PST 2006
Tue Dec 12 15:00:38 PST 2006
Tue Dec 12 15:00:54 PST 2006
Tue Dec 12 15:02:29 PST 2006
Tue Dec 12 16:31:35 PST 2006
Sun Dec 17 13:52:36 PST 2006
Sun Dec 17 13:54:35 PST 2006
Sat Dec 23 16:01:00 PST 2006
Fri Dec 29 13:03:39 PST 2006
Fri Dec 29 13:22:27 PST 2006
Fri Dec 29 13:24:06 PST 2006
Fri Dec 29 13:25:55 PST 2006
Fri Dec 29 13:29:51 PST 2006
Fri Dec 29 13:31:05 PST 2006
Fri Dec 29 13:32:34 PST 2006
Fri Dec 29 13:36:28 PST 2006
Fri Dec 29 13:37:06 PST 2006
Thu Jan 18 10:33:18 PST 2007
Mon Jan 22 15:59:49 PST 2007
Mon Jan 22 16:02:25 PST 2007
Thu Jan 25 13:51:26 PST 2007
Thu Jan 25 13:55:11 PST 2007
Fri Apr  6 10:08:34 PDT 2007
Fri Apr  6 10:14:07 PDT 2007
Fri Apr  6 10:16:14 PDT 2007
Fri Apr  6 10:21:06 PDT 2007
Fri Apr  6 10:22:26 PDT 2007
Sun Apr 29 06:24:49 PDT 2007
Mon May  7 18:35:30 PDT 2007
Fri May 11 10:48:22 PDT 2007
Fri May 11 17:46:51 PDT 2007
Mon May 14 17:48:26 PDT 2007
Fri Jun  8 13:15:27 PDT 2007
Fri Jun  8 13:59:34 PDT 2007
Sat Jun 23 17:54:37 PDT 2007
Tue Jun 26 10:08:39 PDT 2007
Tue Jun 26 10:09:49 PDT 2007
Tue Jul  3 08:49:50 PDT 2007
Tue Jul  3 13:56:25 PDT 2007
Fri Aug 10 05:35:00 PDT 2007
Fri Aug 10 05:37:11 PDT 2007
Tue Aug 21 11:30:03 PDT 2007
Thu Aug 23 16:10:49 PDT 2007
Fri Sep  7 20:16:56 PDT 2007
Sun Sep 30 21:41:15 PDT 2007
Sun Sep 30 21:58:21 PDT 2007
Tue Oct  2 21:16:14 PDT 2007
Tue Oct  2 21:16:44 PDT 2007
Tue Oct  2 21:19:25 PDT 2007
Tue Oct  2 21:21:01 PDT 2007
Tue Oct  2 21:31:35 PDT 2007
Tue Oct  2 21:35:58 PDT 2007
Tue Oct  2 21:39:57 PDT 2007
Tue Oct  2 21:44:08 PDT 2007
Tue Oct  2 21:49:57 PDT 2007
Sun Oct  7 20:25:02 PDT 2007
Mon Dec  3 09:27:55 PST 2007
Mon Dec  3 09:42:19 PST 2007
Mon Dec  3 09:53:56 PST 2007
Mon Dec  3 09:55:39 PST 2007
Tue Dec 18 18:24:47 PST 2007
Tue Dec 18 18:29:27 PST 2007
Tue Dec 18 18:30:47 PST 2007
Tue Dec 18 18:32:29 PST 2007
Tue Dec 18 18:33:19 PST 2007
Tue Dec 18 18:33:54 PST 2007
Tue Dec 18 18:35:12 PST 2007
Tue Dec 18 18:39:36 PST 2007
Tue Dec 18 18:40:07 PST 2007
Tue Dec 18 18:41:04 PST 2007
Tue Dec 18 18:45:08 PST 2007
Tue Dec 18 19:15:10 PST 2007
Tue Dec 18 19:17:44 PST 2007
Tue Dec 18 19:20:47 PST 2007
Tue Dec 18 19:22:23 PST 2007
Tue Dec 18 19:24:13 PST 2007
Tue Dec 18 19:27:13 PST 2007
Wed Dec 19 05:55:57 PST 2007
Wed Dec 19 06:14:43 PST 2007
Wed Dec 19 06:52:45 PST 2007
Wed Dec 19 06:58:07 PST 2007
Wed Dec 19 07:10:35 PST 2007
Wed Dec 19 07:13:05 PST 2007
Wed Dec 19 07:15:04 PST 2007
Wed Dec 19 07:23:23 PST 2007
Wed Dec 19 07:33:41 PST 2007
Wed Dec 19 07:34:34 PST 2007
Wed Dec 19 07:39:14 PST 2007
Wed Dec 19 07:40:43 PST 2007
Wed Dec 19 07:41:57 PST 2007
Wed Dec 19 07:54:10 PST 2007
Wed Dec 19 07:56:01 PST 2007
Wed Dec 19 07:58:14 PST 2007
Wed Dec 19 08:08:23 PST 2007
Wed Dec 19 08:11:13 PST 2007
Wed Dec 19 08:14:50 PST 2007
Wed Dec 19 08:22:05 PST 2007
Wed Dec 19 08:24:50 PST 2007
Wed Dec 19 08:31:24 PST 2007
Wed Dec 19 08:32:04 PST 2007
Wed Dec 19 08:37:04 PST 2007
Wed Dec 19 08:37:57 PST 2007
Wed Dec 19 08:42:59 PST 2007
Wed Dec 19 08:47:03 PST 2007
Wed Dec 19 08:48:47 PST 2007
Wed Dec 19 08:50:37 PST 2007
Wed Dec 19 08:51:46 PST 2007
Wed Dec 19 08:53:00 PST 2007
Wed Dec 19 08:56:19 PST 2007
Wed Dec 19 08:58:07 PST 2007
Wed Dec 19 09:02:34 PST 2007
Wed Dec 19 09:04:27 PST 2007
Wed Dec 19 09:05:57 PST 2007
Wed Dec 19 09:06:29 PST 2007
Wed Dec 19 09:13:53 PST 2007
Wed Dec 19 09:16:29 PST 2007
Wed Dec 19 09:20:10 PST 2007
Wed Dec 19 09:23:20 PST 2007
Wed Dec 19 09:25:06 PST 2007
Wed Dec 19 09:28:08 PST 2007
Wed Dec 19 09:30:12 PST 2007
Wed Dec 19 09:37:49 PST 2007
Wed Dec 19 09:43:55 PST 2007
Wed Dec 19 09:45:48 PST 2007
Wed Dec 19 09:46:46 PST 2007
Wed Dec 19 09:47:44 PST 2007
Wed Dec 19 09:49:37 PST 2007
Wed Dec 19 10:13:03 PST 2007
Wed Dec 19 10:16:39 PST 2007
Wed Dec 19 10:24:49 PST 2007
Wed Dec 19 10:46:49 PST 2007
Wed Dec 19 10:53:16 PST 2007
Wed Dec 19 10:57:26 PST 2007
Wed Dec 19 11:02:26 PST 2007
Wed Dec 19 11:03:37 PST 2007
Wed Dec 19 11:05:49 PST 2007
Wed Dec 19 11:08:16 PST 2007
Wed Dec 19 11:13:01 PST 2007
Wed Dec 19 11:25:11 PST 2007
Wed Dec 19 11:27:14 PST 2007
Wed Dec 19 11:28:41 PST 2007
Wed Dec 19 11:31:19 PST 2007
Wed Dec 19 11:41:28 PST 2007
Wed Dec 19 11:44:48 PST 2007
Wed Dec 19 11:46:11 PST 2007
Wed Dec 19 11:49:16 PST 2007
Wed Dec 19 11:58:14 PST 2007
Wed Dec 19 12:03:08 PST 2007
Wed Dec 19 12:10:04 PST 2007
Wed Dec 19 12:13:15 PST 2007
Wed Dec 19 12:14:38 PST 2007
Wed Dec 19 12:18:45 PST 2007
Wed Dec 19 12:22:44 PST 2007
Wed Dec 19 12:24:41 PST 2007
Thu Dec 27 12:53:29 PST 2007
Thu Dec 27 12:55:08 PST 2007
Thu Dec 27 13:12:35 PST 2007
Thu Jan  3 11:19:02 PST 2008
Thu Jan  3 14:05:14 PST 2008
Fri Jan 11 00:39:28 PST 2008
Fri Feb  8 09:11:40 PST 2008
Wed Feb 27 14:06:35 PST 2008
Wed Feb 27 14:07:34 PST 2008
Wed Feb 27 14:08:07 PST 2008
Wed Feb 27 14:25:33 PST 2008
Wed Feb 27 14:27:00 PST 2008
Wed Feb 27 14:30:03 PST 2008
Wed Feb 27 14:35:05 PST 2008
Wed Feb 27 14:37:10 PST 2008
Wed Feb 27 14:39:42 PST 2008
Wed Feb 27 14:40:43 PST 2008
Wed Feb 27 14:42:46 PST 2008
Wed Feb 27 14:44:15 PST 2008
Wed Feb 27 14:47:18 PST 2008
Wed Feb 27 14:49:42 PST 2008
Wed Feb 27 14:50:45 PST 2008
Wed Feb 27 14:54:34 PST 2008
Wed Feb 27 14:58:57 PST 2008
Wed Feb 27 15:02:53 PST 2008
Wed Feb 27 15:04:50 PST 2008
Wed Feb 27 15:09:16 PST 2008
Wed Feb 27 15:13:45 PST 2008
Wed Feb 27 15:16:39 PST 2008
Wed Feb 27 15:17:30 PST 2008
Wed Feb 27 15:36:21 PST 2008
Wed Feb 27 15:36:50 PST 2008
Wed Feb 27 15:40:54 PST 2008
Wed Feb 27 15:43:25 PST 2008
Wed Feb 27 18:48:29 PST 2008
Thu Feb 28 17:55:24 PST 2008
Mon Mar 10 06:34:46 PDT 2008
Mon Mar 10 06:41:58 PDT 2008
Mon Mar 10 06:49:20 PDT 2008
Mon Mar 10 07:02:35 PDT 2008
Thu Mar 13 06:15:43 PDT 2008
Thu Mar 13 06:17:45 PDT 2008
Thu Mar 13 06:27:42 PDT 2008
Thu Mar 13 06:28:36 PDT 2008
Thu Mar 13 06:29:29 PDT 2008
Thu Mar 13 06:36:09 PDT 2008
Thu Mar 13 06:36:52 PDT 2008
Thu Mar 13 06:40:18 PDT 2008
Thu May  1 08:53:54 PDT 2008
Thu May  1 21:42:25 PDT 2008
Wed May 14 11:56:16 PDT 2008
Mon Jun 23 21:47:27 PDT 2008
Mon Jun 23 21:48:19 PDT 2008
Mon Jun 23 22:14:41 PDT 2008
Mon Jun 23 22:27:33 PDT 2008
Wed Jul  2 18:11:46 PDT 2008
Wed Jul  2 18:15:17 PDT 2008
Fri Oct  2 12:17:40 PDT 2015
Fri Oct  2 12:17:54 PDT 2015
Fri Oct  2 12:32:55 PDT 2015
Fri Oct  2 12:35:48 PDT 2015
Fri Oct  2 12:37:06 PDT 2015
Fri Oct  2 12:37:42 PDT 2015
Fri Oct  2 14:54:24 PDT 2015
Fri Oct  2 15:12:18 PDT 2015
Fri Oct  2 15:13:57 PDT 2015
Fri Oct  2 15:18:46 PDT 2015
Fri Oct  2 15:19:52 PDT 2015
Fri Oct  2 15:27:15 PDT 2015
Fri Oct  2 15:28:48 PDT 2015
Fri Oct  2 15:31:12 PDT 2015
Fri Oct  2 15:42:06 PDT 2015
Fri Oct  2 15:51:56 PDT 2015
Fri Oct  2 15:55:05 PDT 2015
Fri Oct  2 15:56:49 PDT 2015
Fri Oct  2 15:57:30 PDT 2015
Fri Oct  2 16:02:42 PDT 2015
Fri Oct  2 16:16:23 PDT 2015
Fri Oct  2 16:45:13 PDT 2015
Fri Oct  2 16:45:49 PDT 2015
Fri Oct  2 16:46:12 PDT 2015
Fri Oct  2 18:18:00 PDT 2015
Fri Oct  2 18:31:37 PDT 2015
Fri Oct  2 18:33:39 PDT 2015
Fri Oct  2 18:35:46 PDT 2015
Fri Oct  2 18:38:08 PDT 2015
Sat Oct  3 09:02:53 PDT 2015
Sat Oct  3 09:03:07 PDT 2015
Sat Oct  3 09:06:18 PDT 2015
Sat Oct  3 09:09:10 PDT 2015
Sat Oct  3 09:17:37 PDT 2015
Sat Oct  3 09:19:39 PDT 2015
Sat Oct  3 09:23:44 PDT 2015
Sat Oct  3 10:39:37 PDT 2015
Sun Oct  4 20:25:18 PDT 2015
Sun Oct  4 20:54:53 PDT 2015
Sun Oct  4 21:02:11 PDT 2015
Sun Oct  4 21:04:09 PDT 2015
Sun Oct  4 21:05:10 PDT 2015
Sun Oct  4 21:07:37 PDT 2015
Sun Oct  4 21:10:35 PDT 2015
Sun Oct  4 21:15:24 PDT 2015
Sun Oct  4 21:25:49 PDT 2015
Sun Oct  4 21:42:54 PDT 2015
Sun Oct  4 23:35:06 PDT 2015
Sun Oct  4 23:44:03 PDT 2015
Mon Oct  5 00:04:44 PDT 2015
Mon Oct  5 00:06:09 PDT 2015
Mon Oct  5 00:17:49 PDT 2015
Mon Oct  5 00:24:39 PDT 2015
Mon Oct  5 08:25:58 PDT 2015
Mon Oct  5 08:32:21 PDT 2015
Mon Oct  5 08:56:38 PDT 2015
Mon Oct  5 09:03:39 PDT 2015
Mon Oct  5 09:16:41 PDT 2015
Mon Oct  5 09:41:29 PDT 2015
Mon Oct  5 12:17:49 PDT 2015
Mon Oct  5 12:36:56 PDT 2015
Mon Oct  5 12:40:01 PDT 2015
Mon Oct  5 12:41:48 PDT 2015
Mon Oct  5 12:50:03 PDT 2015
Mon Oct  5 12:51:56 PDT 2015
Mon Oct  5 13:41:55 PDT 2015
Fri Oct  9 12:17:43 PDT 2015
Fri Oct  9 13:38:30 PDT 2015
Fri Oct  9 13:41:04 PDT 2015
Thu Oct 15 13:45:20 PDT 2015
Tue Oct 20 10:59:36 PDT 2015
Tue Oct 20 11:03:11 PDT 2015
Tue Oct 20 11:26:41 PDT 2015
Tue Oct 20 17:47:36 PDT 2015
Fri Oct 23 10:23:52 PDT 2015
Tue Oct 27 15:30:55 PDT 2015
Tue Oct 27 15:35:02 PDT 2015
Tue Oct 27 15:39:59 PDT 2015
Tue Oct 27 15:44:33 PDT 2015
Tue Oct 27 15:54:46 PDT 2015
Tue Oct 27 16:28:55 PDT 2015
Wed Oct 28 10:29:08 PDT 2015
Wed Oct 28 10:36:46 PDT 2015
Wed Oct 28 11:03:03 PDT 2015
Fri Dec  4 21:27:51 PST 2015
Fri Dec  4 21:30:56 PST 2015
Fri Dec  4 21:33:56 PST 2015
Fri Dec  4 21:38:45 PST 2015
Fri Dec  4 21:39:25 PST 2015
Fri Dec  4 21:39:37 PST 2015
Fri Dec  4 21:46:58 PST 2015
Fri Dec  4 21:47:34 PST 2015
Fri Dec  4 23:08:08 PST 2015
Fri Dec  4 23:10:44 PST 2015
Fri Dec  4 23:18:13 PST 2015
Fri Dec  4 23:26:35 PST 2015
Sat Dec  5 00:16:10 PST 2015
Sat Dec  5 00:16:38 PST 2015
Sat Dec  5 00:21:58 PST 2015
Sat Dec  5 00:24:34 PST 2015
Sat Dec  5 00:27:34 PST 2015
Sat Dec  5 00:29:31 PST 2015
Sat Dec  5 01:06:22 PST 2015
Sat Dec  5 01:50:37 PST 2015
Sat Dec  5 08:02:46 PST 2015
Sat Dec  5 08:10:34 PST 2015
Sat Dec  5 08:33:48 PST 2015
Sat Dec  5 08:50:27 PST 2015
Sat Dec  5 08:51:37 PST 2015
Sat Dec  5 09:34:55 PST 2015
Sat Dec  5 10:43:02 PST 2015
Sat Dec  5 10:47:22 PST 2015
Sat Dec  5 10:51:42 PST 2015
Sat Dec  5 10:54:54 PST 2015
Sat Dec  5 10:58:23 PST 2015
Mon Dec  7 13:57:15 PST 2015
Mon Dec  7 14:03:32 PST 2015
Mon Dec  7 14:06:03 PST 2015
Mon Dec  7 14:30:50 PST 2015
Fri Dec 11 13:41:47 PST 2015
Fri Dec 11 13:49:36 PST 2015
Fri Dec 11 14:12:30 PST 2015
Fri Dec 11 15:48:56 PST 2015
Fri Dec 11 15:50:14 PST 2015
Fri Dec 11 15:51:23 PST 2015
Fri Dec 11 15:52:12 PST 2015
Mon Dec 14 09:43:13 PST 2015
Mon Dec 14 22:47:35 PST 2015
Thu Dec 24 09:38:39 PST 2015
Tue Dec 29 08:53:13 PST 2015
Tue Dec 29 08:55:39 PST 2015
Tue Dec 29 09:04:31 PST 2015
Tue Dec 29 09:10:40 PST 2015
Tue Dec 29 09:15:04 PST 2015
Tue Dec 29 12:53:25 PST 2015
Wed Dec 30 23:13:49 PST 2015
Wed Dec 30 23:27:10 PST 2015
Wed Dec 30 23:27:54 PST 2015
Tue Jan  5 11:54:40 PST 2016
Tue Jan  5 13:48:27 PST 2016
Wed Jan  6 13:22:36 PST 2016
Fri Jan  8 11:24:16 PST 2016
Fri Jan  8 11:44:00 PST 2016
Fri Jan  8 11:51:25 PST 2016
Fri Jan  8 12:19:34 PST 2016
Fri Jan  8 12:21:00 PST 2016
Fri Jan  8 12:31:50 PST 2016
Fri Jan  8 16:30:23 PST 2016
Sat Jan  9 10:47:19 PST 2016
Wed Jan 13 10:18:29 PST 2016
Wed Jan 13 10:26:09 PST 2016
Wed Jan 13 10:31:12 PST 2016
Wed Jan 13 10:34:35 PST 2016
Thu Jan 14 10:29:54 PST 2016
Thu Jan 14 10:35:51 PST 2016
Thu Jan 14 10:42:10 PST 2016
Thu Jan 14 10:44:53 PST 2016
Thu Jan 14 10:46:06 PST 2016
Thu Jan 14 10:47:36 PST 2016
Thu Jan 14 11:05:21 PST 2016
Thu Jan 14 11:05:50 PST 2016
Thu Jan 14 11:14:47 PST 2016
Thu Jan 14 11:15:41 PST 2016
Sat Jan 16 11:19:44 PST 2016
Sat Jan 16 11:54:45 PST 2016
Sat Jan 16 12:18:19 PST 2016
Fri Jan 22 11:04:58 PST 2016
Fri Jan 22 11:07:18 PST 2016
Fri Jan 22 11:10:45 PST 2016
Fri Jan 22 11:13:13 PST 2016
Sun Jan 24 08:39:49 PST 2016
Sun Jan 24 08:42:26 PST 2016
Tue Feb  9 10:57:03 PST 2016
Tue Feb  9 10:57:05 PST 2016
Tue Feb  9 10:57:12 PST 2016
Tue Feb  9 11:01:01 PST 2016
Tue Feb  9 11:01:35 PST 2016
Tue Feb  9 22:01:14 PST 2016
Tue Feb  9 22:03:10 PST 2016
Tue Feb  9 22:27:39 PST 2016
Tue Feb  9 22:30:45 PST 2016
Wed Feb 17 01:01:17 PST 2016
Wed Feb 17 01:05:56 PST 2016
Wed Feb 17 01:10:25 PST 2016
Wed Feb 17 01:12:20 PST 2016
Wed Feb 17 01:12:25 PST 2016
Wed Feb 17 01:30:24 PST 2016
Wed Feb 17 03:30:52 PST 2016
Wed Feb 17 03:43:28 PST 2016
Wed Feb 17 03:50:10 PST 2016
Wed Feb 17 03:59:10 PST 2016
Wed Feb 17 04:01:32 PST 2016
Wed Feb 17 04:02:23 PST 2016
Wed Feb 17 04:03:44 PST 2016
Wed Feb 17 04:04:46 PST 2016
Wed Feb 17 04:06:50 PST 2016
Wed Feb 17 04:08:07 PST 2016
Wed Feb 17 04:08:15 PST 2016
Wed Feb 17 04:08:18 PST 2016
Mon Feb 22 20:56:05 PST 2016
Mon Feb 22 21:44:56 PST 2016
Mon Feb 22 21:45:46 PST 2016
Mon Feb 22 23:10:43 PST 2016
Mon Feb 22 23:14:32 PST 2016
Mon Feb 22 23:17:52 PST 2016
Mon Feb 22 23:19:29 PST 2016
Mon Feb 22 23:21:00 PST 2016
Tue Feb 23 11:47:08 PST 2016
Wed Feb 24 19:36:41 PST 2016
Thu Feb 25 10:46:03 PST 2016
Thu Feb 25 10:48:03 PST 2016
Thu Feb 25 10:52:57 PST 2016
Thu Feb 25 11:04:28 PST 2016
Thu Feb 25 11:06:54 PST 2016
Thu Feb 25 13:54:16 PST 2016
Thu Feb 25 13:56:30 PST 2016
Thu Feb 25 14:03:54 PST 2016
Thu Feb 25 14:10:15 PST 2016
Thu Feb 25 14:15:34 PST 2016
Thu Feb 25 14:16:20 PST 2016
Thu Feb 25 14:17:01 PST 2016
Thu Feb 25 14:21:56 PST 2016
Thu Feb 25 14:24:26 PST 2016
Thu Feb 25 14:28:13 PST 2016
Thu Feb 25 14:46:38 PST 2016
Fri Feb 26 13:49:50 PST 2016
Fri Feb 26 13:53:08 PST 2016
Fri Feb 26 13:57:24 PST 2016
Fri Feb 26 13:58:03 PST 2016
Fri Feb 26 14:01:14 PST 2016
Fri Feb 26 14:08:52 PST 2016
Fri Feb 26 14:37:07 PST 2016
Fri Feb 26 14:38:32 PST 2016
Fri Feb 26 14:41:37 PST 2016
Fri Feb 26 14:42:32 PST 2016
Fri Feb 26 15:43:37 PST 2016
Fri Feb 26 15:46:13 PST 2016
Fri Feb 26 16:46:07 PST 2016
Sat Feb 27 14:47:05 PST 2016
Sat Feb 27 14:58:17 PST 2016
Sat Feb 27 15:10:09 PST 2016
Sat Feb 27 15:28:02 PST 2016
Sat Feb 27 15:28:30 PST 2016
Sat Feb 27 15:53:16 PST 2016
Sat Feb 27 15:55:49 PST 2016
Sat Feb 27 15:56:30 PST 2016
Sat Feb 27 15:58:13 PST 2016
Sat Feb 27 16:00:17 PST 2016
Sat Feb 27 16:04:32 PST 2016
Sat Feb 27 16:06:26 PST 2016
Sat Feb 27 16:11:06 PST 2016
Sat Feb 27 16:11:58 PST 2016
Sat Feb 27 16:31:26 PST 2016
Sat Feb 27 16:39:46 PST 2016
Sat Feb 27 17:33:09 PST 2016
Sat Feb 27 17:35:52 PST 2016
Sat Feb 27 19:21:56 PST 2016
Sun Feb 28 00:02:56 PST 2016
Sun Feb 28 00:29:40 PST 2016
Sun Feb 28 00:40:19 PST 2016
Wed Mar  2 11:59:31 PST 2016
Wed Mar  2 12:36:09 PST 2016
Wed Mar  2 17:22:32 PST 2016
Wed Mar  2 19:47:19 PST 2016
Sun Mar 20 01:35:57 PDT 2016
Sun May  1 13:16:56 PDT 2016
Sun May  1 13:59:43 PDT 2016
Mon May 16 14:39:05 PDT 2016
Thu May 26 09:04:39 PDT 2016
Thu May 26 10:35:08 PDT 2016
Thu May 26 10:36:35 PDT 2016
Thu May 26 10:43:40 PDT 2016
Thu May 26 11:00:26 PDT 2016
Mon May 30 23:11:35 PDT 2016
Mon May 30 23:14:03 PDT 2016
Mon May 30 23:15:30 PDT 2016
Mon May 30 23:16:51 PDT 2016
Mon May 30 23:19:19 PDT 2016
Mon May 30 23:22:06 PDT 2016
Mon May 30 23:28:48 PDT 2016
Mon May 30 23:38:30 PDT 2016
Mon May 30 23:43:50 PDT 2016
Tue May 31 00:24:42 PDT 2016
Tue May 31 00:26:24 PDT 2016
Tue May 31 01:18:10 PDT 2016
Tue May 31 09:35:32 PDT 2016
Tue May 31 09:38:04 PDT 2016
Tue May 31 14:55:04 PDT 2016
Tue May 31 14:56:43 PDT 2016
Tue May 31 15:00:57 PDT 2016
Tue May 31 15:15:18 PDT 2016
Tue May 31 15:17:23 PDT 2016
Tue May 31 15:19:29 PDT 2016
Tue May 31 15:21:12 PDT 2016
Tue May 31 15:22:22 PDT 2016
Tue May 31 15:25:37 PDT 2016
Tue May 31 16:14:55 PDT 2016
Tue May 31 21:42:56 PDT 2016
Wed Jun  8 16:13:21 PDT 2016
Wed Jun  8 16:15:22 PDT 2016
Fri Jun 10 12:28:28 PDT 2016
Fri Jun 10 12:28:33 PDT 2016
Fri Jun 10 12:41:08 PDT 2016
Fri Jun 10 12:43:54 PDT 2016
Fri Jun 10 12:46:15 PDT 2016
Fri Jun 10 12:46:51 PDT 2016
Fri Jun 10 12:48:26 PDT 2016
Fri Jun 10 12:49:28 PDT 2016
Fri Jun 10 14:04:27 PDT 2016
Fri Jun 10 14:06:56 PDT 2016
Fri Jun 10 14:15:45 PDT 2016
Fri Jun 10 14:18:38 PDT 2016
Fri Jun 10 14:24:41 PDT 2016
Fri Jun 10 14:31:30 PDT 2016
Fri Jun 10 14:34:02 PDT 2016
Fri Jun 10 14:49:33 PDT 2016
Fri Jun 10 14:53:02 PDT 2016
Fri Jun 10 14:54:47 PDT 2016
Fri Jun 10 14:57:31 PDT 2016
Fri Jun 10 15:01:16 PDT 2016
Fri Jun 10 15:02:20 PDT 2016
Fri Jun 10 15:06:20 PDT 2016
Wed Aug 31 12:10:36 PDT 2016
