System identifier:H2-120GPa                               
Dipole moment (Debye):      0.0000 Location:      0.0000      0.0000      0.0000 Direction (-side):      0.0000      0.0000      0.0000
System identifier:H2-110GPa                               
Dipole moment (Debye):      0.0007 Location:      1.6099      0.9082      1.6285 Direction (-side):      0.4974      0.1215     -1.0000
System identifier:H2-100GPa                               
Dipole moment (Debye):      0.0005 Location:      1.5936      0.9753      1.6361 Direction (-side):     -1.0000     -0.0078      0.0745
System identifier:H2-90GPa                                
Dipole moment (Debye):      0.0004 Location:      1.4982      1.0275      1.7459 Direction (-side):     -1.0000      0.0288      0.5857
System identifier:H2-80GPa                                
Dipole moment (Debye):      0.0011 Location:      1.5459      0.9415      1.6178 Direction (-side):     -1.0000      0.3645      2.5039
System identifier:H2-70GPa                                
Dipole moment (Debye):      0.0000 Location:      0.0000      0.0000      0.0000 Direction (-side):      0.0000      0.0000      0.0000
System identifier:H2-60GPa                                
Dipole moment (Debye):      0.0008 Location:      1.5631      0.9540      1.7630 Direction (-side):     28.5219     -1.0000     26.7204
System identifier:H2-50GPa                                
Dipole moment (Debye):      0.0010 Location:      1.7077      0.9817      1.7098 Direction (-side):     -0.5994     -1.0000      5.3223
System identifier:H2-40GPa                                
Dipole moment (Debye):      0.0009 Location:      2.1212      1.2633      1.7658 Direction (-side):     -1.0000      0.0625      0.1360
System identifier:H2-30GPa                                
Dipole moment (Debye):      0.0009 Location:      1.7548      0.9889      1.6917 Direction (-side):     -1.0000      4.4273     12.1317
System identifier:H2-20GPa                                
Dipole moment (Debye):      0.0003 Location:      1.3889      0.7607      1.8204 Direction (-side):     12.8372     -1.0000      1.5620
System identifier:H2-10GPa                                
Dipole moment (Debye):      0.0004 Location:      2.8051      1.3697      1.5107 Direction (-side):      2.4162     -1.0000      0.3875
System identifier:0.37V0                                  
Dipole moment (Debye):      0.0002 Location:      2.1272      1.4091      2.6466 Direction (-side):      0.4178     -1.0000      1.9911
System identifier:0.45V0                                  
Dipole moment (Debye):      0.0011 Location:      2.6067      1.4330      2.2207 Direction (-side):     -1.0000     -1.1656     -2.1539
System identifier:0.53V0                                  
Dipole moment (Debye):      0.0008 Location:      2.5998      1.3734      2.2372 Direction (-side):     -1.0000      1.0812      2.0794
System identifier:0.61V0                                  
Dipole moment (Debye):      0.0007 Location:      2.5113      1.4658      2.6726 Direction (-side):     -0.6095     -0.7398     -1.0000
System identifier:0.69V0                                  
Dipole moment (Debye):      0.0006 Location:      2.8520      1.9152      3.3634 Direction (-side):     -0.1800     -1.0000      1.2663
System identifier:0.77V0                                  
Dipole moment (Debye):      0.0001 Location:      0.0000      0.0000      0.0000 Direction (-side):      0.0000      0.0000      0.0000
System identifier:0.33V0                                  
Dipole moment (Debye):      0.0002 Location:      1.8590      1.3146      2.5439 Direction (-side):      0.5525     -0.8626     -1.0000
System identifier:0.90V0                                  
Dipole moment (Debye):      0.0003 Location:      2.0741      1.2382      3.0272 Direction (-side):     -1.0000     -0.1697     -0.1706
System identifier:0.95V0                                  
Dipole moment (Debye):      0.0010 Location:      4.6031      2.6699      3.0319 Direction (-side):     -0.3336     -1.0000      1.4597
System identifier:0.98V0                                  
Dipole moment (Debye):      0.0000 Location:      0.0000      0.0000      0.0000 Direction (-side):      0.0000      0.0000      0.0000
System identifier:1.00V0                                  
Dipole moment (Debye):      0.0000 Location:      0.0000      0.0000      0.0000 Direction (-side):      0.0000      0.0000      0.0000
System identifier:0.99V0                                  
Dipole moment (Debye):      0.0000 Location:      0.0000      0.0000      0.0000 Direction (-side):      0.0000      0.0000      0.0000
System identifier:0.39V0                                  
Dipole moment (Debye):      0.0000 Location:      0.0000      0.0000      0.0000 Direction (-side):      0.0000      0.0000      0.0000
System identifier:1.10V0                                  
Dipole moment (Debye):      0.0016 Location:      3.1204      1.8660      3.2003 Direction (-side):      0.7377      0.0375     -1.0000
System identifier:1.01V0                                  
Dipole moment (Debye):      0.0001 Location:      0.0000      0.0000      0.0000 Direction (-side):      0.0000      0.0000      0.0000
System identifier:1.02V0                                  
Dipole moment (Debye):      0.0003 Location:      2.2835      1.2812      3.0303 Direction (-side):      2.7123      0.1117     -1.0000
System identifier:0.46V0                                  
Dipole moment (Debye):      0.0013 Location:      2.5937      1.5411      2.4316 Direction (-side):      0.3367      0.0100     -1.0000
System identifier:1.05V0                                  
Dipole moment (Debye):      0.0003 Location:      3.2858      1.7238      3.6855 Direction (-side):     -0.2552     -1.0000     -0.1292
System identifier:1.18V0                                  
Dipole moment (Debye):      0.0002 Location:      3.0391      1.5803      2.8584 Direction (-side):     -1.0000      0.9988     -0.6094
System identifier:1.58V0                                  
Dipole moment (Debye):      0.0003 Location:      4.9681      3.0186      4.0168 Direction (-side):      5.8140      0.6623     -1.0000
System identifier:0.49V0                                  
Dipole moment (Debye):      0.0005 Location:      2.2587      1.2955      2.2935 Direction (-side):      0.8526      0.1313     -1.0000
System identifier:2.78V0                                  
Dipole moment (Debye):      0.0002 Location:      2.3391      1.9240      5.6732 Direction (-side):     21.7826      8.4964     -1.0000
System identifier:0.82V0                                  
Dipole moment (Debye):      0.0004 Location:      2.6686      1.5893      3.0751 Direction (-side):      2.0810      1.7048     -1.0000
System identifier:1.37V0                                  
Dipole moment (Debye):      0.0014 Location:      3.0048      1.6444      3.0659 Direction (-side):     53.0838     14.3623     -1.0000
System identifier:1.96V0                                  
Dipole moment (Debye):      0.0004 Location:      5.4551      3.1027      3.7690 Direction (-side):     -1.0000     -4.3118     -2.0194
System identifier:2.29V0                                  
Dipole moment (Debye):      0.0019 Location:      3.3545      1.8512      4.0887 Direction (-side):     -1.0000     -0.6945      0.1480
System identifier:H2-molec                                
Dipole moment (Debye):      0.0003 Location:     39.9988     39.9988     39.9988 Direction (-side):     -1.0000     -1.0000    314.2308
