Sun Sep  4 12:52:57 PDT 2016
Sun Sep  4 19:06:48 PDT 2016
Sun Sep  4 19:08:34 PDT 2016
Sun Sep  4 19:09:23 PDT 2016
Tue Sep  6 12:27:37 PDT 2016
Mon Sep 12 23:52:34 PDT 2016
Tue Sep 13 00:02:37 PDT 2016
Tue Sep 13 00:03:03 PDT 2016
Tue Sep 13 00:03:07 PDT 2016
Tue Sep 13 00:08:25 PDT 2016
Tue Sep 13 00:09:43 PDT 2016
Tue Sep 13 00:10:40 PDT 2016
Tue Sep 13 00:58:35 PDT 2016
Tue Sep 13 01:01:18 PDT 2016
Tue Sep 13 01:03:09 PDT 2016
Tue Sep 13 01:04:32 PDT 2016
Tue Sep 13 01:08:26 PDT 2016
Tue Sep 13 01:09:18 PDT 2016
Tue Sep 13 01:09:59 PDT 2016
Tue Sep 13 01:11:42 PDT 2016
Tue Sep 13 01:11:57 PDT 2016
Tue Sep 13 01:12:47 PDT 2016
Tue Sep 13 01:14:53 PDT 2016
Tue Sep 13 01:30:53 PDT 2016
Tue Sep 13 01:35:41 PDT 2016
Tue Sep 13 01:35:56 PDT 2016
Tue Sep 13 01:38:03 PDT 2016
Tue Sep 13 01:41:49 PDT 2016
Tue Sep 13 01:50:30 PDT 2016
Tue Sep 13 01:56:38 PDT 2016
Tue Sep 13 02:02:05 PDT 2016
Tue Sep 13 02:03:43 PDT 2016
Tue Sep 13 02:08:12 PDT 2016
Tue Sep 13 11:12:24 PDT 2016
Tue Sep 13 11:12:30 PDT 2016
Tue Sep 13 11:14:29 PDT 2016
Tue Sep 13 11:17:41 PDT 2016
Tue Sep 13 11:19:51 PDT 2016
Tue Sep 13 11:23:05 PDT 2016
Wed Sep 14 03:04:46 PDT 2016
Wed Sep 14 03:11:34 PDT 2016
Wed Sep 14 03:15:49 PDT 2016
Thu Sep 15 15:27:52 PDT 2016
Thu Sep 15 15:31:03 PDT 2016
Sat Sep 17 17:15:55 PDT 2016
Mon Sep 19 12:07:09 PDT 2016
Mon Sep 19 12:21:27 PDT 2016
Mon Sep 19 12:22:52 PDT 2016
Mon Sep 19 12:39:21 PDT 2016
Mon Sep 19 23:16:08 PDT 2016
Mon Sep 19 23:18:16 PDT 2016
Mon Sep 19 23:22:08 PDT 2016
Mon Sep 19 23:23:42 PDT 2016
Mon Sep 19 23:26:39 PDT 2016
Mon Sep 19 23:36:18 PDT 2016
Mon Sep 19 23:38:08 PDT 2016
Mon Sep 19 23:39:30 PDT 2016
Mon Sep 19 23:40:36 PDT 2016
Mon Sep 19 23:42:01 PDT 2016
Mon Sep 19 23:46:43 PDT 2016
Mon Sep 19 23:51:27 PDT 2016
Mon Sep 19 23:53:04 PDT 2016
Mon Sep 19 23:55:15 PDT 2016
Mon Sep 19 23:58:16 PDT 2016
Mon Sep 19 23:59:38 PDT 2016
Tue Sep 20 00:01:38 PDT 2016
Tue Sep 20 00:13:12 PDT 2016
Tue Sep 20 02:07:40 PDT 2016
Tue Sep 20 02:11:14 PDT 2016
Tue Sep 20 02:12:54 PDT 2016
Tue Sep 20 02:17:33 PDT 2016
Tue Sep 20 02:21:42 PDT 2016
Wed Sep 21 11:31:57 PDT 2016
Thu Sep 22 02:12:51 PDT 2016
Thu Sep 22 02:34:00 PDT 2016
Thu Sep 22 19:00:58 PDT 2016
Thu Sep 22 19:02:02 PDT 2016
Sun Sep 25 18:36:41 PDT 2016
Tue Sep 27 01:57:40 PDT 2016
Tue Sep 27 02:19:14 PDT 2016
Tue Sep 27 02:22:30 PDT 2016
Tue Sep 27 02:24:15 PDT 2016
Thu Sep 29 01:02:47 PDT 2016
Thu Sep 29 01:05:28 PDT 2016
Thu Sep 29 01:08:24 PDT 2016
Thu Sep 29 01:10:31 PDT 2016
Thu Sep 29 01:19:43 PDT 2016
Thu Sep 29 01:20:07 PDT 2016
Thu Sep 29 10:53:28 PDT 2016
Thu Sep 29 21:20:59 PDT 2016
Thu Sep 29 21:28:21 PDT 2016
Sat Oct  1 12:44:11 PDT 2016
Sat Oct  1 13:10:31 PDT 2016
Sat Oct  1 19:02:33 PDT 2016
Sun Oct  2 14:03:10 PDT 2016
Mon Oct  3 00:14:55 PDT 2016
Tue Oct  4 10:30:08 PDT 2016
Tue Oct  4 17:04:56 PDT 2016
Wed Oct  5 14:15:47 PDT 2016
Wed Oct  5 14:19:12 PDT 2016
Wed Oct  5 14:21:56 PDT 2016
Sun Jul  2 18:03:02 PDT 2017
