System identifier:eth_ref                                 
Dipole moment (Debye):      0.0000 Location:      0.0000      0.0000      0.0000 Direction (-side):      0.0000      0.0000      0.0000
System identifier:eth_a                                   
Dipole moment (Debye):      0.0003 Location:      2.4828      3.2934      2.1106 Direction (-side):     -1.1766     -1.5599     -1.0000
System identifier:eth_b                                   
Dipole moment (Debye):      0.0013 Location:      2.4670      3.2725      2.0972 Direction (-side):      0.5942     -1.0000      0.0964
System identifier:eth_c                                   
Dipole moment (Debye):      0.0001 Location:      0.0000      0.0000      0.0000 Direction (-side):      0.0000      0.0000      0.0000
System identifier:eth_z01                                 
Dipole moment (Debye):      0.0000 Location:      0.0000      0.0000      0.0000 Direction (-side):      0.0000      0.0000      0.0000
System identifier:eth_z02                                 
Dipole moment (Debye):      0.0004 Location:      2.4187      3.2083      2.0561 Direction (-side):      0.2649     -1.0000      0.1975
System identifier:eth_z03                                 
Dipole moment (Debye):      0.0000 Location:      0.0000      0.0000      0.0000 Direction (-side):      0.0000      0.0000      0.0000
System identifier:eth_z04                                 
Dipole moment (Debye):      0.0025 Location:      2.3853      3.1642      2.0277 Direction (-side):     -0.4558      0.4285     -1.0000
System identifier:eth_z05                                 
Dipole moment (Debye):      0.0006 Location:      2.3683      3.1414      2.0133 Direction (-side):      1.5858     -1.0000      3.6246
System identifier:eth_z06                                 
Dipole moment (Debye):      0.0005 Location:      2.3510      3.1185      1.9986 Direction (-side):     -0.6023      1.2083     -1.0000
System identifier:eth_z07                                 
Dipole moment (Debye):      0.0004 Location:      2.2975      3.0476      1.9531 Direction (-side):     -1.0000      1.3786      0.8796
