Bond order cutoff:0.3000
Iteration Freq. Molecular formula               Molecular mass
       0   2 x  C                                     12.0000
       0   4 x  H                                      1.0080
 Total number of molecules:           6
 Total number of atoms:           6
 Total system mass:   28.032000000000000     
Bond order cutoff:0.3000
Iteration Freq. Molecular formula               Molecular mass
       0   2 x  C                                     12.0000
       0   4 x  H                                      1.0080
 Total number of molecules:           6
 Total number of atoms:           6
 Total system mass:   28.032000000000000     
Bond order cutoff:0.3000
Iteration Freq. Molecular formula               Molecular mass
       0   4 x  C                                     12.0000
       0   8 x  H                                      1.0080
 Total number of molecules:          12
 Total number of atoms:          12
 Total system mass:   56.064000000000000     
Bond order cutoff:0.3000
Iteration Freq. Molecular formula               Molecular mass
       0   4 x  C                                     12.0000
       0   8 x  H                                      1.0080
 Total number of molecules:          12
 Total number of atoms:          12
 Total system mass:   56.064000000000000     
Bond order cutoff:0.3000
Iteration Freq. Molecular formula               Molecular mass
       0   4 x  C                                     12.0000
       0   8 x  H                                      1.0080
 Total number of molecules:          12
 Total number of atoms:          12
 Total system mass:   56.064000000000000     
Bond order cutoff:0.3000
Iteration Freq. Molecular formula               Molecular mass
       0   4 x  C                                     12.0000
       0   8 x  H                                      1.0080
 Total number of molecules:          12
 Total number of atoms:          12
 Total system mass:   56.064000000000000     
Bond order cutoff:0.3000
Iteration Freq. Molecular formula               Molecular mass
       0   4 x  C                                     12.0000
       0   8 x  H                                      1.0080
 Total number of molecules:          12
 Total number of atoms:          12
 Total system mass:   56.064000000000000     
Bond order cutoff:0.3000
Iteration Freq. Molecular formula               Molecular mass
       0   4 x  C                                     12.0000
       0   8 x  H                                      1.0080
 Total number of molecules:          12
 Total number of atoms:          12
 Total system mass:   56.064000000000000     
Bond order cutoff:0.3000
Iteration Freq. Molecular formula               Molecular mass
       0   4 x  C                                     12.0000
       0   8 x  H                                      1.0080
 Total number of molecules:          12
 Total number of atoms:          12
 Total system mass:   56.064000000000000     
Bond order cutoff:0.3000
Iteration Freq. Molecular formula               Molecular mass
       0   4 x  C                                     12.0000
       0   8 x  H                                      1.0080
 Total number of molecules:          12
 Total number of atoms:          12
 Total system mass:   56.064000000000000     
Bond order cutoff:0.3000
Iteration Freq. Molecular formula               Molecular mass
       0   4 x  C                                     12.0000
       0   8 x  H                                      1.0080
 Total number of molecules:          12
 Total number of atoms:          12
 Total system mass:   56.064000000000000     
Bond order cutoff:0.3000
Iteration Freq. Molecular formula               Molecular mass
       0   4 x  C                                     12.0000
       0   8 x  H                                      1.0080
 Total number of molecules:          12
 Total number of atoms:          12
 Total system mass:   56.064000000000000     
Bond order cutoff:0.3000
Iteration Freq. Molecular formula               Molecular mass
       0   4 x  C                                     12.0000
       0   8 x  H                                      1.0080
 Total number of molecules:          12
 Total number of atoms:          12
 Total system mass:   56.064000000000000     
Bond order cutoff:0.3000
Iteration Freq. Molecular formula               Molecular mass
       0   4 x  C                                     12.0000
       0   8 x  H                                      1.0080
 Total number of molecules:          12
 Total number of atoms:          12
 Total system mass:   56.064000000000000     
Bond order cutoff:0.3000
Iteration Freq. Molecular formula               Molecular mass
       0   4 x  C                                     12.0000
       0   8 x  H                                      1.0080
 Total number of molecules:          12
 Total number of atoms:          12
 Total system mass:   56.064000000000000     
Bond order cutoff:0.3000
Iteration Freq. Molecular formula               Molecular mass
       0   4 x  C                                     12.0000
       0   8 x  H                                      1.0080
 Total number of molecules:          12
 Total number of atoms:          12
 Total system mass:   56.064000000000000     
Bond order cutoff:0.3000
Iteration Freq. Molecular formula               Molecular mass
       0   4 x  C                                     12.0000
       0   8 x  H                                      1.0080
 Total number of molecules:          12
 Total number of atoms:          12
 Total system mass:   56.064000000000000     
Bond order cutoff:0.3000
Iteration Freq. Molecular formula               Molecular mass
       0   4 x  C                                     12.0000
       0   8 x  H                                      1.0080
 Total number of molecules:          12
 Total number of atoms:          12
 Total system mass:   56.064000000000000     
Bond order cutoff:0.3000
Iteration Freq. Molecular formula               Molecular mass
       0   4 x  C                                     12.0000
       0   8 x  H                                      1.0080
 Total number of molecules:          12
 Total number of atoms:          12
 Total system mass:   56.064000000000000     
Bond order cutoff:0.3000
Iteration Freq. Molecular formula               Molecular mass
       0   4 x  C                                     12.0000
       0   8 x  H                                      1.0080
 Total number of molecules:          12
 Total number of atoms:          12
 Total system mass:   56.064000000000000     
Bond order cutoff:0.3000
Iteration Freq. Molecular formula               Molecular mass
       0   4 x  C                                     12.0000
       0   8 x  H                                      1.0080
 Total number of molecules:          12
 Total number of atoms:          12
 Total system mass:   56.064000000000000     
Bond order cutoff:0.3000
Iteration Freq. Molecular formula               Molecular mass
       0   4 x  C                                     12.0000
       0   8 x  H                                      1.0080
 Total number of molecules:          12
 Total number of atoms:          12
 Total system mass:   56.064000000000000     
