ReaxFF version 2.0
Compiled on:        Wed Oct  5 14:21:54 PDT 2016
Force field identifier: Reactive MD-force field                 
Geometry identifier: mtn_ref                                 
Geometry identifier: mtn_a                                   
Geometry identifier: mtn_b                                   
Geometry identifier: mtn_c                                   
Geometry identifier: mtn_z01                                 
Geometry identifier: mtn_z02                                 
Geometry identifier: mtn_z03                                 
Geometry identifier: mtn_z04                                 
Geometry identifier: mtn_z05                                 
Geometry identifier: mtn_z06                                 
Geometry identifier: mtn_z07                                 
 Could not find data linked to keyword:bnz_a               ;ignored
 Could not find data linked to keyword:bnz_b               ;ignored
 Could not find data linked to keyword:bnz_c               ;ignored
 Could not find data linked to keyword:bnz_z01             ;ignored
 Could not find data linked to keyword:bnz_z02             ;ignored
 Could not find data linked to keyword:bnz_z03             ;ignored
 Could not find data linked to keyword:bnz_z04             ;ignored
 Could not find data linked to keyword:bnz_z05             ;ignored
 Could not find data linked to keyword:bnz_z06             ;ignored
 Could not find data linked to keyword:bnz_z07             ;ignored
 Could not find data linked to keyword:bnz_z08             ;ignored
 Normal end of MD-simulation
