System identifier:bnz_ref                                 
Dipole moment (Debye):      0.0000 Location:      0.0000      0.0000      0.0000 Direction (-side):      0.0000      0.0000      0.0000
System identifier:bnz_a                                   
Dipole moment (Debye):      0.0002 Location:      3.7447      4.7711      3.1672 Direction (-side):     -0.7817     -1.0000      8.9815
System identifier:bnz_b                                   
Dipole moment (Debye):      0.0006 Location:      3.7258      4.7472      3.1680 Direction (-side):      0.1899     -1.0000    244.2097
System identifier:bnz_c                                   
Dipole moment (Debye):      0.0015 Location:      3.7196      4.7564      3.2282 Direction (-side):     13.5173     -1.0000     43.8013
System identifier:bnz_z01                                 
Dipole moment (Debye):      0.0002 Location:      3.6768      4.6839      3.1560 Direction (-side):     -1.0000      9.7542      4.7219
System identifier:bnz_z02                                 
Dipole moment (Debye):      0.0008 Location:      3.6486      4.6697      3.1353 Direction (-side):     -2.2777     -1.0000    -15.6756
System identifier:bnz_z03                                 
Dipole moment (Debye):      0.0008 Location:      3.6379      4.6248      3.1071 Direction (-side):      1.9425     -1.0000     50.2473
System identifier:bnz_z04                                 
Dipole moment (Debye):      0.0017 Location:      3.6049      4.5823      3.1362 Direction (-side):      4.2313     -1.0000     11.6017
System identifier:bnz_z05                                 
Dipole moment (Debye):      0.0013 Location:      3.5748      4.5596      3.1138 Direction (-side):     -1.0000     -0.0680     14.2857
System identifier:bnz_z06                                 
Dipole moment (Debye):      0.0006 Location:      3.5671      4.5570      3.1799 Direction (-side):     -1.0000      0.6882     -0.5085
System identifier:bnz_z07                                 
Dipole moment (Debye):      0.0005 Location:      3.4641      4.3828      3.3041 Direction (-side):      0.9422     -1.0000      0.1549
System identifier:bnz_z08                                 
Dipole moment (Debye):      0.0009 Location:      3.3235      4.0277      3.0876 Direction (-side):     -0.2627      0.5621     -1.0000
