Bond order cutoff:0.3000
Iteration Freq. Molecular formula               Molecular mass
       0  12 x  C                                     12.0000
 Total number of molecules:          12
 Total number of atoms:          12
 Total system mass:   144.00000000000000     
Bond order cutoff:0.3000
Iteration Freq. Molecular formula               Molecular mass
       0  12 x  C                                     12.0000
 Total number of molecules:          12
 Total number of atoms:          12
 Total system mass:   144.00000000000000     
Bond order cutoff:0.3000
Iteration Freq. Molecular formula               Molecular mass
       0  48 x  C                                     12.0000
 Total number of molecules:          48
 Total number of atoms:          48
 Total system mass:   576.00000000000000     
Bond order cutoff:0.3000
Iteration Freq. Molecular formula               Molecular mass
       0  48 x  C                                     12.0000
 Total number of molecules:          48
 Total number of atoms:          48
 Total system mass:   576.00000000000000     
Bond order cutoff:0.3000
Iteration Freq. Molecular formula               Molecular mass
       0  48 x  C                                     12.0000
 Total number of molecules:          48
 Total number of atoms:          48
 Total system mass:   576.00000000000000     
Bond order cutoff:0.3000
Iteration Freq. Molecular formula               Molecular mass
       0  48 x  C                                     12.0000
 Total number of molecules:          48
 Total number of atoms:          48
 Total system mass:   576.00000000000000     
Bond order cutoff:0.3000
Iteration Freq. Molecular formula               Molecular mass
       0  48 x  C                                     12.0000
 Total number of molecules:          48
 Total number of atoms:          48
 Total system mass:   576.00000000000000     
Bond order cutoff:0.3000
Iteration Freq. Molecular formula               Molecular mass
       0  48 x  C                                     12.0000
 Total number of molecules:          48
 Total number of atoms:          48
 Total system mass:   576.00000000000000     
Bond order cutoff:0.3000
Iteration Freq. Molecular formula               Molecular mass
       0  48 x  C                                     12.0000
 Total number of molecules:          48
 Total number of atoms:          48
 Total system mass:   576.00000000000000     
Bond order cutoff:0.3000
Iteration Freq. Molecular formula               Molecular mass
       0  48 x  C                                     12.0000
 Total number of molecules:          48
 Total number of atoms:          48
 Total system mass:   576.00000000000000     
Bond order cutoff:0.3000
Iteration Freq. Molecular formula               Molecular mass
       0  48 x  C                                     12.0000
 Total number of molecules:          48
 Total number of atoms:          48
 Total system mass:   576.00000000000000     
Bond order cutoff:0.3000
Iteration Freq. Molecular formula               Molecular mass
       0  48 x  C                                     12.0000
 Total number of molecules:          48
 Total number of atoms:          48
 Total system mass:   576.00000000000000     
Bond order cutoff:0.3000
Iteration Freq. Molecular formula               Molecular mass
       0  48 x  C                                     12.0000
 Total number of molecules:          48
 Total number of atoms:          48
 Total system mass:   576.00000000000000     
Bond order cutoff:0.3000
Iteration Freq. Molecular formula               Molecular mass
       0  48 x  C                                     12.0000
 Total number of molecules:          48
 Total number of atoms:          48
 Total system mass:   576.00000000000000     
Bond order cutoff:0.3000
Iteration Freq. Molecular formula               Molecular mass
       0  48 x  C                                     12.0000
 Total number of molecules:          48
 Total number of atoms:          48
 Total system mass:   576.00000000000000     
Bond order cutoff:0.3000
Iteration Freq. Molecular formula               Molecular mass
       0  48 x  C                                     12.0000
 Total number of molecules:          48
 Total number of atoms:          48
 Total system mass:   576.00000000000000     
Bond order cutoff:0.3000
Iteration Freq. Molecular formula               Molecular mass
       0  48 x  C                                     12.0000
 Total number of molecules:          48
 Total number of atoms:          48
 Total system mass:   576.00000000000000     
Bond order cutoff:0.3000
Iteration Freq. Molecular formula               Molecular mass
       0  48 x  C                                     12.0000
 Total number of molecules:          48
 Total number of atoms:          48
 Total system mass:   576.00000000000000     
Bond order cutoff:0.3000
Iteration Freq. Molecular formula               Molecular mass
       0  48 x  C                                     12.0000
 Total number of molecules:          48
 Total number of atoms:          48
 Total system mass:   576.00000000000000     
Bond order cutoff:0.3000
Iteration Freq. Molecular formula               Molecular mass
       0  48 x  C                                     12.0000
 Total number of molecules:          48
 Total number of atoms:          48
 Total system mass:   576.00000000000000     
Bond order cutoff:0.3000
Iteration Freq. Molecular formula               Molecular mass
       0  48 x  C                                     12.0000
 Total number of molecules:          48
 Total number of atoms:          48
 Total system mass:   576.00000000000000     
Bond order cutoff:0.3000
Iteration Freq. Molecular formula               Molecular mass
       0  48 x  C                                     12.0000
 Total number of molecules:          48
 Total number of atoms:          48
 Total system mass:   576.00000000000000     
Bond order cutoff:0.3000
Iteration Freq. Molecular formula               Molecular mass
       0  48 x  C                                     12.0000
 Total number of molecules:          48
 Total number of atoms:          48
 Total system mass:   576.00000000000000     
Bond order cutoff:0.3000
Iteration Freq. Molecular formula               Molecular mass
       0  48 x  C                                     12.0000
 Total number of molecules:          48
 Total number of atoms:          48
 Total system mass:   576.00000000000000     
