System identifier:mtn_ref                                 
Dipole moment (Debye):      0.0017 Location:      4.9997      4.9999      5.0002 Direction (-side):      1.6998      0.3357     -1.0000
System identifier:mtn_a                                   
Dipole moment (Debye):     63.3093 Location:      6.2190      4.4913      4.4885 Direction (-side):     -0.7055     -1.0000     -0.9994
System identifier:mtn_b                                   
Dipole moment (Debye):     62.9458 Location:      6.1808      4.4640      4.4612 Direction (-side):     -0.7053     -1.0000     -0.9994
System identifier:mtn_c                                   
Dipole moment (Debye):     62.5738 Location:      6.1420      4.4363      4.4336 Direction (-side):     -0.7052     -1.0000     -0.9994
System identifier:mtn_d                                   
Dipole moment (Debye):     62.5493 Location:      6.1105      4.4078      4.4051 Direction (-side):     -0.7164     -1.0000     -0.9994
System identifier:mtn_e                                   
Dipole moment (Debye):     62.1825 Location:      6.0711      4.3795      4.3767 Direction (-side):     -0.7172     -1.0000     -0.9994
System identifier:mtn_z01                                 
Dipole moment (Debye):     61.5426 Location:      6.0261      4.3511      4.3484 Direction (-side):     -0.7102     -1.0000     -0.9994
System identifier:mtn_z02                                 
Dipole moment (Debye):     61.4181 Location:      5.9908      4.3215      4.3188 Direction (-side):     -0.7174     -1.0000     -0.9994
System identifier:mtn_z03                                 
Dipole moment (Debye):     61.5719 Location:      5.9527      4.2915      4.2888 Direction (-side):     -0.7205     -1.0000     -0.9994
System identifier:mtn_z04                                 
Dipole moment (Debye):     61.1751 Location:      5.9111      4.2615      4.2589 Direction (-side):     -0.7209     -1.0000     -0.9994
System identifier:mtn_z05                                 
Dipole moment (Debye):     60.1880 Location:      5.8658      4.2315      4.2289 Direction (-side):     -0.7181     -1.0000     -0.9994
System identifier:mtn_z06                                 
Dipole moment (Debye):     59.4529 Location:      5.8170      4.2012      4.1986 Direction (-side):     -0.7099     -1.0000     -0.9994
