Bond order cutoff:0.3000
Iteration Freq. Molecular formula               Molecular mass
       0   4 x  H                                      1.0080
       0   1 x  C                                     12.0000
 Total number of molecules:           5
 Total number of atoms:           5
 Total system mass:   16.032000000000000     
Bond order cutoff:0.3000
Iteration Freq. Molecular formula               Molecular mass
       0   4 x  H                                      1.0080
       0   1 x  C                                     12.0000
 Total number of molecules:           5
 Total number of atoms:           5
 Total system mass:   16.032000000000000     
Bond order cutoff:0.3000
Iteration Freq. Molecular formula               Molecular mass
       0  56 x  H                                      1.0080
       0  16 x  C                                     12.0000
 Total number of molecules:          72
 Total number of atoms:          72
 Total system mass:   248.44800000000001     
Bond order cutoff:0.3000
Iteration Freq. Molecular formula               Molecular mass
       0  56 x  H                                      1.0080
       0  16 x  C                                     12.0000
 Total number of molecules:          72
 Total number of atoms:          72
 Total system mass:   248.44800000000001     
Bond order cutoff:0.3000
Iteration Freq. Molecular formula               Molecular mass
       0  56 x  H                                      1.0080
       0  16 x  C                                     12.0000
 Total number of molecules:          72
 Total number of atoms:          72
 Total system mass:   248.44800000000001     
Bond order cutoff:0.3000
Iteration Freq. Molecular formula               Molecular mass
       0  56 x  H                                      1.0080
       0  16 x  C                                     12.0000
 Total number of molecules:          72
 Total number of atoms:          72
 Total system mass:   248.44800000000001     
Bond order cutoff:0.3000
Iteration Freq. Molecular formula               Molecular mass
       0  56 x  H                                      1.0080
       0  16 x  C                                     12.0000
 Total number of molecules:          72
 Total number of atoms:          72
 Total system mass:   248.44800000000001     
Bond order cutoff:0.3000
Iteration Freq. Molecular formula               Molecular mass
       0  56 x  H                                      1.0080
       0  16 x  C                                     12.0000
 Total number of molecules:          72
 Total number of atoms:          72
 Total system mass:   248.44800000000001     
Bond order cutoff:0.3000
Iteration Freq. Molecular formula               Molecular mass
       0  56 x  H                                      1.0080
       0  16 x  C                                     12.0000
 Total number of molecules:          72
 Total number of atoms:          72
 Total system mass:   248.44800000000001     
Bond order cutoff:0.3000
Iteration Freq. Molecular formula               Molecular mass
       0  56 x  H                                      1.0080
       0  16 x  C                                     12.0000
 Total number of molecules:          72
 Total number of atoms:          72
 Total system mass:   248.44800000000001     
Bond order cutoff:0.3000
Iteration Freq. Molecular formula               Molecular mass
       0  56 x  H                                      1.0080
       0  16 x  C                                     12.0000
 Total number of molecules:          72
 Total number of atoms:          72
 Total system mass:   248.44800000000001     
Bond order cutoff:0.3000
Iteration Freq. Molecular formula               Molecular mass
       0  56 x  H                                      1.0080
       0  16 x  C                                     12.0000
 Total number of molecules:          72
 Total number of atoms:          72
 Total system mass:   248.44800000000001     
Bond order cutoff:0.3000
Iteration Freq. Molecular formula               Molecular mass
       0  56 x  H                                      1.0080
       0  16 x  C                                     12.0000
 Total number of molecules:          72
 Total number of atoms:          72
 Total system mass:   248.44800000000001     
Bond order cutoff:0.3000
Iteration Freq. Molecular formula               Molecular mass
       0  56 x  H                                      1.0080
       0  16 x  C                                     12.0000
 Total number of molecules:          72
 Total number of atoms:          72
 Total system mass:   248.44800000000001     
Bond order cutoff:0.3000
Iteration Freq. Molecular formula               Molecular mass
       0  56 x  H                                      1.0080
       0  16 x  C                                     12.0000
 Total number of molecules:          72
 Total number of atoms:          72
 Total system mass:   248.44800000000001     
Bond order cutoff:0.3000
Iteration Freq. Molecular formula               Molecular mass
       0  56 x  H                                      1.0080
       0  16 x  C                                     12.0000
 Total number of molecules:          72
 Total number of atoms:          72
 Total system mass:   248.44800000000001     
Bond order cutoff:0.3000
Iteration Freq. Molecular formula               Molecular mass
       0  56 x  H                                      1.0080
       0  16 x  C                                     12.0000
 Total number of molecules:          72
 Total number of atoms:          72
 Total system mass:   248.44800000000001     
Bond order cutoff:0.3000
Iteration Freq. Molecular formula               Molecular mass
       0  56 x  H                                      1.0080
       0  16 x  C                                     12.0000
 Total number of molecules:          72
 Total number of atoms:          72
 Total system mass:   248.44800000000001     
Bond order cutoff:0.3000
Iteration Freq. Molecular formula               Molecular mass
       0  56 x  H                                      1.0080
       0  16 x  C                                     12.0000
 Total number of molecules:          72
 Total number of atoms:          72
 Total system mass:   248.44800000000001     
Bond order cutoff:0.3000
Iteration Freq. Molecular formula               Molecular mass
       0  56 x  H                                      1.0080
       0  16 x  C                                     12.0000
 Total number of molecules:          72
 Total number of atoms:          72
 Total system mass:   248.44800000000001     
Bond order cutoff:0.3000
Iteration Freq. Molecular formula               Molecular mass
       0  56 x  H                                      1.0080
       0  16 x  C                                     12.0000
 Total number of molecules:          72
 Total number of atoms:          72
 Total system mass:   248.44800000000001     
Bond order cutoff:0.3000
Iteration Freq. Molecular formula               Molecular mass
       0  56 x  H                                      1.0080
       0  16 x  C                                     12.0000
 Total number of molecules:          72
 Total number of atoms:          72
 Total system mass:   248.44800000000001     
