Sun Sep  4 12:52:57 PDT 2016
Sun Sep  4 19:06:48 PDT 2016
Sun Sep  4 19:08:34 PDT 2016
Sun Sep  4 19:09:23 PDT 2016
Tue Sep  6 12:27:37 PDT 2016
Mon Sep 12 23:52:34 PDT 2016
Tue Sep 13 00:02:37 PDT 2016
Tue Sep 13 00:03:03 PDT 2016
Tue Sep 13 00:03:07 PDT 2016
Tue Sep 13 00:08:25 PDT 2016
Tue Sep 13 00:09:43 PDT 2016
Tue Sep 13 00:10:40 PDT 2016
Tue Sep 13 00:58:35 PDT 2016
Tue Sep 13 01:01:18 PDT 2016
Tue Sep 13 01:03:09 PDT 2016
Tue Sep 13 01:04:32 PDT 2016
Tue Sep 13 01:08:26 PDT 2016
Tue Sep 13 01:09:18 PDT 2016
Tue Sep 13 01:09:59 PDT 2016
Tue Sep 13 01:11:42 PDT 2016
Tue Sep 13 01:11:57 PDT 2016
Tue Sep 13 01:12:47 PDT 2016
Tue Sep 13 01:14:53 PDT 2016
Tue Sep 13 01:30:53 PDT 2016
Tue Sep 13 01:35:41 PDT 2016
Tue Sep 13 01:35:56 PDT 2016
Tue Sep 13 01:38:03 PDT 2016
Tue Sep 13 01:41:49 PDT 2016
Tue Sep 13 01:50:30 PDT 2016
Tue Sep 13 01:56:38 PDT 2016
Tue Sep 13 02:02:05 PDT 2016
Tue Sep 13 02:03:43 PDT 2016
Tue Sep 13 02:08:12 PDT 2016
Tue Sep 13 11:12:24 PDT 2016
Tue Sep 13 11:12:30 PDT 2016
Tue Sep 13 11:14:29 PDT 2016
Tue Sep 13 11:17:41 PDT 2016
Tue Sep 13 11:19:51 PDT 2016
Tue Sep 13 11:23:05 PDT 2016
Wed Sep 14 03:04:46 PDT 2016
Wed Sep 14 03:11:34 PDT 2016
Wed Sep 14 03:15:49 PDT 2016
Thu Sep 15 15:27:52 PDT 2016
Thu Sep 15 15:31:03 PDT 2016
Sat Sep 17 17:13:02 PDT 2016
Sat Sep 17 17:22:01 PDT 2016
Sat Sep 17 17:38:32 PDT 2016
